0 verbose cli C:\Program Files\nodejs\node.exe C:\Program Files\nodejs\node_modules\npm\bin\npm-cli.js
1 info using npm@10.8.2
2 info using node@v20.17.0
3 silly config load:file:C:\Program Files\nodejs\node_modules\npm\npmrc
4 silly config load:file:C:\Users\eymer\OneDrive\Bureau\julien-site-web-3\client\.npmrc
5 silly config load:file:C:\Users\eymer\.npmrc
6 silly config load:file:C:\Users\eymer\AppData\Roaming\npm\etc\npmrc
7 verbose title npm i
8 verbose argv "i"
9 verbose logfile logs-max:10 dir:C:\Users\eymer\OneDrive\Bureau\julien-site-web-3\client\npm-cache\_logs\2024-12-06T13_24_16_572Z-
10 verbose logfile C:\Users\eymer\OneDrive\Bureau\julien-site-web-3\client\npm-cache\_logs\2024-12-06T13_24_16_572Z-debug-0.log
11 silly packumentCache heap:2197815296 maxSize:549453824 maxEntrySize:274726912
12 silly logfile start cleaning logs, removing 1 files
13 silly logfile done cleaning log files
14 silly idealTree buildDeps
15 silly reify moves {}
16 silly audit bulk request {
16 silly audit   '@alloc/quick-lru': [ '5.2.0' ],
16 silly audit   '@ampproject/remapping': [ '2.3.0' ],
16 silly audit   '@babel/code-frame': [ '7.26.2' ],
16 silly audit   '@babel/compat-data': [ '7.26.2' ],
16 silly audit   '@babel/core': [ '7.26.0' ],
16 silly audit   '@babel/generator': [ '7.26.2' ],
16 silly audit   '@babel/helper-compilation-targets': [ '7.25.9' ],
16 silly audit   '@babel/helper-module-imports': [ '7.25.9' ],
16 silly audit   '@babel/helper-module-transforms': [ '7.26.0' ],
16 silly audit   '@babel/helper-plugin-utils': [ '7.25.9' ],
16 silly audit   '@babel/helper-string-parser': [ '7.25.9' ],
16 silly audit   '@babel/helper-validator-identifier': [ '7.25.9' ],
16 silly audit   '@babel/helper-validator-option': [ '7.25.9' ],
16 silly audit   '@babel/helpers': [ '7.26.0' ],
16 silly audit   '@babel/parser': [ '7.26.2' ],
16 silly audit   '@babel/plugin-transform-react-jsx-self': [ '7.25.9' ],
16 silly audit   '@babel/plugin-transform-react-jsx-source': [ '7.25.9' ],
16 silly audit   '@babel/template': [ '7.25.9' ],
16 silly audit   '@babel/traverse': [ '7.25.9' ],
16 silly audit   globals: [ '11.12.0', '14.0.0', '15.12.0' ],
16 silly audit   '@babel/types': [ '7.26.0' ],
16 silly audit   '@dicebear/adventurer': [ '9.2.2' ],
16 silly audit   '@dicebear/adventurer-neutral': [ '9.2.2' ],
16 silly audit   '@dicebear/avataaars': [ '9.2.2' ],
16 silly audit   '@dicebear/avataaars-neutral': [ '9.2.2' ],
16 silly audit   '@dicebear/big-ears': [ '9.2.2' ],
16 silly audit   '@dicebear/big-ears-neutral': [ '9.2.2' ],
16 silly audit   '@dicebear/big-smile': [ '9.2.2' ],
16 silly audit   '@dicebear/bottts': [ '9.2.2' ],
16 silly audit   '@dicebear/bottts-neutral': [ '9.2.2' ],
16 silly audit   '@dicebear/collection': [ '9.2.2' ],
16 silly audit   '@dicebear/converter': [ '9.2.2' ],
16 silly audit   '@dicebear/core': [ '9.2.2' ],
16 silly audit   '@dicebear/croodles': [ '9.2.2' ],
16 silly audit   '@dicebear/croodles-neutral': [ '9.2.2' ],
16 silly audit   '@dicebear/dylan': [ '9.2.2' ],
16 silly audit   '@dicebear/fun-emoji': [ '9.2.2' ],
16 silly audit   '@dicebear/glass': [ '9.2.2' ],
16 silly audit   '@dicebear/icons': [ '9.2.2' ],
16 silly audit   '@dicebear/identicon': [ '9.2.2' ],
16 silly audit   '@dicebear/initials': [ '9.2.2' ],
16 silly audit   '@dicebear/lorelei': [ '9.2.2' ],
16 silly audit   '@dicebear/lorelei-neutral': [ '9.2.2' ],
16 silly audit   '@dicebear/micah': [ '9.2.2' ],
16 silly audit   '@dicebear/miniavs': [ '9.2.2' ],
16 silly audit   '@dicebear/notionists': [ '9.2.2' ],
16 silly audit   '@dicebear/notionists-neutral': [ '9.2.2' ],
16 silly audit   '@dicebear/open-peeps': [ '9.2.2' ],
16 silly audit   '@dicebear/personas': [ '9.2.2' ],
16 silly audit   '@dicebear/pixel-art': [ '9.2.2' ],
16 silly audit   '@dicebear/pixel-art-neutral': [ '9.2.2' ],
16 silly audit   '@dicebear/rings': [ '9.2.2' ],
16 silly audit   '@dicebear/shapes': [ '9.2.2' ],
16 silly audit   '@dicebear/thumbs': [ '9.2.2' ],
16 silly audit   '@emnapi/runtime': [ '1.3.1' ],
16 silly audit   '@esbuild/aix-ppc64': [ '0.21.5' ],
16 silly audit   '@esbuild/android-arm': [ '0.21.5' ],
16 silly audit   '@esbuild/android-arm64': [ '0.21.5' ],
16 silly audit   '@esbuild/android-x64': [ '0.21.5' ],
16 silly audit   '@esbuild/darwin-arm64': [ '0.21.5' ],
16 silly audit   '@esbuild/darwin-x64': [ '0.21.5' ],
16 silly audit   '@esbuild/freebsd-arm64': [ '0.21.5' ],
16 silly audit   '@esbuild/freebsd-x64': [ '0.21.5' ],
16 silly audit   '@esbuild/linux-arm': [ '0.21.5' ],
16 silly audit   '@esbuild/linux-arm64': [ '0.21.5' ],
16 silly audit   '@esbuild/linux-ia32': [ '0.21.5' ],
16 silly audit   '@esbuild/linux-loong64': [ '0.21.5' ],
16 silly audit   '@esbuild/linux-mips64el': [ '0.21.5' ],
16 silly audit   '@esbuild/linux-ppc64': [ '0.21.5' ],
16 silly audit   '@esbuild/linux-riscv64': [ '0.21.5' ],
16 silly audit   '@esbuild/linux-s390x': [ '0.21.5' ],
16 silly audit   '@esbuild/linux-x64': [ '0.21.5' ],
16 silly audit   '@esbuild/netbsd-x64': [ '0.21.5' ],
16 silly audit   '@esbuild/openbsd-x64': [ '0.21.5' ],
16 silly audit   '@esbuild/sunos-x64': [ '0.21.5' ],
16 silly audit   '@esbuild/win32-arm64': [ '0.21.5' ],
16 silly audit   '@esbuild/win32-ia32': [ '0.21.5' ],
16 silly audit   '@esbuild/win32-x64': [ '0.21.5' ],
16 silly audit   '@eslint-community/eslint-utils': [ '4.4.1' ],
16 silly audit   'eslint-visitor-keys': [ '3.4.3', '4.2.0' ],
16 silly audit   '@eslint-community/regexpp': [ '4.12.1' ],
16 silly audit   '@eslint/config-array': [ '0.18.0' ],
16 silly audit   '@eslint/core': [ '0.7.0' ],
16 silly audit   '@eslint/eslintrc': [ '3.1.0' ],
16 silly audit   '@eslint/js': [ '9.14.0' ],
16 silly audit   '@eslint/object-schema': [ '2.1.4' ],
16 silly audit   '@eslint/plugin-kit': [ '0.2.2' ],
16 silly audit   '@fortawesome/fontawesome-common-types': [ '6.6.0' ],
16 silly audit   '@fortawesome/fontawesome-svg-core': [ '6.6.0' ],
16 silly audit   '@fortawesome/free-solid-svg-icons': [ '6.6.0' ],
16 silly audit   '@fortawesome/react-fontawesome': [ '0.2.2' ],
16 silly audit   '@heroicons/react': [ '2.1.5' ],
16 silly audit   '@humanfs/core': [ '0.19.1' ],
16 silly audit   '@humanfs/node': [ '0.16.6' ],
16 silly audit   '@humanwhocodes/retry': [ '0.3.1', '0.4.1' ],
16 silly audit   '@humanwhocodes/module-importer': [ '1.0.1' ],
16 silly audit   '@img/sharp-darwin-arm64': [ '0.33.5' ],
16 silly audit   '@img/sharp-darwin-x64': [ '0.33.5' ],
16 silly audit   '@img/sharp-libvips-darwin-arm64': [ '1.0.4' ],
16 silly audit   '@img/sharp-libvips-darwin-x64': [ '1.0.4' ],
16 silly audit   '@img/sharp-libvips-linux-arm': [ '1.0.5' ],
16 silly audit   '@img/sharp-libvips-linux-arm64': [ '1.0.4' ],
16 silly audit   '@img/sharp-libvips-linux-s390x': [ '1.0.4' ],
16 silly audit   '@img/sharp-libvips-linux-x64': [ '1.0.4' ],
16 silly audit   '@img/sharp-libvips-linuxmusl-arm64': [ '1.0.4' ],
16 silly audit   '@img/sharp-libvips-linuxmusl-x64': [ '1.0.4' ],
16 silly audit   '@img/sharp-linux-arm': [ '0.33.5' ],
16 silly audit   '@img/sharp-linux-arm64': [ '0.33.5' ],
16 silly audit   '@img/sharp-linux-s390x': [ '0.33.5' ],
16 silly audit   '@img/sharp-linux-x64': [ '0.33.5' ],
16 silly audit   '@img/sharp-linuxmusl-arm64': [ '0.33.5' ],
16 silly audit   '@img/sharp-linuxmusl-x64': [ '0.33.5' ],
16 silly audit   '@img/sharp-wasm32': [ '0.33.5' ],
16 silly audit   '@img/sharp-win32-ia32': [ '0.33.5' ],
16 silly audit   '@img/sharp-win32-x64': [ '0.33.5' ],
16 silly audit   '@isaacs/cliui': [ '8.0.2' ],
16 silly audit   '@jridgewell/gen-mapping': [ '0.3.5' ],
16 silly audit   '@jridgewell/resolve-uri': [ '3.1.2' ],
16 silly audit   '@jridgewell/set-array': [ '1.2.1' ],
16 silly audit   '@jridgewell/sourcemap-codec': [ '1.5.0' ],
16 silly audit   '@jridgewell/trace-mapping': [ '0.3.25' ],
16 silly audit   '@nodelib/fs.scandir': [ '2.1.5' ],
16 silly audit   '@nodelib/fs.stat': [ '2.0.5' ],
16 silly audit   '@nodelib/fs.walk': [ '1.2.8' ],
16 silly audit   '@paypal/paypal-js': [ '8.1.2' ],
16 silly audit   '@paypal/react-paypal-js': [ '8.7.0' ],
16 silly audit   '@paypal/sdk-constants': [ '1.0.150' ],
16 silly audit   '@photostructure/tz-lookup': [ '11.0.0' ],
16 silly audit   '@pkgjs/parseargs': [ '0.11.0' ],
16 silly audit   '@remix-run/router': [ '1.21.0' ],
16 silly audit   '@resvg/resvg-js': [ '2.6.2' ],
16 silly audit   '@resvg/resvg-js-android-arm-eabi': [ '2.6.2' ],
16 silly audit   '@resvg/resvg-js-android-arm64': [ '2.6.2' ],
16 silly audit   '@resvg/resvg-js-darwin-arm64': [ '2.6.2' ],
16 silly audit   '@resvg/resvg-js-darwin-x64': [ '2.6.2' ],
16 silly audit   '@resvg/resvg-js-linux-arm-gnueabihf': [ '2.6.2' ],
16 silly audit   '@resvg/resvg-js-linux-arm64-gnu': [ '2.6.2' ],
16 silly audit   '@resvg/resvg-js-linux-arm64-musl': [ '2.6.2' ],
16 silly audit   '@resvg/resvg-js-linux-x64-gnu': [ '2.6.2' ],
16 silly audit   '@resvg/resvg-js-linux-x64-musl': [ '2.6.2' ],
16 silly audit   '@resvg/resvg-js-win32-arm64-msvc': [ '2.6.2' ],
16 silly audit   '@resvg/resvg-js-win32-ia32-msvc': [ '2.6.2' ],
16 silly audit   '@resvg/resvg-js-win32-x64-msvc': [ '2.6.2' ],
16 silly audit   '@rollup/rollup-android-arm-eabi': [ '4.24.4' ],
16 silly audit   '@rollup/rollup-android-arm64': [ '4.24.4' ],
16 silly audit   '@rollup/rollup-darwin-arm64': [ '4.24.4' ],
16 silly audit   '@rollup/rollup-darwin-x64': [ '4.24.4' ],
16 silly audit   '@rollup/rollup-freebsd-arm64': [ '4.24.4' ],
16 silly audit   '@rollup/rollup-freebsd-x64': [ '4.24.4' ],
16 silly audit   '@rollup/rollup-linux-arm-gnueabihf': [ '4.24.4' ],
16 silly audit   '@rollup/rollup-linux-arm-musleabihf': [ '4.24.4' ],
16 silly audit   '@rollup/rollup-linux-arm64-gnu': [ '4.24.4' ],
16 silly audit   '@rollup/rollup-linux-arm64-musl': [ '4.24.4' ],
16 silly audit   '@rollup/rollup-linux-powerpc64le-gnu': [ '4.24.4' ],
16 silly audit   '@rollup/rollup-linux-riscv64-gnu': [ '4.24.4' ],
16 silly audit   '@rollup/rollup-linux-s390x-gnu': [ '4.24.4' ],
16 silly audit   '@rollup/rollup-linux-x64-gnu': [ '4.24.4' ],
16 silly audit   '@rollup/rollup-linux-x64-musl': [ '4.24.4' ],
16 silly audit   '@rollup/rollup-win32-arm64-msvc': [ '4.24.4' ],
16 silly audit   '@rollup/rollup-win32-ia32-msvc': [ '4.24.4' ],
16 silly audit   '@rollup/rollup-win32-x64-msvc': [ '4.24.4' ],
16 silly audit   '@socket.io/component-emitter': [ '3.1.2' ],
16 silly audit   '@stripe/react-stripe-js': [ '2.8.1' ],
16 silly audit   '@stripe/stripe-js': [ '4.9.0' ],
16 silly audit   '@types/babel__core': [ '7.20.5' ],
16 silly audit   '@types/babel__generator': [ '7.6.8' ],
16 silly audit   '@types/babel__template': [ '7.4.4' ],
16 silly audit   '@types/babel__traverse': [ '7.20.6' ],
16 silly audit   '@types/estree': [ '1.0.6' ],
16 silly audit   '@types/json-schema': [ '7.0.15' ],
16 silly audit   '@types/luxon': [ '3.4.2' ],
16 silly audit   '@types/prop-types': [ '15.7.13' ],
16 silly audit   '@types/react': [ '18.3.12' ],
16 silly audit   '@types/react-dom': [ '18.3.1' ],
16 silly audit   '@vitejs/plugin-react': [ '4.3.3' ],
16 silly audit   acorn: [ '8.14.0' ],
16 silly audit   'acorn-jsx': [ '5.3.2' ],
16 silly audit   ajv: [ '6.12.6' ],
16 silly audit   'ansi-regex': [ '6.1.0', '5.0.1' ],
16 silly audit   'ansi-styles': [ '4.3.0', '6.2.1' ],
16 silly audit   'any-promise': [ '1.3.0' ],
16 silly audit   anymatch: [ '3.1.3' ],
16 silly audit   'append-field': [ '1.0.0' ],
16 silly audit   arg: [ '5.0.2' ],
16 silly audit   argparse: [ '2.0.1' ],
16 silly audit   'array-buffer-byte-length': [ '1.0.1' ],
16 silly audit   'array-includes': [ '3.1.8' ],
16 silly audit   'array.prototype.findlast': [ '1.2.5' ],
16 silly audit   'array.prototype.flat': [ '1.3.2' ],
16 silly audit   'array.prototype.flatmap': [ '1.3.2' ],
16 silly audit   'array.prototype.tosorted': [ '1.1.4' ],
16 silly audit   'arraybuffer.prototype.slice': [ '1.0.3' ],
16 silly audit   asynckit: [ '0.4.0' ],
16 silly audit   autoprefixer: [ '10.4.20' ],
16 silly audit   'available-typed-arrays': [ '1.0.7' ],
16 silly audit   axios: [ '1.7.7' ],
16 silly audit   'balanced-match': [ '1.0.2' ],
16 silly audit   'batch-cluster': [ '13.0.0' ],
16 silly audit   'binary-extensions': [ '2.3.0' ],
16 silly audit   'brace-expansion': [ '1.1.11', '2.0.1' ],
16 silly audit   braces: [ '3.0.3' ],
16 silly audit   browserslist: [ '4.24.2' ],
16 silly audit   'buffer-from': [ '1.1.2' ],
16 silly audit   busboy: [ '1.6.0' ],
16 silly audit   'call-bind': [ '1.0.7' ],
16 silly audit   callsites: [ '3.1.0' ],
16 silly audit   'camelcase-css': [ '2.0.1' ],
16 silly audit   'caniuse-lite': [ '1.0.30001678' ],
16 silly audit   chalk: [ '4.1.2' ],
16 silly audit   chokidar: [ '3.6.0' ],
16 silly audit   'glob-parent': [ '5.1.2', '6.0.2' ],
16 silly audit   cloudinary: [ '2.5.1' ],
16 silly audit   color: [ '4.2.3' ],
16 silly audit   'color-convert': [ '2.0.1' ],
16 silly audit   'color-name': [ '1.1.4' ],
16 silly audit   'color-string': [ '1.9.1' ],
16 silly audit   'combined-stream': [ '1.0.8' ],
16 silly audit   commander: [ '4.1.1' ],
16 silly audit   'concat-map': [ '0.0.1' ],
16 silly audit   'concat-stream': [ '1.6.2' ],
16 silly audit   'convert-source-map': [ '2.0.0' ],
16 silly audit   'core-util-is': [ '1.0.3' ],
16 silly audit   'cross-spawn': [ '7.0.5' ],
16 silly audit   cssesc: [ '3.0.0' ],
16 silly audit   csstype: [ '3.1.3' ],
16 silly audit   'data-view-buffer': [ '1.0.1' ],
16 silly audit   'data-view-byte-length': [ '1.0.1' ],
16 silly audit   'data-view-byte-offset': [ '1.0.0' ],
16 silly audit   debug: [ '4.3.7' ],
16 silly audit   'deep-is': [ '0.1.4' ],
16 silly audit   'define-data-property': [ '1.1.4' ],
16 silly audit   'define-properties': [ '1.2.1' ],
16 silly audit   'delayed-stream': [ '1.0.0' ],
16 silly audit   'detect-libc': [ '2.0.3' ],
16 silly audit   didyoumean: [ '1.2.2' ],
16 silly audit   dlv: [ '1.1.3' ],
16 silly audit   doctrine: [ '2.1.0' ],
16 silly audit   dotenv: [ '16.4.5' ],
16 silly audit   eastasianwidth: [ '0.2.0' ],
16 silly audit   'electron-to-chromium': [ '1.5.52' ],
16 silly audit   'emoji-mart': [ '5.6.0' ],
16 silly audit   'emoji-picker-react': [ '4.12.0' ],
16 silly audit   'emoji-regex': [ '9.2.2', '8.0.0' ],
16 silly audit   'engine.io-client': [ '6.6.2' ],
16 silly audit   'engine.io-parser': [ '5.2.3' ],
16 silly audit   'es-abstract': [ '1.23.3' ],
16 silly audit   'es-define-property': [ '1.0.0' ],
16 silly audit   'es-errors': [ '1.3.0' ],
16 silly audit   'es-iterator-helpers': [ '1.2.0' ],
16 silly audit   'es-object-atoms': [ '1.0.0' ],
16 silly audit   'es-set-tostringtag': [ '2.0.3' ],
16 silly audit   'es-shim-unscopables': [ '1.0.2' ],
16 silly audit   'es-to-primitive': [ '1.2.1' ],
16 silly audit   esbuild: [ '0.21.5' ],
16 silly audit   escalade: [ '3.2.0' ],
16 silly audit   'escape-string-regexp': [ '4.0.0' ],
16 silly audit   eslint: [ '9.14.0' ],
16 silly audit   'eslint-plugin-react': [ '7.37.2' ],
16 silly audit   'eslint-plugin-react-hooks': [ '5.1.0-rc-fb9a90fa48-20240614' ],
16 silly audit   'eslint-plugin-react-refresh': [ '0.4.14' ],
16 silly audit   'eslint-scope': [ '8.2.0' ],
16 silly audit   espree: [ '10.3.0' ],
16 silly audit   esquery: [ '1.6.0' ],
16 silly audit   esrecurse: [ '4.3.0' ],
16 silly audit   estraverse: [ '5.3.0' ],
16 silly audit   esutils: [ '2.0.3' ],
16 silly audit   'exiftool-vendored': [ '28.8.0' ],
16 silly audit   'exiftool-vendored.exe': [ '13.0.0' ],
16 silly audit   'exiftool-vendored.pl': [ '13.0.1' ],
16 silly audit   'fast-deep-equal': [ '3.1.3' ],
16 silly audit   'fast-glob': [ '3.3.2' ],
16 silly audit   'fast-json-stable-stringify': [ '2.1.0' ],
16 silly audit   'fast-levenshtein': [ '2.0.6' ],
16 silly audit   fastq: [ '1.17.1' ],
16 silly audit   'file-entry-cache': [ '8.0.0' ],
16 silly audit   'fill-range': [ '7.1.1' ],
16 silly audit   'find-up': [ '5.0.0' ],
16 silly audit   flairup: [ '1.0.0' ],
16 silly audit   'flat-cache': [ '4.0.1' ],
16 silly audit   flatted: [ '3.3.1' ],
16 silly audit   'follow-redirects': [ '1.15.9' ],
16 silly audit   'for-each': [ '0.3.3' ],
16 silly audit   'foreground-child': [ '3.3.0' ],
16 silly audit   'form-data': [ '4.0.1' ],
16 silly audit   'fraction.js': [ '4.3.7' ],
16 silly audit   fsevents: [ '2.3.3' ],
16 silly audit   'function-bind': [ '1.1.2' ],
16 silly audit   'function.prototype.name': [ '1.1.6' ],
16 silly audit   'functions-have-names': [ '1.2.3' ],
16 silly audit   gensync: [ '1.0.0-beta.2' ],
16 silly audit   'get-intrinsic': [ '1.2.4' ],
16 silly audit   'get-symbol-description': [ '1.0.2' ],
16 silly audit   glob: [ '10.4.5' ],
16 silly audit   minimatch: [ '9.0.5', '3.1.2' ],
16 silly audit   globalthis: [ '1.0.4' ],
16 silly audit   gopd: [ '1.0.1' ],
16 silly audit   'has-bigints': [ '1.0.2' ],
16 silly audit   'has-flag': [ '4.0.0' ],
16 silly audit   'has-property-descriptors': [ '1.0.2' ],
16 silly audit   'has-proto': [ '1.0.3' ],
16 silly audit   'has-symbols': [ '1.0.3' ],
16 silly audit   'has-tostringtag': [ '1.0.2' ],
16 silly audit   hasown: [ '2.0.2' ],
16 silly audit   he: [ '1.2.0' ],
16 silly audit   'hi-base32': [ '0.5.1' ],
16 silly audit   ignore: [ '5.3.2' ],
16 silly audit   'import-fresh': [ '3.3.0' ],
16 silly audit   imurmurhash: [ '0.1.4' ],
16 silly audit   inherits: [ '2.0.4' ],
16 silly audit   'internal-slot': [ '1.0.7' ],
16 silly audit   'is-array-buffer': [ '3.0.4' ],
16 silly audit   'is-arrayish': [ '0.3.2' ],
16 silly audit   'is-async-function': [ '2.0.0' ],
16 silly audit   'is-bigint': [ '1.0.4' ],
16 silly audit   'is-binary-path': [ '2.1.0' ],
16 silly audit   'is-boolean-object': [ '1.1.2' ],
16 silly audit   'is-callable': [ '1.2.7' ],
16 silly audit   'is-core-module': [ '2.15.1' ],
16 silly audit   'is-data-view': [ '1.0.1' ],
16 silly audit   'is-date-object': [ '1.0.5' ],
16 silly audit   'is-extglob': [ '2.1.1' ],
16 silly audit   'is-finalizationregistry': [ '1.0.2' ],
16 silly audit   'is-fullwidth-code-point': [ '3.0.0' ],
16 silly audit   'is-generator-function': [ '1.0.10' ],
16 silly audit   'is-glob': [ '4.0.3' ],
16 silly audit   'is-map': [ '2.0.3' ],
16 silly audit   'is-negative-zero': [ '2.0.3' ],
16 silly audit   'is-number': [ '7.0.0' ],
16 silly audit   'is-number-object': [ '1.0.7' ],
16 silly audit   'is-regex': [ '1.1.4' ],
16 silly audit   'is-set': [ '2.0.3' ],
16 silly audit   'is-shared-array-buffer': [ '1.0.3' ],
16 silly audit   'is-string': [ '1.0.7' ],
16 silly audit   'is-symbol': [ '1.0.4' ],
16 silly audit   'is-typed-array': [ '1.1.13' ],
16 silly audit   'is-weakmap': [ '2.0.2' ],
16 silly audit   'is-weakref': [ '1.0.2' ],
16 silly audit   'is-weakset': [ '2.0.3' ],
16 silly audit   isarray: [ '1.0.0', '2.0.5' ],
16 silly audit   isexe: [ '2.0.0' ],
16 silly audit   'iterator.prototype': [ '1.1.3' ],
16 silly audit   jackspeak: [ '3.4.3' ],
16 silly audit   jiti: [ '1.21.6' ],
16 silly audit   'js-tokens': [ '4.0.0' ],
16 silly audit   'js-yaml': [ '4.1.0' ],
16 silly audit   jsesc: [ '3.0.2' ],
16 silly audit   'json-buffer': [ '3.0.1' ],
16 silly audit   'json-schema-traverse': [ '0.4.1' ],
16 silly audit   'json-stable-stringify-without-jsonify': [ '1.0.1' ],
16 silly audit   json5: [ '2.2.3' ],
16 silly audit   'jsx-ast-utils': [ '3.3.5' ],
16 silly audit   keyv: [ '4.5.4' ],
16 silly audit   levn: [ '0.4.1' ],
16 silly audit   lilconfig: [ '2.1.0', '3.1.2' ],
16 silly audit   'lines-and-columns': [ '1.2.4' ],
16 silly audit   'locate-path': [ '6.0.0' ],
16 silly audit   lodash: [ '4.17.21' ],
16 silly audit   'lodash.merge': [ '4.6.2' ],
16 silly audit   'loose-envify': [ '1.4.0' ],
16 silly audit   'lru-cache': [ '5.1.1', '10.4.3' ],
16 silly audit   luxon: [ '3.5.0' ],
16 silly audit   'media-typer': [ '0.3.0' ],
16 silly audit   merge2: [ '1.4.1' ],
16 silly audit   micromatch: [ '4.0.8' ],
16 silly audit   'mime-db': [ '1.52.0' ],
16 silly audit   'mime-types': [ '2.1.35' ],
16 silly audit   minimist: [ '1.2.8' ],
16 silly audit   minipass: [ '7.1.2' ],
16 silly audit   mkdirp: [ '0.5.6' ],
16 silly audit   moment: [ '2.30.1' ],
16 silly audit   ms: [ '2.1.3' ],
16 silly audit   multer: [ '1.4.5-lts.1' ],
16 silly audit   mz: [ '2.7.0' ],
16 silly audit   nanoid: [ '3.3.7' ],
16 silly audit   'natural-compare': [ '1.4.0' ],
16 silly audit   'node-releases': [ '2.0.18' ],
16 silly audit   'normalize-path': [ '3.0.0' ],
16 silly audit   'normalize-range': [ '0.1.2' ],
16 silly audit   'object-assign': [ '4.1.1' ],
16 silly audit   'object-hash': [ '3.0.0' ],
16 silly audit   'object-inspect': [ '1.13.2' ],
16 silly audit   'object-keys': [ '1.1.1' ],
16 silly audit   'object.assign': [ '4.1.5' ],
16 silly audit   'object.entries': [ '1.1.8' ],
16 silly audit   'object.fromentries': [ '2.0.8' ],
16 silly audit   'object.values': [ '1.2.0' ],
16 silly audit   optionator: [ '0.9.4' ],
16 silly audit   'p-limit': [ '3.1.0' ],
16 silly audit   'p-locate': [ '5.0.0' ],
16 silly audit   'package-json-from-dist': [ '1.0.1' ],
16 silly audit   'parent-module': [ '1.0.1' ],
16 silly audit   'path-exists': [ '4.0.0' ],
16 silly audit   'path-key': [ '3.1.1' ],
16 silly audit   'path-parse': [ '1.0.7' ],
16 silly audit   'path-scurry': [ '1.11.1' ],
16 silly audit   picocolors: [ '1.1.1' ],
16 silly audit   picomatch: [ '2.3.1' ],
16 silly audit   pify: [ '2.3.0' ],
16 silly audit   pirates: [ '4.0.6' ],
16 silly audit   'possible-typed-array-names': [ '1.0.0' ],
16 silly audit   postcss: [ '8.4.47' ],
16 silly audit   'postcss-import': [ '15.1.0' ],
16 silly audit   resolve: [ '1.22.8', '2.0.0-next.5' ],
16 silly audit   'postcss-js': [ '4.0.1' ],
16 silly audit   'postcss-load-config': [ '4.0.2' ],
16 silly audit   'postcss-nested': [ '6.2.0' ],
16 silly audit   'postcss-selector-parser': [ '6.1.2' ],
16 silly audit   'postcss-value-parser': [ '4.2.0' ],
16 silly audit   'prelude-ls': [ '1.2.1' ],
16 silly audit   'process-nextick-args': [ '2.0.1' ],
16 silly audit   'promise-polyfill': [ '8.3.0' ],
16 silly audit   'prop-types': [ '15.8.1' ],
16 silly audit   'proxy-from-env': [ '1.1.0' ],
16 silly audit   punycode: [ '2.3.1' ],
16 silly audit   q: [ '1.5.1' ],
16 silly audit   'queue-microtask': [ '1.2.3' ],
16 silly audit   react: [ '18.3.1' ],
16 silly audit   'react-confirm': [ '0.3.0-7' ],
16 silly audit   'react-dom': [ '18.3.1' ],
16 silly audit   'react-icons': [ '5.3.0' ],
16 silly audit   'react-is': [ '16.13.1' ],
16 silly audit   'react-refresh': [ '0.14.2' ],
16 silly audit   'react-router': [ '6.28.0' ],
16 silly audit   'react-router-dom': [ '6.28.0' ],
16 silly audit   'read-cache': [ '1.0.0' ],
16 silly audit   'readable-stream': [ '2.3.8' ],
16 silly audit   readdirp: [ '3.6.0' ],
16 silly audit   'reflect.getprototypeof': [ '1.0.6' ],
16 silly audit   'regexp.prototype.flags': [ '1.5.3' ],
16 silly audit   'resolve-from': [ '4.0.0' ],
16 silly audit   reusify: [ '1.0.4' ],
16 silly audit   rollup: [ '4.24.4' ],
16 silly audit   'run-parallel': [ '1.2.0' ],
16 silly audit   'safe-array-concat': [ '1.1.2' ],
16 silly audit   'safe-buffer': [ '5.1.2' ],
16 silly audit   'safe-regex-test': [ '1.0.3' ],
16 silly audit   scheduler: [ '0.23.2' ],
16 silly audit   semver: [ '6.3.1', '7.6.3' ],
16 silly audit   'set-function-length': [ '1.2.2' ],
16 silly audit   'set-function-name': [ '2.0.2' ],
16 silly audit   sharp: [ '0.33.5' ],
16 silly audit   'shebang-command': [ '2.0.0' ],
16 silly audit   'shebang-regex': [ '3.0.0' ],
16 silly audit   'side-channel': [ '1.0.6' ],
16 silly audit   'signal-exit': [ '4.1.0' ],
16 silly audit   'simple-swizzle': [ '0.2.2' ],
16 silly audit   'socket.io-client': [ '4.8.1' ],
16 silly audit   'socket.io-parser': [ '4.2.4' ],
16 silly audit   'source-map-js': [ '1.2.1' ],
16 silly audit   streamsearch: [ '1.1.0' ],
16 silly audit   string_decoder: [ '1.1.1' ],
16 silly audit   'string-width': [ '5.1.2', '4.2.3' ],
16 silly audit   'strip-ansi': [ '6.0.1', '7.1.0' ],
16 silly audit   'string.prototype.matchall': [ '4.0.11' ],
16 silly audit   'string.prototype.repeat': [ '1.0.0' ],
16 silly audit   'string.prototype.trim': [ '1.2.9' ],
16 silly audit   'string.prototype.trimend': [ '1.0.8' ],
16 silly audit   'string.prototype.trimstart': [ '1.0.8' ],
16 silly audit   'strip-json-comments': [ '3.1.1' ],
16 silly audit   sucrase: [ '3.35.0' ],
16 silly audit   'supports-color': [ '7.2.0' ],
16 silly audit   'supports-preserve-symlinks-flag': [ '1.0.0' ],
16 silly audit   tailwindcss: [ '3.4.14' ],
16 silly audit   'text-table': [ '0.2.0' ],
16 silly audit   thenify: [ '3.3.1' ],
16 silly audit   'thenify-all': [ '1.6.0' ],
16 silly audit   tmp: [ '0.2.3' ],
16 silly audit   'tmp-promise': [ '3.0.3' ],
16 silly audit   'to-regex-range': [ '5.0.1' ],
16 silly audit   'ts-interface-checker': [ '0.1.13' ],
16 silly audit   tslib: [ '2.8.1' ],
16 silly audit   'type-check': [ '0.4.0' ],
16 silly audit   'type-is': [ '1.6.18' ],
16 silly audit   'typed-array-buffer': [ '1.0.2' ],
16 silly audit   'typed-array-byte-length': [ '1.0.1' ],
16 silly audit   'typed-array-byte-offset': [ '1.0.2' ],
16 silly audit   'typed-array-length': [ '1.0.6' ],
16 silly audit   typedarray: [ '0.0.6' ],
16 silly audit   'unbox-primitive': [ '1.0.2' ],
16 silly audit   'update-browserslist-db': [ '1.1.1' ],
16 silly audit   'uri-js': [ '4.4.1' ],
16 silly audit   'util-deprecate': [ '1.0.2' ],
16 silly audit   vite: [ '5.4.10' ],
16 silly audit   which: [ '2.0.2' ],
16 silly audit   'which-boxed-primitive': [ '1.0.2' ],
16 silly audit   'which-builtin-type': [ '1.1.4' ],
16 silly audit   'which-collection': [ '1.0.2' ],
16 silly audit   'which-typed-array': [ '1.1.15' ],
16 silly audit   'word-wrap': [ '1.2.5' ],
16 silly audit   'wrap-ansi': [ '8.1.0', '7.0.0' ],
16 silly audit   ws: [ '8.17.1' ],
16 silly audit   'xmlhttprequest-ssl': [ '2.1.2' ],
16 silly audit   xtend: [ '4.0.2' ],
16 silly audit   yallist: [ '3.1.1' ],
16 silly audit   yaml: [ '2.6.0' ],
16 silly audit   'yocto-queue': [ '0.1.0' ]
16 silly audit }
17 verbose reify failed optional dependency C:\Users\eymer\OneDrive\Bureau\julien-site-web-3\client\node_modules\fsevents
18 silly reify mark deleted [
18 silly reify   'C:\\Users\\eymer\\OneDrive\\Bureau\\julien-site-web-3\\client\\node_modules\\fsevents'
18 silly reify ]
19 verbose reify failed optional dependency C:\Users\eymer\OneDrive\Bureau\julien-site-web-3\client\node_modules\exiftool-vendored.pl
20 silly reify mark deleted [
20 silly reify   'C:\\Users\\eymer\\OneDrive\\Bureau\\julien-site-web-3\\client\\node_modules\\exiftool-vendored.pl'
20 silly reify ]
21 verbose reify failed optional dependency C:\Users\eymer\OneDrive\Bureau\julien-site-web-3\client\node_modules\@rollup\rollup-win32-ia32-msvc
22 silly reify mark deleted [
22 silly reify   'C:\\Users\\eymer\\OneDrive\\Bureau\\julien-site-web-3\\client\\node_modules\\@rollup\\rollup-win32-ia32-msvc'
22 silly reify ]
23 verbose reify failed optional dependency C:\Users\eymer\OneDrive\Bureau\julien-site-web-3\client\node_modules\@rollup\rollup-win32-arm64-msvc
24 silly reify mark deleted [
24 silly reify   'C:\\Users\\eymer\\OneDrive\\Bureau\\julien-site-web-3\\client\\node_modules\\@rollup\\rollup-win32-arm64-msvc'
24 silly reify ]
25 verbose reify failed optional dependency C:\Users\eymer\OneDrive\Bureau\julien-site-web-3\client\node_modules\@rollup\rollup-linux-x64-musl
26 silly reify mark deleted [
26 silly reify   'C:\\Users\\eymer\\OneDrive\\Bureau\\julien-site-web-3\\client\\node_modules\\@rollup\\rollup-linux-x64-musl'
26 silly reify ]
27 verbose reify failed optional dependency C:\Users\eymer\OneDrive\Bureau\julien-site-web-3\client\node_modules\@rollup\rollup-linux-x64-gnu
28 silly reify mark deleted [
28 silly reify   'C:\\Users\\eymer\\OneDrive\\Bureau\\julien-site-web-3\\client\\node_modules\\@rollup\\rollup-linux-x64-gnu'
28 silly reify ]
29 verbose reify failed optional dependency C:\Users\eymer\OneDrive\Bureau\julien-site-web-3\client\node_modules\@rollup\rollup-linux-s390x-gnu
30 silly reify mark deleted [
30 silly reify   'C:\\Users\\eymer\\OneDrive\\Bureau\\julien-site-web-3\\client\\node_modules\\@rollup\\rollup-linux-s390x-gnu'
30 silly reify ]
31 verbose reify failed optional dependency C:\Users\eymer\OneDrive\Bureau\julien-site-web-3\client\node_modules\@rollup\rollup-linux-riscv64-gnu
32 silly reify mark deleted [
32 silly reify   'C:\\Users\\eymer\\OneDrive\\Bureau\\julien-site-web-3\\client\\node_modules\\@rollup\\rollup-linux-riscv64-gnu'
32 silly reify ]
33 verbose reify failed optional dependency C:\Users\eymer\OneDrive\Bureau\julien-site-web-3\client\node_modules\@rollup\rollup-linux-powerpc64le-gnu
34 silly reify mark deleted [
34 silly reify   'C:\\Users\\eymer\\OneDrive\\Bureau\\julien-site-web-3\\client\\node_modules\\@rollup\\rollup-linux-powerpc64le-gnu'
34 silly reify ]
35 verbose reify failed optional dependency C:\Users\eymer\OneDrive\Bureau\julien-site-web-3\client\node_modules\@rollup\rollup-linux-arm64-musl
36 silly reify mark deleted [
36 silly reify   'C:\\Users\\eymer\\OneDrive\\Bureau\\julien-site-web-3\\client\\node_modules\\@rollup\\rollup-linux-arm64-musl'
36 silly reify ]
37 verbose reify failed optional dependency C:\Users\eymer\OneDrive\Bureau\julien-site-web-3\client\node_modules\@rollup\rollup-linux-arm64-gnu
38 silly reify mark deleted [
38 silly reify   'C:\\Users\\eymer\\OneDrive\\Bureau\\julien-site-web-3\\client\\node_modules\\@rollup\\rollup-linux-arm64-gnu'
38 silly reify ]
39 verbose reify failed optional dependency C:\Users\eymer\OneDrive\Bureau\julien-site-web-3\client\node_modules\@rollup\rollup-linux-arm-musleabihf
40 silly reify mark deleted [
40 silly reify   'C:\\Users\\eymer\\OneDrive\\Bureau\\julien-site-web-3\\client\\node_modules\\@rollup\\rollup-linux-arm-musleabihf'
40 silly reify ]
41 verbose reify failed optional dependency C:\Users\eymer\OneDrive\Bureau\julien-site-web-3\client\node_modules\@rollup\rollup-linux-arm-gnueabihf
42 silly reify mark deleted [
42 silly reify   'C:\\Users\\eymer\\OneDrive\\Bureau\\julien-site-web-3\\client\\node_modules\\@rollup\\rollup-linux-arm-gnueabihf'
42 silly reify ]
43 verbose reify failed optional dependency C:\Users\eymer\OneDrive\Bureau\julien-site-web-3\client\node_modules\@rollup\rollup-freebsd-x64
44 silly reify mark deleted [
44 silly reify   'C:\\Users\\eymer\\OneDrive\\Bureau\\julien-site-web-3\\client\\node_modules\\@rollup\\rollup-freebsd-x64'
44 silly reify ]
45 verbose reify failed optional dependency C:\Users\eymer\OneDrive\Bureau\julien-site-web-3\client\node_modules\@rollup\rollup-freebsd-arm64
46 silly reify mark deleted [
46 silly reify   'C:\\Users\\eymer\\OneDrive\\Bureau\\julien-site-web-3\\client\\node_modules\\@rollup\\rollup-freebsd-arm64'
46 silly reify ]
47 verbose reify failed optional dependency C:\Users\eymer\OneDrive\Bureau\julien-site-web-3\client\node_modules\@rollup\rollup-darwin-x64
48 silly reify mark deleted [
48 silly reify   'C:\\Users\\eymer\\OneDrive\\Bureau\\julien-site-web-3\\client\\node_modules\\@rollup\\rollup-darwin-x64'
48 silly reify ]
49 verbose reify failed optional dependency C:\Users\eymer\OneDrive\Bureau\julien-site-web-3\client\node_modules\@rollup\rollup-darwin-arm64
50 silly reify mark deleted [
50 silly reify   'C:\\Users\\eymer\\OneDrive\\Bureau\\julien-site-web-3\\client\\node_modules\\@rollup\\rollup-darwin-arm64'
50 silly reify ]
51 verbose reify failed optional dependency C:\Users\eymer\OneDrive\Bureau\julien-site-web-3\client\node_modules\@rollup\rollup-android-arm64
52 silly reify mark deleted [
52 silly reify   'C:\\Users\\eymer\\OneDrive\\Bureau\\julien-site-web-3\\client\\node_modules\\@rollup\\rollup-android-arm64'
52 silly reify ]
53 verbose reify failed optional dependency C:\Users\eymer\OneDrive\Bureau\julien-site-web-3\client\node_modules\@rollup\rollup-android-arm-eabi
54 silly reify mark deleted [
54 silly reify   'C:\\Users\\eymer\\OneDrive\\Bureau\\julien-site-web-3\\client\\node_modules\\@rollup\\rollup-android-arm-eabi'
54 silly reify ]
55 verbose reify failed optional dependency C:\Users\eymer\OneDrive\Bureau\julien-site-web-3\client\node_modules\@resvg\resvg-js-win32-ia32-msvc
56 silly reify mark deleted [
56 silly reify   'C:\\Users\\eymer\\OneDrive\\Bureau\\julien-site-web-3\\client\\node_modules\\@resvg\\resvg-js-win32-ia32-msvc'
56 silly reify ]
57 verbose reify failed optional dependency C:\Users\eymer\OneDrive\Bureau\julien-site-web-3\client\node_modules\@resvg\resvg-js-win32-arm64-msvc
58 silly reify mark deleted [
58 silly reify   'C:\\Users\\eymer\\OneDrive\\Bureau\\julien-site-web-3\\client\\node_modules\\@resvg\\resvg-js-win32-arm64-msvc'
58 silly reify ]
59 verbose reify failed optional dependency C:\Users\eymer\OneDrive\Bureau\julien-site-web-3\client\node_modules\@resvg\resvg-js-linux-x64-musl
60 silly reify mark deleted [
60 silly reify   'C:\\Users\\eymer\\OneDrive\\Bureau\\julien-site-web-3\\client\\node_modules\\@resvg\\resvg-js-linux-x64-musl'
60 silly reify ]
61 verbose reify failed optional dependency C:\Users\eymer\OneDrive\Bureau\julien-site-web-3\client\node_modules\@resvg\resvg-js-linux-x64-gnu
62 silly reify mark deleted [
62 silly reify   'C:\\Users\\eymer\\OneDrive\\Bureau\\julien-site-web-3\\client\\node_modules\\@resvg\\resvg-js-linux-x64-gnu'
62 silly reify ]
63 verbose reify failed optional dependency C:\Users\eymer\OneDrive\Bureau\julien-site-web-3\client\node_modules\@resvg\resvg-js-linux-arm64-musl
64 silly reify mark deleted [
64 silly reify   'C:\\Users\\eymer\\OneDrive\\Bureau\\julien-site-web-3\\client\\node_modules\\@resvg\\resvg-js-linux-arm64-musl'
64 silly reify ]
65 verbose reify failed optional dependency C:\Users\eymer\OneDrive\Bureau\julien-site-web-3\client\node_modules\@resvg\resvg-js-linux-arm64-gnu
66 silly reify mark deleted [
66 silly reify   'C:\\Users\\eymer\\OneDrive\\Bureau\\julien-site-web-3\\client\\node_modules\\@resvg\\resvg-js-linux-arm64-gnu'
66 silly reify ]
67 verbose reify failed optional dependency C:\Users\eymer\OneDrive\Bureau\julien-site-web-3\client\node_modules\@resvg\resvg-js-linux-arm-gnueabihf
68 silly reify mark deleted [
68 silly reify   'C:\\Users\\eymer\\OneDrive\\Bureau\\julien-site-web-3\\client\\node_modules\\@resvg\\resvg-js-linux-arm-gnueabihf'
68 silly reify ]
69 verbose reify failed optional dependency C:\Users\eymer\OneDrive\Bureau\julien-site-web-3\client\node_modules\@resvg\resvg-js-darwin-x64
70 silly reify mark deleted [
70 silly reify   'C:\\Users\\eymer\\OneDrive\\Bureau\\julien-site-web-3\\client\\node_modules\\@resvg\\resvg-js-darwin-x64'
70 silly reify ]
71 verbose reify failed optional dependency C:\Users\eymer\OneDrive\Bureau\julien-site-web-3\client\node_modules\@resvg\resvg-js-darwin-arm64
72 silly reify mark deleted [
72 silly reify   'C:\\Users\\eymer\\OneDrive\\Bureau\\julien-site-web-3\\client\\node_modules\\@resvg\\resvg-js-darwin-arm64'
72 silly reify ]
73 verbose reify failed optional dependency C:\Users\eymer\OneDrive\Bureau\julien-site-web-3\client\node_modules\@resvg\resvg-js-android-arm64
74 silly reify mark deleted [
74 silly reify   'C:\\Users\\eymer\\OneDrive\\Bureau\\julien-site-web-3\\client\\node_modules\\@resvg\\resvg-js-android-arm64'
74 silly reify ]
75 verbose reify failed optional dependency C:\Users\eymer\OneDrive\Bureau\julien-site-web-3\client\node_modules\@resvg\resvg-js-android-arm-eabi
76 silly reify mark deleted [
76 silly reify   'C:\\Users\\eymer\\OneDrive\\Bureau\\julien-site-web-3\\client\\node_modules\\@resvg\\resvg-js-android-arm-eabi'
76 silly reify ]
77 verbose reify failed optional dependency C:\Users\eymer\OneDrive\Bureau\julien-site-web-3\client\node_modules\@img\sharp-win32-ia32
78 silly reify mark deleted [
78 silly reify   'C:\\Users\\eymer\\OneDrive\\Bureau\\julien-site-web-3\\client\\node_modules\\@img\\sharp-win32-ia32'
78 silly reify ]
79 verbose reify failed optional dependency C:\Users\eymer\OneDrive\Bureau\julien-site-web-3\client\node_modules\@img\sharp-wasm32
80 silly reify mark deleted [
80 silly reify   'C:\\Users\\eymer\\OneDrive\\Bureau\\julien-site-web-3\\client\\node_modules\\@img\\sharp-wasm32'
80 silly reify ]
81 verbose reify failed optional dependency C:\Users\eymer\OneDrive\Bureau\julien-site-web-3\client\node_modules\@emnapi\runtime
82 silly reify mark deleted [
82 silly reify   'C:\\Users\\eymer\\OneDrive\\Bureau\\julien-site-web-3\\client\\node_modules\\@emnapi\\runtime'
82 silly reify ]
83 verbose reify failed optional dependency C:\Users\eymer\OneDrive\Bureau\julien-site-web-3\client\node_modules\tslib
84 silly reify mark deleted [
84 silly reify   'C:\\Users\\eymer\\OneDrive\\Bureau\\julien-site-web-3\\client\\node_modules\\tslib'
84 silly reify ]
85 verbose reify failed optional dependency C:\Users\eymer\OneDrive\Bureau\julien-site-web-3\client\node_modules\@img\sharp-linuxmusl-x64
86 silly reify mark deleted [
86 silly reify   'C:\\Users\\eymer\\OneDrive\\Bureau\\julien-site-web-3\\client\\node_modules\\@img\\sharp-linuxmusl-x64'
86 silly reify ]
87 verbose reify failed optional dependency C:\Users\eymer\OneDrive\Bureau\julien-site-web-3\client\node_modules\@img\sharp-linuxmusl-arm64
88 silly reify mark deleted [
88 silly reify   'C:\\Users\\eymer\\OneDrive\\Bureau\\julien-site-web-3\\client\\node_modules\\@img\\sharp-linuxmusl-arm64'
88 silly reify ]
89 verbose reify failed optional dependency C:\Users\eymer\OneDrive\Bureau\julien-site-web-3\client\node_modules\@img\sharp-linux-x64
90 silly reify mark deleted [
90 silly reify   'C:\\Users\\eymer\\OneDrive\\Bureau\\julien-site-web-3\\client\\node_modules\\@img\\sharp-linux-x64'
90 silly reify ]
91 verbose reify failed optional dependency C:\Users\eymer\OneDrive\Bureau\julien-site-web-3\client\node_modules\@img\sharp-linux-s390x
92 silly reify mark deleted [
92 silly reify   'C:\\Users\\eymer\\OneDrive\\Bureau\\julien-site-web-3\\client\\node_modules\\@img\\sharp-linux-s390x'
92 silly reify ]
93 verbose reify failed optional dependency C:\Users\eymer\OneDrive\Bureau\julien-site-web-3\client\node_modules\@img\sharp-linux-arm64
94 silly reify mark deleted [
94 silly reify   'C:\\Users\\eymer\\OneDrive\\Bureau\\julien-site-web-3\\client\\node_modules\\@img\\sharp-linux-arm64'
94 silly reify ]
95 verbose reify failed optional dependency C:\Users\eymer\OneDrive\Bureau\julien-site-web-3\client\node_modules\@img\sharp-linux-arm
96 silly reify mark deleted [
96 silly reify   'C:\\Users\\eymer\\OneDrive\\Bureau\\julien-site-web-3\\client\\node_modules\\@img\\sharp-linux-arm'
96 silly reify ]
97 verbose reify failed optional dependency C:\Users\eymer\OneDrive\Bureau\julien-site-web-3\client\node_modules\@img\sharp-libvips-linuxmusl-x64
98 silly reify mark deleted [
98 silly reify   'C:\\Users\\eymer\\OneDrive\\Bureau\\julien-site-web-3\\client\\node_modules\\@img\\sharp-libvips-linuxmusl-x64'
98 silly reify ]
99 verbose reify failed optional dependency C:\Users\eymer\OneDrive\Bureau\julien-site-web-3\client\node_modules\@img\sharp-libvips-linuxmusl-arm64
100 silly reify mark deleted [
100 silly reify   'C:\\Users\\eymer\\OneDrive\\Bureau\\julien-site-web-3\\client\\node_modules\\@img\\sharp-libvips-linuxmusl-arm64'
100 silly reify ]
101 verbose reify failed optional dependency C:\Users\eymer\OneDrive\Bureau\julien-site-web-3\client\node_modules\@img\sharp-libvips-linux-x64
102 silly reify mark deleted [
102 silly reify   'C:\\Users\\eymer\\OneDrive\\Bureau\\julien-site-web-3\\client\\node_modules\\@img\\sharp-libvips-linux-x64'
102 silly reify ]
103 verbose reify failed optional dependency C:\Users\eymer\OneDrive\Bureau\julien-site-web-3\client\node_modules\@img\sharp-libvips-linux-s390x
104 silly reify mark deleted [
104 silly reify   'C:\\Users\\eymer\\OneDrive\\Bureau\\julien-site-web-3\\client\\node_modules\\@img\\sharp-libvips-linux-s390x'
104 silly reify ]
105 verbose reify failed optional dependency C:\Users\eymer\OneDrive\Bureau\julien-site-web-3\client\node_modules\@img\sharp-libvips-linux-arm64
106 silly reify mark deleted [
106 silly reify   'C:\\Users\\eymer\\OneDrive\\Bureau\\julien-site-web-3\\client\\node_modules\\@img\\sharp-libvips-linux-arm64'
106 silly reify ]
107 verbose reify failed optional dependency C:\Users\eymer\OneDrive\Bureau\julien-site-web-3\client\node_modules\@img\sharp-libvips-linux-arm
108 silly reify mark deleted [
108 silly reify   'C:\\Users\\eymer\\OneDrive\\Bureau\\julien-site-web-3\\client\\node_modules\\@img\\sharp-libvips-linux-arm'
108 silly reify ]
109 verbose reify failed optional dependency C:\Users\eymer\OneDrive\Bureau\julien-site-web-3\client\node_modules\@img\sharp-libvips-darwin-x64
110 silly reify mark deleted [
110 silly reify   'C:\\Users\\eymer\\OneDrive\\Bureau\\julien-site-web-3\\client\\node_modules\\@img\\sharp-libvips-darwin-x64'
110 silly reify ]
111 verbose reify failed optional dependency C:\Users\eymer\OneDrive\Bureau\julien-site-web-3\client\node_modules\@img\sharp-libvips-darwin-arm64
112 silly reify mark deleted [
112 silly reify   'C:\\Users\\eymer\\OneDrive\\Bureau\\julien-site-web-3\\client\\node_modules\\@img\\sharp-libvips-darwin-arm64'
112 silly reify ]
113 verbose reify failed optional dependency C:\Users\eymer\OneDrive\Bureau\julien-site-web-3\client\node_modules\@img\sharp-darwin-x64
114 silly reify mark deleted [
114 silly reify   'C:\\Users\\eymer\\OneDrive\\Bureau\\julien-site-web-3\\client\\node_modules\\@img\\sharp-darwin-x64'
114 silly reify ]
115 verbose reify failed optional dependency C:\Users\eymer\OneDrive\Bureau\julien-site-web-3\client\node_modules\@img\sharp-darwin-arm64
116 silly reify mark deleted [
116 silly reify   'C:\\Users\\eymer\\OneDrive\\Bureau\\julien-site-web-3\\client\\node_modules\\@img\\sharp-darwin-arm64'
116 silly reify ]
117 verbose reify failed optional dependency C:\Users\eymer\OneDrive\Bureau\julien-site-web-3\client\node_modules\@esbuild\win32-ia32
118 silly reify mark deleted [
118 silly reify   'C:\\Users\\eymer\\OneDrive\\Bureau\\julien-site-web-3\\client\\node_modules\\@esbuild\\win32-ia32'
118 silly reify ]
119 verbose reify failed optional dependency C:\Users\eymer\OneDrive\Bureau\julien-site-web-3\client\node_modules\@esbuild\win32-arm64
120 silly reify mark deleted [
120 silly reify   'C:\\Users\\eymer\\OneDrive\\Bureau\\julien-site-web-3\\client\\node_modules\\@esbuild\\win32-arm64'
120 silly reify ]
121 verbose reify failed optional dependency C:\Users\eymer\OneDrive\Bureau\julien-site-web-3\client\node_modules\@esbuild\sunos-x64
122 silly reify mark deleted [
122 silly reify   'C:\\Users\\eymer\\OneDrive\\Bureau\\julien-site-web-3\\client\\node_modules\\@esbuild\\sunos-x64'
122 silly reify ]
123 verbose reify failed optional dependency C:\Users\eymer\OneDrive\Bureau\julien-site-web-3\client\node_modules\@esbuild\openbsd-x64
124 silly reify mark deleted [
124 silly reify   'C:\\Users\\eymer\\OneDrive\\Bureau\\julien-site-web-3\\client\\node_modules\\@esbuild\\openbsd-x64'
124 silly reify ]
125 verbose reify failed optional dependency C:\Users\eymer\OneDrive\Bureau\julien-site-web-3\client\node_modules\@esbuild\netbsd-x64
126 silly reify mark deleted [
126 silly reify   'C:\\Users\\eymer\\OneDrive\\Bureau\\julien-site-web-3\\client\\node_modules\\@esbuild\\netbsd-x64'
126 silly reify ]
127 verbose reify failed optional dependency C:\Users\eymer\OneDrive\Bureau\julien-site-web-3\client\node_modules\@esbuild\linux-x64
128 silly reify mark deleted [
128 silly reify   'C:\\Users\\eymer\\OneDrive\\Bureau\\julien-site-web-3\\client\\node_modules\\@esbuild\\linux-x64'
128 silly reify ]
129 verbose reify failed optional dependency C:\Users\eymer\OneDrive\Bureau\julien-site-web-3\client\node_modules\@esbuild\linux-s390x
130 silly reify mark deleted [
130 silly reify   'C:\\Users\\eymer\\OneDrive\\Bureau\\julien-site-web-3\\client\\node_modules\\@esbuild\\linux-s390x'
130 silly reify ]
131 verbose reify failed optional dependency C:\Users\eymer\OneDrive\Bureau\julien-site-web-3\client\node_modules\@esbuild\linux-riscv64
132 silly reify mark deleted [
132 silly reify   'C:\\Users\\eymer\\OneDrive\\Bureau\\julien-site-web-3\\client\\node_modules\\@esbuild\\linux-riscv64'
132 silly reify ]
133 verbose reify failed optional dependency C:\Users\eymer\OneDrive\Bureau\julien-site-web-3\client\node_modules\@esbuild\linux-ppc64
134 silly reify mark deleted [
134 silly reify   'C:\\Users\\eymer\\OneDrive\\Bureau\\julien-site-web-3\\client\\node_modules\\@esbuild\\linux-ppc64'
134 silly reify ]
135 verbose reify failed optional dependency C:\Users\eymer\OneDrive\Bureau\julien-site-web-3\client\node_modules\@esbuild\linux-mips64el
136 silly reify mark deleted [
136 silly reify   'C:\\Users\\eymer\\OneDrive\\Bureau\\julien-site-web-3\\client\\node_modules\\@esbuild\\linux-mips64el'
136 silly reify ]
137 verbose reify failed optional dependency C:\Users\eymer\OneDrive\Bureau\julien-site-web-3\client\node_modules\@esbuild\linux-loong64
138 silly reify mark deleted [
138 silly reify   'C:\\Users\\eymer\\OneDrive\\Bureau\\julien-site-web-3\\client\\node_modules\\@esbuild\\linux-loong64'
138 silly reify ]
139 verbose reify failed optional dependency C:\Users\eymer\OneDrive\Bureau\julien-site-web-3\client\node_modules\@esbuild\linux-ia32
140 silly reify mark deleted [
140 silly reify   'C:\\Users\\eymer\\OneDrive\\Bureau\\julien-site-web-3\\client\\node_modules\\@esbuild\\linux-ia32'
140 silly reify ]
141 verbose reify failed optional dependency C:\Users\eymer\OneDrive\Bureau\julien-site-web-3\client\node_modules\@esbuild\linux-arm64
142 silly reify mark deleted [
142 silly reify   'C:\\Users\\eymer\\OneDrive\\Bureau\\julien-site-web-3\\client\\node_modules\\@esbuild\\linux-arm64'
142 silly reify ]
143 verbose reify failed optional dependency C:\Users\eymer\OneDrive\Bureau\julien-site-web-3\client\node_modules\@esbuild\linux-arm
144 silly reify mark deleted [
144 silly reify   'C:\\Users\\eymer\\OneDrive\\Bureau\\julien-site-web-3\\client\\node_modules\\@esbuild\\linux-arm'
144 silly reify ]
145 verbose reify failed optional dependency C:\Users\eymer\OneDrive\Bureau\julien-site-web-3\client\node_modules\@esbuild\freebsd-x64
146 silly reify mark deleted [
146 silly reify   'C:\\Users\\eymer\\OneDrive\\Bureau\\julien-site-web-3\\client\\node_modules\\@esbuild\\freebsd-x64'
146 silly reify ]
147 verbose reify failed optional dependency C:\Users\eymer\OneDrive\Bureau\julien-site-web-3\client\node_modules\@esbuild\freebsd-arm64
148 silly reify mark deleted [
148 silly reify   'C:\\Users\\eymer\\OneDrive\\Bureau\\julien-site-web-3\\client\\node_modules\\@esbuild\\freebsd-arm64'
148 silly reify ]
149 verbose reify failed optional dependency C:\Users\eymer\OneDrive\Bureau\julien-site-web-3\client\node_modules\@esbuild\darwin-x64
150 silly reify mark deleted [
150 silly reify   'C:\\Users\\eymer\\OneDrive\\Bureau\\julien-site-web-3\\client\\node_modules\\@esbuild\\darwin-x64'
150 silly reify ]
151 verbose reify failed optional dependency C:\Users\eymer\OneDrive\Bureau\julien-site-web-3\client\node_modules\@esbuild\darwin-arm64
152 silly reify mark deleted [
152 silly reify   'C:\\Users\\eymer\\OneDrive\\Bureau\\julien-site-web-3\\client\\node_modules\\@esbuild\\darwin-arm64'
152 silly reify ]
153 verbose reify failed optional dependency C:\Users\eymer\OneDrive\Bureau\julien-site-web-3\client\node_modules\@esbuild\android-x64
154 silly reify mark deleted [
154 silly reify   'C:\\Users\\eymer\\OneDrive\\Bureau\\julien-site-web-3\\client\\node_modules\\@esbuild\\android-x64'
154 silly reify ]
155 verbose reify failed optional dependency C:\Users\eymer\OneDrive\Bureau\julien-site-web-3\client\node_modules\@esbuild\android-arm64
156 silly reify mark deleted [
156 silly reify   'C:\\Users\\eymer\\OneDrive\\Bureau\\julien-site-web-3\\client\\node_modules\\@esbuild\\android-arm64'
156 silly reify ]
157 verbose reify failed optional dependency C:\Users\eymer\OneDrive\Bureau\julien-site-web-3\client\node_modules\@esbuild\android-arm
158 silly reify mark deleted [
158 silly reify   'C:\\Users\\eymer\\OneDrive\\Bureau\\julien-site-web-3\\client\\node_modules\\@esbuild\\android-arm'
158 silly reify ]
159 verbose reify failed optional dependency C:\Users\eymer\OneDrive\Bureau\julien-site-web-3\client\node_modules\@esbuild\aix-ppc64
160 silly reify mark deleted [
160 silly reify   'C:\\Users\\eymer\\OneDrive\\Bureau\\julien-site-web-3\\client\\node_modules\\@esbuild\\aix-ppc64'
160 silly reify ]
161 http fetch POST 200 https://registry.npmjs.org/-/npm/v1/security/advisories/bulk 4377ms
162 silly audit report {
162 silly audit report   '@eslint/plugin-kit': [
162 silly audit report     {
162 silly audit report       id: 1100564,
162 silly audit report       url: 'https://github.com/advisories/GHSA-7q7g-4xm8-89cq',
162 silly audit report       title: 'Regular Expression Denial of Service (ReDoS) in @eslint/plugin-kit',
162 silly audit report       severity: 'low',
162 silly audit report       vulnerable_versions: '<0.2.3',
162 silly audit report       cwe: [Array],
162 silly audit report       cvss: [Object]
162 silly audit report     }
162 silly audit report   ]
162 silly audit report }
163 silly packumentCache corgi:https://registry.npmjs.org/@eslint%2fplugin-kit cache-miss
164 warn deprecated q@1.5.1: You or someone you depend on is using Q, the JavaScript Promise library that gave JavaScript developers strong feelings about promises. They can almost certainly migrate to the native JavaScript promise now. Thank you literally everyone for joining me in this bet against the odds. Be excellent to each other.
164 warn deprecated
164 warn deprecated (For a CapTP with native promises, see @endo/eventual-send and @endo/captp)
165 http fetch GET 200 https://registry.npmjs.org/@eslint%2fplugin-kit 1761ms (cache miss)
166 silly packumentCache corgi:https://registry.npmjs.org/@eslint%2fplugin-kit set size:undefined disposed:false
167 silly packumentCache corgi:https://registry.npmjs.org/eslint cache-miss
168 http fetch GET 200 https://registry.npmjs.org/eslint 1489ms (cache miss)
169 silly packumentCache corgi:https://registry.npmjs.org/eslint set size:undefined disposed:false
170 info run sharp@0.33.5 install node_modules/sharp node install/check
171 info run sharp@0.33.5 install { code: 0, signal: null }
172 info run esbuild@0.21.5 postinstall node_modules/esbuild node install.js
173 info run esbuild@0.21.5 postinstall { code: 0, signal: null }
174 silly ADD node_modules/yocto-queue
175 silly ADD node_modules/yaml
176 silly ADD node_modules/yallist
177 silly ADD node_modules/xtend
178 silly ADD node_modules/xmlhttprequest-ssl
179 silly ADD node_modules/ws
180 silly ADD node_modules/wrap-ansi-cjs
181 silly ADD node_modules/wrap-ansi-cjs/node_modules/strip-ansi
182 silly ADD node_modules/wrap-ansi-cjs/node_modules/string-width
183 silly ADD node_modules/wrap-ansi-cjs/node_modules/emoji-regex
184 silly ADD node_modules/wrap-ansi-cjs/node_modules/ansi-regex
185 silly ADD node_modules/wrap-ansi
186 silly ADD node_modules/wrap-ansi/node_modules/ansi-styles
187 silly ADD node_modules/word-wrap
188 silly ADD node_modules/which-typed-array
189 silly ADD node_modules/which-collection
190 silly ADD node_modules/which-builtin-type
191 silly ADD node_modules/which-builtin-type/node_modules/isarray
192 silly ADD node_modules/which-boxed-primitive
193 silly ADD node_modules/which
194 silly ADD node_modules/vite
195 silly ADD node_modules/util-deprecate
196 silly ADD node_modules/uri-js
197 silly ADD node_modules/update-browserslist-db
198 silly ADD node_modules/unbox-primitive
199 silly ADD node_modules/typedarray
200 silly ADD node_modules/typed-array-length
201 silly ADD node_modules/typed-array-byte-offset
202 silly ADD node_modules/typed-array-byte-length
203 silly ADD node_modules/typed-array-buffer
204 silly ADD node_modules/type-is
205 silly ADD node_modules/type-check
206 silly ADD
207 silly ADD node_modules/ts-interface-checker
208 silly ADD node_modules/to-regex-range
209 silly ADD node_modules/tmp-promise
210 silly ADD node_modules/tmp
211 silly ADD node_modules/thenify-all
212 silly ADD node_modules/thenify
213 silly ADD node_modules/text-table
214 silly ADD node_modules/tailwindcss
215 silly ADD node_modules/tailwindcss/node_modules/resolve
216 silly ADD node_modules/supports-preserve-symlinks-flag
217 silly ADD node_modules/supports-color
218 silly ADD node_modules/sucrase
219 silly ADD node_modules/strip-json-comments
220 silly ADD node_modules/strip-ansi-cjs
221 silly ADD node_modules/strip-ansi-cjs/node_modules/ansi-regex
222 silly ADD node_modules/strip-ansi
223 silly ADD node_modules/string.prototype.trimstart
224 silly ADD node_modules/string.prototype.trimend
225 silly ADD node_modules/string.prototype.trim
226 silly ADD node_modules/string.prototype.repeat
227 silly ADD node_modules/string.prototype.matchall
228 silly ADD node_modules/string-width-cjs
229 silly ADD node_modules/string-width-cjs/node_modules/strip-ansi
230 silly ADD node_modules/string-width-cjs/node_modules/emoji-regex
231 silly ADD node_modules/string-width-cjs/node_modules/ansi-regex
232 silly ADD node_modules/string-width
233 silly ADD node_modules/string_decoder
234 silly ADD node_modules/streamsearch
235 silly ADD node_modules/source-map-js
236 silly ADD node_modules/socket.io-parser
237 silly ADD node_modules/socket.io-client
238 silly ADD node_modules/simple-swizzle
239 silly ADD node_modules/signal-exit
240 silly ADD node_modules/side-channel
241 silly ADD node_modules/shebang-regex
242 silly ADD node_modules/shebang-command
243 silly ADD node_modules/sharp
244 silly ADD node_modules/sharp/node_modules/semver
245 silly ADD node_modules/set-function-name
246 silly ADD node_modules/set-function-length
247 silly ADD node_modules/semver
248 silly ADD node_modules/scheduler
249 silly ADD node_modules/safe-regex-test
250 silly ADD node_modules/safe-buffer
251 silly ADD node_modules/safe-array-concat
252 silly ADD node_modules/safe-array-concat/node_modules/isarray
253 silly ADD node_modules/run-parallel
254 silly ADD node_modules/rollup
255 silly ADD node_modules/reusify
256 silly ADD node_modules/resolve-from
257 silly ADD node_modules/resolve
258 silly ADD node_modules/regexp.prototype.flags
259 silly ADD node_modules/reflect.getprototypeof
260 silly ADD node_modules/readdirp
261 silly ADD node_modules/readable-stream
262 silly ADD node_modules/read-cache
263 silly ADD node_modules/react-router-dom
264 silly ADD node_modules/react-router
265 silly ADD node_modules/react-refresh
266 silly ADD node_modules/react-is
267 silly ADD node_modules/react-icons
268 silly ADD node_modules/react-dom
269 silly ADD node_modules/react-confirm
270 silly ADD node_modules/react
271 silly ADD node_modules/queue-microtask
272 silly ADD node_modules/q
273 silly ADD node_modules/punycode
274 silly ADD node_modules/proxy-from-env
275 silly ADD node_modules/prop-types
276 silly ADD node_modules/promise-polyfill
277 silly ADD node_modules/process-nextick-args
278 silly ADD node_modules/prelude-ls
279 silly ADD node_modules/postcss-value-parser
280 silly ADD node_modules/postcss-selector-parser
281 silly ADD node_modules/postcss-nested
282 silly ADD node_modules/postcss-load-config
283 silly ADD node_modules/postcss-load-config/node_modules/lilconfig
284 silly ADD node_modules/postcss-js
285 silly ADD node_modules/postcss-import
286 silly ADD node_modules/postcss-import/node_modules/resolve
287 silly ADD node_modules/postcss
288 silly ADD node_modules/possible-typed-array-names
289 silly ADD node_modules/pirates
290 silly ADD node_modules/pify
291 silly ADD node_modules/picomatch
292 silly ADD node_modules/picocolors
293 silly ADD node_modules/path-scurry
294 silly ADD node_modules/path-scurry/node_modules/lru-cache
295 silly ADD node_modules/path-parse
296 silly ADD node_modules/path-key
297 silly ADD node_modules/path-exists
298 silly ADD node_modules/parent-module
299 silly ADD node_modules/package-json-from-dist
300 silly ADD node_modules/p-locate
301 silly ADD node_modules/p-limit
302 silly ADD node_modules/optionator
303 silly ADD node_modules/object.values
304 silly ADD node_modules/object.fromentries
305 silly ADD node_modules/object.entries
306 silly ADD node_modules/object.assign
307 silly ADD node_modules/object-keys
308 silly ADD node_modules/object-inspect
309 silly ADD node_modules/object-hash
310 silly ADD node_modules/object-assign
311 silly ADD node_modules/normalize-range
312 silly ADD node_modules/normalize-path
313 silly ADD node_modules/node-releases
314 silly ADD node_modules/natural-compare
315 silly ADD node_modules/nanoid
316 silly ADD node_modules/mz
317 silly ADD node_modules/multer
318 silly ADD node_modules/ms
319 silly ADD node_modules/moment
320 silly ADD node_modules/mkdirp
321 silly ADD node_modules/minipass
322 silly ADD node_modules/minimist
323 silly ADD node_modules/minimatch
324 silly ADD node_modules/mime-types
325 silly ADD node_modules/mime-db
326 silly ADD node_modules/micromatch
327 silly ADD node_modules/merge2
328 silly ADD node_modules/media-typer
329 silly ADD node_modules/luxon
330 silly ADD node_modules/lru-cache
331 silly ADD node_modules/loose-envify
332 silly ADD node_modules/lodash.merge
333 silly ADD node_modules/lodash
334 silly ADD node_modules/locate-path
335 silly ADD node_modules/lines-and-columns
336 silly ADD node_modules/lilconfig
337 silly ADD node_modules/levn
338 silly ADD node_modules/keyv
339 silly ADD node_modules/jsx-ast-utils
340 silly ADD node_modules/json5
341 silly ADD node_modules/json-stable-stringify-without-jsonify
342 silly ADD node_modules/json-schema-traverse
343 silly ADD node_modules/json-buffer
344 silly ADD node_modules/jsesc
345 silly ADD node_modules/js-yaml
346 silly ADD node_modules/js-tokens
347 silly ADD node_modules/jiti
348 silly ADD node_modules/jackspeak
349 silly ADD node_modules/iterator.prototype
350 silly ADD node_modules/isexe
351 silly ADD node_modules/isarray
352 silly ADD node_modules/is-weakset
353 silly ADD node_modules/is-weakref
354 silly ADD node_modules/is-weakmap
355 silly ADD node_modules/is-typed-array
356 silly ADD node_modules/is-symbol
357 silly ADD node_modules/is-string
358 silly ADD node_modules/is-shared-array-buffer
359 silly ADD node_modules/is-set
360 silly ADD node_modules/is-regex
361 silly ADD node_modules/is-number-object
362 silly ADD node_modules/is-number
363 silly ADD node_modules/is-negative-zero
364 silly ADD node_modules/is-map
365 silly ADD node_modules/is-glob
366 silly ADD node_modules/is-generator-function
367 silly ADD node_modules/is-fullwidth-code-point
368 silly ADD node_modules/is-finalizationregistry
369 silly ADD node_modules/is-extglob
370 silly ADD node_modules/is-date-object
371 silly ADD node_modules/is-data-view
372 silly ADD node_modules/is-core-module
373 silly ADD node_modules/is-callable
374 silly ADD node_modules/is-boolean-object
375 silly ADD node_modules/is-binary-path
376 silly ADD node_modules/is-bigint
377 silly ADD node_modules/is-async-function
378 silly ADD node_modules/is-arrayish
379 silly ADD node_modules/is-array-buffer
380 silly ADD node_modules/internal-slot
381 silly ADD node_modules/inherits
382 silly ADD node_modules/imurmurhash
383 silly ADD node_modules/import-fresh
384 silly ADD node_modules/ignore
385 silly ADD node_modules/hi-base32
386 silly ADD node_modules/he
387 silly ADD node_modules/hasown
388 silly ADD node_modules/has-tostringtag
389 silly ADD node_modules/has-symbols
390 silly ADD node_modules/has-proto
391 silly ADD node_modules/has-property-descriptors
392 silly ADD node_modules/has-flag
393 silly ADD node_modules/has-bigints
394 silly ADD node_modules/gopd
395 silly ADD node_modules/globalthis
396 silly ADD node_modules/globals
397 silly ADD node_modules/glob-parent
398 silly ADD node_modules/glob
399 silly ADD node_modules/glob/node_modules/minimatch
400 silly ADD node_modules/glob/node_modules/brace-expansion
401 silly ADD node_modules/get-symbol-description
402 silly ADD node_modules/get-intrinsic
403 silly ADD node_modules/gensync
404 silly ADD node_modules/functions-have-names
405 silly ADD node_modules/function.prototype.name
406 silly ADD node_modules/function-bind
407 silly ADD
408 silly ADD node_modules/fraction.js
409 silly ADD node_modules/form-data
410 silly ADD node_modules/foreground-child
411 silly ADD node_modules/for-each
412 silly ADD node_modules/follow-redirects
413 silly ADD node_modules/flatted
414 silly ADD node_modules/flat-cache
415 silly ADD node_modules/flairup
416 silly ADD node_modules/find-up
417 silly ADD node_modules/fill-range
418 silly ADD node_modules/file-entry-cache
419 silly ADD node_modules/fastq
420 silly ADD node_modules/fast-levenshtein
421 silly ADD node_modules/fast-json-stable-stringify
422 silly ADD node_modules/fast-glob
423 silly ADD node_modules/fast-glob/node_modules/glob-parent
424 silly ADD node_modules/fast-deep-equal
425 silly ADD
426 silly ADD node_modules/exiftool-vendored.exe
427 silly ADD node_modules/exiftool-vendored
428 silly ADD node_modules/esutils
429 silly ADD node_modules/estraverse
430 silly ADD node_modules/esrecurse
431 silly ADD node_modules/esquery
432 silly ADD node_modules/espree
433 silly ADD node_modules/eslint-visitor-keys
434 silly ADD node_modules/eslint-scope
435 silly ADD node_modules/eslint-plugin-react-refresh
436 silly ADD node_modules/eslint-plugin-react-hooks
437 silly ADD node_modules/eslint-plugin-react
438 silly ADD node_modules/eslint
439 silly ADD node_modules/escape-string-regexp
440 silly ADD node_modules/escalade
441 silly ADD node_modules/esbuild
442 silly ADD node_modules/es-to-primitive
443 silly ADD node_modules/es-shim-unscopables
444 silly ADD node_modules/es-set-tostringtag
445 silly ADD node_modules/es-object-atoms
446 silly ADD node_modules/es-iterator-helpers
447 silly ADD node_modules/es-errors
448 silly ADD node_modules/es-define-property
449 silly ADD node_modules/es-abstract
450 silly ADD node_modules/engine.io-parser
451 silly ADD node_modules/engine.io-client
452 silly ADD node_modules/emoji-regex
453 silly ADD node_modules/emoji-picker-react
454 silly ADD node_modules/emoji-mart
455 silly ADD node_modules/electron-to-chromium
456 silly ADD node_modules/eastasianwidth
457 silly ADD node_modules/dotenv
458 silly ADD node_modules/doctrine
459 silly ADD node_modules/dlv
460 silly ADD node_modules/didyoumean
461 silly ADD node_modules/detect-libc
462 silly ADD node_modules/delayed-stream
463 silly ADD node_modules/define-properties
464 silly ADD node_modules/define-data-property
465 silly ADD node_modules/deep-is
466 silly ADD node_modules/debug
467 silly ADD node_modules/data-view-byte-offset
468 silly ADD node_modules/data-view-byte-length
469 silly ADD node_modules/data-view-buffer
470 silly ADD node_modules/csstype
471 silly ADD node_modules/cssesc
472 silly ADD node_modules/cross-spawn
473 silly ADD node_modules/core-util-is
474 silly ADD node_modules/convert-source-map
475 silly ADD node_modules/concat-stream
476 silly ADD node_modules/concat-map
477 silly ADD node_modules/commander
478 silly ADD node_modules/combined-stream
479 silly ADD node_modules/color-string
480 silly ADD node_modules/color-name
481 silly ADD node_modules/color-convert
482 silly ADD node_modules/color
483 silly ADD node_modules/cloudinary
484 silly ADD node_modules/chokidar
485 silly ADD node_modules/chokidar/node_modules/glob-parent
486 silly ADD node_modules/chalk
487 silly ADD node_modules/caniuse-lite
488 silly ADD node_modules/camelcase-css
489 silly ADD node_modules/callsites
490 silly ADD node_modules/call-bind
491 silly ADD node_modules/busboy
492 silly ADD node_modules/buffer-from
493 silly ADD node_modules/browserslist
494 silly ADD node_modules/braces
495 silly ADD node_modules/brace-expansion
496 silly ADD node_modules/binary-extensions
497 silly ADD node_modules/batch-cluster
498 silly ADD node_modules/balanced-match
499 silly ADD node_modules/axios
500 silly ADD node_modules/available-typed-arrays
501 silly ADD node_modules/autoprefixer
502 silly ADD node_modules/asynckit
503 silly ADD node_modules/arraybuffer.prototype.slice
504 silly ADD node_modules/array.prototype.tosorted
505 silly ADD node_modules/array.prototype.flatmap
506 silly ADD node_modules/array.prototype.flat
507 silly ADD node_modules/array.prototype.findlast
508 silly ADD node_modules/array-includes
509 silly ADD node_modules/array-buffer-byte-length
510 silly ADD node_modules/argparse
511 silly ADD node_modules/arg
512 silly ADD node_modules/append-field
513 silly ADD node_modules/anymatch
514 silly ADD node_modules/any-promise
515 silly ADD node_modules/ansi-styles
516 silly ADD node_modules/ansi-regex
517 silly ADD node_modules/ajv
518 silly ADD node_modules/acorn-jsx
519 silly ADD node_modules/acorn
520 silly ADD node_modules/@vitejs/plugin-react
521 silly ADD node_modules/@types/react-dom
522 silly ADD node_modules/@types/react
523 silly ADD node_modules/@types/prop-types
524 silly ADD node_modules/@types/luxon
525 silly ADD node_modules/@types/json-schema
526 silly ADD node_modules/@types/estree
527 silly ADD node_modules/@types/babel__traverse
528 silly ADD node_modules/@types/babel__template
529 silly ADD node_modules/@types/babel__generator
530 silly ADD node_modules/@types/babel__core
531 silly ADD node_modules/@stripe/stripe-js
532 silly ADD node_modules/@stripe/react-stripe-js
533 silly ADD node_modules/@socket.io/component-emitter
534 silly ADD node_modules/@rollup/rollup-win32-x64-msvc
535 silly ADD
536 silly ADD
537 silly ADD
538 silly ADD
539 silly ADD
540 silly ADD
541 silly ADD
542 silly ADD
543 silly ADD
544 silly ADD
545 silly ADD
546 silly ADD
547 silly ADD
548 silly ADD
549 silly ADD
550 silly ADD
551 silly ADD
552 silly ADD node_modules/@resvg/resvg-js-win32-x64-msvc
553 silly ADD
554 silly ADD
555 silly ADD
556 silly ADD
557 silly ADD
558 silly ADD
559 silly ADD
560 silly ADD
561 silly ADD
562 silly ADD
563 silly ADD
564 silly ADD node_modules/@resvg/resvg-js
565 silly ADD node_modules/@remix-run/router
566 silly ADD node_modules/@pkgjs/parseargs
567 silly ADD node_modules/@photostructure/tz-lookup
568 silly ADD node_modules/@paypal/sdk-constants
569 silly ADD node_modules/@paypal/react-paypal-js
570 silly ADD node_modules/@paypal/paypal-js
571 silly ADD node_modules/@nodelib/fs.walk
572 silly ADD node_modules/@nodelib/fs.stat
573 silly ADD node_modules/@nodelib/fs.scandir
574 silly ADD node_modules/@jridgewell/trace-mapping
575 silly ADD node_modules/@jridgewell/sourcemap-codec
576 silly ADD node_modules/@jridgewell/set-array
577 silly ADD node_modules/@jridgewell/resolve-uri
578 silly ADD node_modules/@jridgewell/gen-mapping
579 silly ADD node_modules/@isaacs/cliui
580 silly ADD node_modules/@img/sharp-win32-x64
581 silly ADD
582 silly ADD
583 silly ADD
584 silly ADD
585 silly ADD
586 silly ADD
587 silly ADD
588 silly ADD
589 silly ADD
590 silly ADD
591 silly ADD
592 silly ADD
593 silly ADD
594 silly ADD
595 silly ADD
596 silly ADD
597 silly ADD
598 silly ADD
599 silly ADD node_modules/@humanwhocodes/retry
600 silly ADD node_modules/@humanwhocodes/module-importer
601 silly ADD node_modules/@humanfs/node
602 silly ADD node_modules/@humanfs/node/node_modules/@humanwhocodes/retry
603 silly ADD node_modules/@humanfs/core
604 silly ADD node_modules/@heroicons/react
605 silly ADD node_modules/@fortawesome/react-fontawesome
606 silly ADD node_modules/@fortawesome/free-solid-svg-icons
607 silly ADD node_modules/@fortawesome/fontawesome-svg-core
608 silly ADD node_modules/@fortawesome/fontawesome-common-types
609 silly ADD node_modules/@eslint/plugin-kit
610 silly ADD node_modules/@eslint/object-schema
611 silly ADD node_modules/@eslint/js
612 silly ADD node_modules/@eslint/eslintrc
613 silly ADD node_modules/@eslint/eslintrc/node_modules/globals
614 silly ADD node_modules/@eslint/core
615 silly ADD node_modules/@eslint/config-array
616 silly ADD node_modules/@eslint-community/regexpp
617 silly ADD node_modules/@eslint-community/eslint-utils
618 silly ADD node_modules/@eslint-community/eslint-utils/node_modules/eslint-visitor-keys
619 silly ADD node_modules/@esbuild/win32-x64
620 silly ADD
621 silly ADD
622 silly ADD
623 silly ADD
624 silly ADD
625 silly ADD
626 silly ADD
627 silly ADD
628 silly ADD
629 silly ADD
630 silly ADD
631 silly ADD
632 silly ADD
633 silly ADD
634 silly ADD
635 silly ADD
636 silly ADD
637 silly ADD
638 silly ADD
639 silly ADD
640 silly ADD
641 silly ADD
642 silly ADD
643 silly ADD node_modules/@dicebear/thumbs
644 silly ADD node_modules/@dicebear/shapes
645 silly ADD node_modules/@dicebear/rings
646 silly ADD node_modules/@dicebear/pixel-art-neutral
647 silly ADD node_modules/@dicebear/pixel-art
648 silly ADD node_modules/@dicebear/personas
649 silly ADD node_modules/@dicebear/open-peeps
650 silly ADD node_modules/@dicebear/notionists-neutral
651 silly ADD node_modules/@dicebear/notionists
652 silly ADD node_modules/@dicebear/miniavs
653 silly ADD node_modules/@dicebear/micah
654 silly ADD node_modules/@dicebear/lorelei-neutral
655 silly ADD node_modules/@dicebear/lorelei
656 silly ADD node_modules/@dicebear/initials
657 silly ADD node_modules/@dicebear/identicon
658 silly ADD node_modules/@dicebear/icons
659 silly ADD node_modules/@dicebear/glass
660 silly ADD node_modules/@dicebear/fun-emoji
661 silly ADD node_modules/@dicebear/dylan
662 silly ADD node_modules/@dicebear/croodles-neutral
663 silly ADD node_modules/@dicebear/croodles
664 silly ADD node_modules/@dicebear/core
665 silly ADD node_modules/@dicebear/converter
666 silly ADD node_modules/@dicebear/collection
667 silly ADD node_modules/@dicebear/bottts-neutral
668 silly ADD node_modules/@dicebear/bottts
669 silly ADD node_modules/@dicebear/big-smile
670 silly ADD node_modules/@dicebear/big-ears-neutral
671 silly ADD node_modules/@dicebear/big-ears
672 silly ADD node_modules/@dicebear/avataaars-neutral
673 silly ADD node_modules/@dicebear/avataaars
674 silly ADD node_modules/@dicebear/adventurer-neutral
675 silly ADD node_modules/@dicebear/adventurer
676 silly ADD node_modules/@babel/types
677 silly ADD node_modules/@babel/traverse
678 silly ADD node_modules/@babel/traverse/node_modules/globals
679 silly ADD node_modules/@babel/template
680 silly ADD node_modules/@babel/plugin-transform-react-jsx-source
681 silly ADD node_modules/@babel/plugin-transform-react-jsx-self
682 silly ADD node_modules/@babel/parser
683 silly ADD node_modules/@babel/helpers
684 silly ADD node_modules/@babel/helper-validator-option
685 silly ADD node_modules/@babel/helper-validator-identifier
686 silly ADD node_modules/@babel/helper-string-parser
687 silly ADD node_modules/@babel/helper-plugin-utils
688 silly ADD node_modules/@babel/helper-module-transforms
689 silly ADD node_modules/@babel/helper-module-imports
690 silly ADD node_modules/@babel/helper-compilation-targets
691 silly ADD node_modules/@babel/generator
692 silly ADD node_modules/@babel/core
693 silly ADD node_modules/@babel/compat-data
694 silly ADD node_modules/@babel/code-frame
695 silly ADD node_modules/@ampproject/remapping
696 silly ADD node_modules/@alloc/quick-lru
697 verbose cwd C:\Users\eymer\OneDrive\Bureau\julien-site-web-3\client
698 verbose os Windows_NT 10.0.22631
699 verbose node v20.17.0
700 verbose npm  v10.8.2
701 verbose exit 0
702 info ok
