0 verbose cli C:\Program Files\nodejs\node.exe C:\Program Files\nodejs\node_modules\npm\bin\npm-cli.js
1 info using npm@10.8.2
2 info using node@v20.17.0
3 silly config load:file:C:\Program Files\nodejs\node_modules\npm\npmrc
4 silly config load:file:C:\Users\eymer\OneDrive\Bureau\julien-site-web\server\.npmrc
5 silly config load:file:C:\Users\eymer\.npmrc
6 silly config load:file:C:\Users\eymer\AppData\Roaming\npm\etc\npmrc
7 verbose title npm install multer-storage-cloudinary
8 verbose argv "install" "multer-storage-cloudinary"
9 verbose logfile logs-max:10 dir:C:\Users\eymer\OneDrive\Bureau\julien-site-web\server\npm-cache\_logs\2024-10-25T12_56_57_945Z-
10 verbose logfile C:\Users\eymer\OneDrive\Bureau\julien-site-web\server\npm-cache\_logs\2024-10-25T12_56_57_945Z-debug-0.log
11 silly packumentCache heap:2197815296 maxSize:549453824 maxEntrySize:274726912
12 silly logfile start cleaning logs, removing 1 files
13 silly logfile done cleaning log files
14 silly idealTree buildDeps
15 silly fetch manifest multer-storage-cloudinary@*
16 silly packumentCache full:https://registry.npmjs.org/multer-storage-cloudinary cache-miss
17 http fetch GET 200 https://registry.npmjs.org/multer-storage-cloudinary 709ms (cache miss)
18 silly packumentCache full:https://registry.npmjs.org/multer-storage-cloudinary set size:undefined disposed:false
19 silly fetch manifest cloudinary@^2.5.1
20 silly packumentCache full:https://registry.npmjs.org/cloudinary cache-miss
21 http fetch GET 200 https://registry.npmjs.org/cloudinary 52ms (cache revalidated)
22 silly packumentCache full:https://registry.npmjs.org/cloudinary set size:281161 disposed:false
23 silly fetch manifest cloudinary@^1.21.0
24 silly packumentCache full:https://registry.npmjs.org/cloudinary cache-hit
25 verbose stack Error: unable to resolve dependency tree
25 verbose stack     at #failPeerConflict (C:\Program Files\nodejs\node_modules\npm\node_modules\@npmcli\arborist\lib\arborist\build-ideal-tree.js:1360:25)
25 verbose stack     at #loadPeerSet (C:\Program Files\nodejs\node_modules\npm\node_modules\@npmcli\arborist\lib\arborist\build-ideal-tree.js:1326:33)
25 verbose stack     at async #buildDepStep (C:\Program Files\nodejs\node_modules\npm\node_modules\@npmcli\arborist\lib\arborist\build-ideal-tree.js:901:11)
25 verbose stack     at async Arborist.buildIdealTree (C:\Program Files\nodejs\node_modules\npm\node_modules\@npmcli\arborist\lib\arborist\build-ideal-tree.js:181:7)
25 verbose stack     at async Promise.all (index 1)
25 verbose stack     at async Arborist.reify (C:\Program Files\nodejs\node_modules\npm\node_modules\@npmcli\arborist\lib\arborist\reify.js:131:5)
25 verbose stack     at async Install.exec (C:\Program Files\nodejs\node_modules\npm\lib\commands\install.js:150:5)
25 verbose stack     at async Npm.exec (C:\Program Files\nodejs\node_modules\npm\lib\npm.js:207:9)
25 verbose stack     at async module.exports (C:\Program Files\nodejs\node_modules\npm\lib\cli\entry.js:74:5)
26 error code ERESOLVE
27 error ERESOLVE unable to resolve dependency tree
28 error
29 error While resolving: server@1.0.0
29 error Found: cloudinary@2.5.1[2m[22m
29 error [2mnode_modules/cloudinary[22m
29 error   cloudinary@"^2.5.1" from the root project
29 error
29 error Could not resolve dependency:
29 error [95mpeer[39m cloudinary@"^1.21.0" from multer-storage-cloudinary@4.0.0[2m[22m
29 error [2mnode_modules/multer-storage-cloudinary[22m
29 error   multer-storage-cloudinary@"*" from the root project
29 error
29 error Fix the upstream dependency conflict, or retry
29 error this command with --force or --legacy-peer-deps
29 error to accept an incorrect (and potentially broken) dependency resolution.
30 error
30 error
30 error For a full report see:
30 error C:\Users\eymer\OneDrive\Bureau\julien-site-web\server\npm-cache\_logs\2024-10-25T12_56_57_945Z-eresolve-report.txt
31 silly unfinished npm timer reify 1729861018529
32 silly unfinished npm timer reify:loadTrees 1729861018534
33 silly unfinished npm timer idealTree:buildDeps 1729861018677
34 silly unfinished npm timer idealTree:#root 1729861018677
35 verbose cwd C:\Users\eymer\OneDrive\Bureau\julien-site-web\server
36 verbose os Windows_NT 10.0.22631
37 verbose node v20.17.0
38 verbose npm  v10.8.2
39 verbose exit 1
40 verbose code 1
41 error A complete log of this run can be found in: C:\Users\eymer\OneDrive\Bureau\julien-site-web\server\npm-cache\_logs\2024-10-25T12_56_57_945Z-debug-0.log
