0 verbose cli C:\Program Files\nodejs\node.exe C:\Program Files\nodejs\node_modules\npm\bin\npm-cli.js
1 info using npm@10.8.2
2 info using node@v20.17.0
3 silly config load:file:C:\Program Files\nodejs\node_modules\npm\npmrc
4 silly config load:file:C:\Users\eymer\OneDrive\Bureau\julien-site-web-3\server\.npmrc
5 silly config load:file:C:\Users\eymer\.npmrc
6 silly config load:file:C:\Users\eymer\AppData\Roaming\npm\etc\npmrc
7 verbose title npm i @magicbell/core
8 verbose argv "i" "@magicbell/core" "--save"
9 verbose logfile logs-max:10 dir:C:\Users\eymer\OneDrive\Bureau\julien-site-web-3\server\npm-cache\_logs\2024-12-09T16_43_50_289Z-
10 verbose logfile C:\Users\eymer\OneDrive\Bureau\julien-site-web-3\server\npm-cache\_logs\2024-12-09T16_43_50_289Z-debug-0.log
11 silly packumentCache heap:2197815296 maxSize:549453824 maxEntrySize:274726912
12 silly logfile start cleaning logs, removing 1 files
13 silly logfile done cleaning log files
14 silly idealTree buildDeps
15 silly fetch manifest @magicbell/core@*
16 silly packumentCache full:https://registry.npmjs.org/@magicbell%2fcore cache-miss
17 http fetch GET 200 https://registry.npmjs.org/@magicbell%2fcore 2076ms (cache miss)
18 silly packumentCache full:https://registry.npmjs.org/@magicbell%2fcore set size:undefined disposed:false
19 silly placeDep ROOT @magicbell/core@5.1.0 OK for: server@1.0.0 want: *
20 silly fetch manifest ably@^1.2.48
21 silly packumentCache full:https://registry.npmjs.org/ably cache-miss
22 silly fetch manifest axios@npm:axios@^0.28.0
23 silly packumentCache full:https://registry.npmjs.org/axios cache-miss
24 silly fetch manifest dayjs@^1.11.10
25 silly packumentCache full:https://registry.npmjs.org/dayjs cache-miss
26 silly fetch manifest dompurify@^3.1.3
27 silly packumentCache full:https://registry.npmjs.org/dompurify cache-miss
28 silly fetch manifest humps@^2.0.1
29 silly packumentCache full:https://registry.npmjs.org/humps cache-miss
30 silly fetch manifest lodash-es@^4.17.21
31 silly packumentCache full:https://registry.npmjs.org/lodash-es cache-miss
32 silly fetch manifest mitt@^3.0.1
33 silly packumentCache full:https://registry.npmjs.org/mitt cache-miss
34 http fetch GET 200 https://registry.npmjs.org/ably 94ms (cache miss)
35 silly packumentCache full:https://registry.npmjs.org/ably set size:undefined disposed:false
36 silly fetch manifest pluralize@^8.0.0
37 silly packumentCache full:https://registry.npmjs.org/pluralize cache-miss
38 http fetch GET 200 https://registry.npmjs.org/humps 136ms (cache miss)
39 silly packumentCache full:https://registry.npmjs.org/humps set size:undefined disposed:false
40 http fetch GET 200 https://registry.npmjs.org/mitt 140ms (cache miss)
41 silly packumentCache full:https://registry.npmjs.org/mitt set size:undefined disposed:false
42 http fetch GET 200 https://registry.npmjs.org/dayjs 172ms (cache miss)
43 silly packumentCache full:https://registry.npmjs.org/dayjs set size:undefined disposed:false
44 http fetch GET 200 https://registry.npmjs.org/dompurify 191ms (cache miss)
45 silly packumentCache full:https://registry.npmjs.org/dompurify set size:undefined disposed:false
46 http fetch GET 200 https://registry.npmjs.org/axios 214ms (cache updated)
47 silly packumentCache full:https://registry.npmjs.org/axios set size:undefined disposed:false
48 http fetch GET 200 https://registry.npmjs.org/lodash-es 260ms (cache miss)
49 silly packumentCache full:https://registry.npmjs.org/lodash-es set size:undefined disposed:false
50 http fetch GET 200 https://registry.npmjs.org/pluralize 164ms (cache miss)
51 silly packumentCache full:https://registry.npmjs.org/pluralize set size:undefined disposed:false
52 silly fetch manifest react@>=16.8.0
53 silly packumentCache full:https://registry.npmjs.org/react cache-miss
54 http fetch GET 200 https://registry.npmjs.org/react 162ms (cache updated)
55 silly packumentCache full:https://registry.npmjs.org/react set size:undefined disposed:false
56 silly fetch manifest react-dom@>=16.8.0
57 silly packumentCache full:https://registry.npmjs.org/react-dom cache-miss
58 http fetch GET 200 https://registry.npmjs.org/react-dom 170ms (cache miss)
59 silly packumentCache full:https://registry.npmjs.org/react-dom set size:undefined disposed:false
60 silly placeDep node_modules/@magicbell/core ably@1.2.50 OK for: @magicbell/core@5.1.0 want: ^1.2.48
61 silly placeDep node_modules/@magicbell/core axios@0.28.1 OK for: @magicbell/core@5.1.0 want: npm:axios@^0.28.0
62 silly placeDep ROOT dayjs@1.11.13 OK for: @magicbell/core@5.1.0 want: ^1.11.10
63 silly placeDep ROOT dompurify@3.2.3 OK for: @magicbell/core@5.1.0 want: ^3.1.3
64 silly placeDep ROOT humps@2.0.1 OK for: @magicbell/core@5.1.0 want: ^2.0.1
65 silly placeDep ROOT lodash-es@4.17.21 OK for: @magicbell/core@5.1.0 want: ^4.17.21
66 silly placeDep ROOT mitt@3.0.1 OK for: @magicbell/core@5.1.0 want: ^3.0.1
67 silly placeDep ROOT pluralize@8.0.0 OK for: @magicbell/core@5.1.0 want: ^8.0.0
68 silly fetch manifest got@^11.8.5
69 silly packumentCache full:https://registry.npmjs.org/got cache-miss
70 silly fetch manifest @ably/msgpack-js@^0.4.0
71 silly packumentCache full:https://registry.npmjs.org/@ably%2fmsgpack-js cache-miss
72 silly fetch manifest form-data@^4.0.0
73 silly packumentCache full:https://registry.npmjs.org/form-data cache-miss
74 silly fetch manifest @types/trusted-types@^2.0.7
75 silly packumentCache full:https://registry.npmjs.org/@types%2ftrusted-types cache-miss
76 http fetch GET 200 https://registry.npmjs.org/@types%2ftrusted-types 61ms (cache miss)
77 silly packumentCache full:https://registry.npmjs.org/@types%2ftrusted-types set size:undefined disposed:false
78 http fetch GET 200 https://registry.npmjs.org/form-data 62ms (cache revalidated)
79 silly packumentCache full:https://registry.npmjs.org/form-data set size:120220 disposed:false
80 http fetch GET 200 https://registry.npmjs.org/got 98ms (cache miss)
81 silly packumentCache full:https://registry.npmjs.org/got set size:undefined disposed:false
82 http fetch GET 200 https://registry.npmjs.org/@ably%2fmsgpack-js 1038ms (cache miss)
83 silly packumentCache full:https://registry.npmjs.org/@ably%2fmsgpack-js set size:undefined disposed:false
84 silly placeDep ROOT @types/trusted-types@2.0.7 OK for: dompurify@3.2.3 want: ^2.0.7
85 silly placeDep ROOT @ably/msgpack-js@0.4.0 OK for: ably@1.2.50 want: ^0.4.0
86 silly placeDep ROOT got@11.8.6 OK for: ably@1.2.50 want: ^11.8.5
87 silly fetch manifest bops@^1.0.1
88 silly packumentCache full:https://registry.npmjs.org/bops cache-miss
89 silly fetch manifest p-cancelable@^2.0.0
90 silly packumentCache full:https://registry.npmjs.org/p-cancelable cache-miss
91 silly fetch manifest responselike@^2.0.0
92 silly packumentCache full:https://registry.npmjs.org/responselike cache-miss
93 silly fetch manifest http2-wrapper@^1.0.0-beta.5.2
94 silly packumentCache full:https://registry.npmjs.org/http2-wrapper cache-miss
95 silly fetch manifest lowercase-keys@^2.0.0
96 silly packumentCache full:https://registry.npmjs.org/lowercase-keys cache-miss
97 silly fetch manifest @sindresorhus/is@^4.0.0
98 silly packumentCache full:https://registry.npmjs.org/@sindresorhus%2fis cache-miss
99 silly fetch manifest cacheable-lookup@^5.0.3
100 silly packumentCache full:https://registry.npmjs.org/cacheable-lookup cache-miss
101 http fetch GET 200 https://registry.npmjs.org/http2-wrapper 56ms (cache miss)
102 silly packumentCache full:https://registry.npmjs.org/http2-wrapper set size:undefined disposed:false
103 silly fetch manifest cacheable-request@^7.0.2
104 silly packumentCache full:https://registry.npmjs.org/cacheable-request cache-miss
105 http fetch GET 200 https://registry.npmjs.org/lowercase-keys 62ms (cache miss)
106 silly packumentCache full:https://registry.npmjs.org/lowercase-keys set size:undefined disposed:false
107 silly fetch manifest @types/responselike@^1.0.0
108 silly packumentCache full:https://registry.npmjs.org/@types%2fresponselike cache-miss
109 http fetch GET 200 https://registry.npmjs.org/responselike 65ms (cache miss)
110 silly packumentCache full:https://registry.npmjs.org/responselike set size:undefined disposed:false
111 silly fetch manifest decompress-response@^6.0.0
112 silly packumentCache full:https://registry.npmjs.org/decompress-response cache-miss
113 http fetch GET 200 https://registry.npmjs.org/cacheable-lookup 75ms (cache miss)
114 silly packumentCache full:https://registry.npmjs.org/cacheable-lookup set size:undefined disposed:false
115 silly fetch manifest @szmarczak/http-timer@^4.0.5
116 silly packumentCache full:https://registry.npmjs.org/@szmarczak%2fhttp-timer cache-miss
117 http fetch GET 200 https://registry.npmjs.org/p-cancelable 89ms (cache miss)
118 silly packumentCache full:https://registry.npmjs.org/p-cancelable set size:undefined disposed:false
119 silly fetch manifest @types/cacheable-request@^6.0.1
120 silly packumentCache full:https://registry.npmjs.org/@types%2fcacheable-request cache-miss
121 http fetch GET 200 https://registry.npmjs.org/@sindresorhus%2fis 94ms (cache miss)
122 silly packumentCache full:https://registry.npmjs.org/@sindresorhus%2fis set size:undefined disposed:false
123 http fetch GET 200 https://registry.npmjs.org/cacheable-request 51ms (cache miss)
124 silly packumentCache full:https://registry.npmjs.org/cacheable-request set size:undefined disposed:false
125 http fetch GET 200 https://registry.npmjs.org/@types%2fresponselike 66ms (cache miss)
126 silly packumentCache full:https://registry.npmjs.org/@types%2fresponselike set size:undefined disposed:false
127 http fetch GET 200 https://registry.npmjs.org/decompress-response 78ms (cache miss)
128 silly packumentCache full:https://registry.npmjs.org/decompress-response set size:undefined disposed:false
129 http fetch GET 200 https://registry.npmjs.org/@types%2fcacheable-request 205ms (cache miss)
130 silly packumentCache full:https://registry.npmjs.org/@types%2fcacheable-request set size:undefined disposed:false
131 http fetch GET 200 https://registry.npmjs.org/@szmarczak%2fhttp-timer 361ms (cache miss)
132 silly packumentCache full:https://registry.npmjs.org/@szmarczak%2fhttp-timer set size:undefined disposed:false
133 http fetch GET 200 https://registry.npmjs.org/bops 549ms (cache miss)
134 silly packumentCache full:https://registry.npmjs.org/bops set size:undefined disposed:false
135 silly placeDep ROOT bops@1.0.1 OK for: @ably/msgpack-js@0.4.0 want: ^1.0.1
136 silly fetch manifest base64-js@1.0.2
137 silly packumentCache full:https://registry.npmjs.org/base64-js cache-miss
138 silly fetch manifest to-utf8@0.0.1
139 silly packumentCache full:https://registry.npmjs.org/to-utf8 cache-miss
140 http fetch GET 200 https://registry.npmjs.org/to-utf8 48ms (cache miss)
141 silly packumentCache full:https://registry.npmjs.org/to-utf8 set size:undefined disposed:false
142 http fetch GET 200 https://registry.npmjs.org/base64-js 274ms (cache revalidated)
143 silly packumentCache full:https://registry.npmjs.org/base64-js set size:41270 disposed:false
144 silly placeDep node_modules/bops base64-js@1.0.2 OK for: bops@1.0.1 want: 1.0.2
145 silly placeDep ROOT to-utf8@0.0.1 OK for: bops@1.0.1 want: 0.0.1
146 silly placeDep ROOT @sindresorhus/is@4.6.0 OK for: got@11.8.6 want: ^4.0.0
147 silly placeDep ROOT @szmarczak/http-timer@4.0.6 OK for: got@11.8.6 want: ^4.0.5
148 silly placeDep ROOT @types/cacheable-request@6.0.3 OK for: got@11.8.6 want: ^6.0.1
149 silly placeDep ROOT @types/responselike@1.0.3 OK for: got@11.8.6 want: ^1.0.0
150 silly placeDep ROOT cacheable-lookup@5.0.4 OK for: got@11.8.6 want: ^5.0.3
151 silly placeDep ROOT cacheable-request@7.0.4 OK for: got@11.8.6 want: ^7.0.2
152 silly placeDep ROOT decompress-response@6.0.0 OK for: got@11.8.6 want: ^6.0.0
153 silly placeDep ROOT http2-wrapper@1.0.3 OK for: got@11.8.6 want: ^1.0.0-beta.5.2
154 silly placeDep ROOT lowercase-keys@2.0.0 OK for: got@11.8.6 want: ^2.0.0
155 silly placeDep ROOT p-cancelable@2.1.1 OK for: got@11.8.6 want: ^2.0.0
156 silly placeDep ROOT responselike@2.0.1 OK for: got@11.8.6 want: ^2.0.0
157 silly fetch manifest defer-to-connect@^2.0.0
158 silly packumentCache full:https://registry.npmjs.org/defer-to-connect cache-miss
159 silly fetch manifest @types/keyv@^3.1.4
160 silly packumentCache full:https://registry.npmjs.org/@types%2fkeyv cache-miss
161 silly fetch manifest @types/http-cache-semantics@*
162 silly packumentCache full:https://registry.npmjs.org/@types%2fhttp-cache-semantics cache-miss
163 silly fetch manifest keyv@^4.0.0
164 silly packumentCache full:https://registry.npmjs.org/keyv cache-miss
165 silly fetch manifest get-stream@^5.1.0
166 silly packumentCache full:https://registry.npmjs.org/get-stream cache-miss
167 silly fetch manifest normalize-url@^6.0.1
168 silly packumentCache full:https://registry.npmjs.org/normalize-url cache-miss
169 silly fetch manifest clone-response@^1.0.2
170 silly packumentCache full:https://registry.npmjs.org/clone-response cache-miss
171 http fetch GET 200 https://registry.npmjs.org/clone-response 63ms (cache miss)
172 silly packumentCache full:https://registry.npmjs.org/clone-response set size:undefined disposed:false
173 silly fetch manifest http-cache-semantics@^4.0.0
174 silly packumentCache full:https://registry.npmjs.org/http-cache-semantics cache-miss
175 http fetch GET 200 https://registry.npmjs.org/defer-to-connect 77ms (cache miss)
176 silly packumentCache full:https://registry.npmjs.org/defer-to-connect set size:undefined disposed:false
177 silly fetch manifest mimic-response@^3.1.0
178 silly packumentCache full:https://registry.npmjs.org/mimic-response cache-miss
179 http fetch GET 200 https://registry.npmjs.org/keyv 80ms (cache miss)
180 silly packumentCache full:https://registry.npmjs.org/keyv set size:undefined disposed:false
181 silly fetch manifest quick-lru@^5.1.1
182 silly packumentCache full:https://registry.npmjs.org/quick-lru cache-miss
183 http fetch GET 200 https://registry.npmjs.org/@types%2fhttp-cache-semantics 92ms (cache miss)
184 silly packumentCache full:https://registry.npmjs.org/@types%2fhttp-cache-semantics set size:undefined disposed:false
185 silly fetch manifest resolve-alpn@^1.0.0
186 silly packumentCache full:https://registry.npmjs.org/resolve-alpn cache-miss
187 http fetch GET 200 https://registry.npmjs.org/get-stream 98ms (cache miss)
188 silly packumentCache full:https://registry.npmjs.org/get-stream set size:undefined disposed:false
189 http fetch GET 200 https://registry.npmjs.org/normalize-url 99ms (cache miss)
190 silly packumentCache full:https://registry.npmjs.org/normalize-url set size:undefined disposed:false
191 http fetch GET 200 https://registry.npmjs.org/mimic-response 38ms (cache miss)
192 silly packumentCache full:https://registry.npmjs.org/mimic-response set size:undefined disposed:false
193 http fetch GET 200 https://registry.npmjs.org/http-cache-semantics 48ms (cache miss)
194 silly packumentCache full:https://registry.npmjs.org/http-cache-semantics set size:undefined disposed:false
195 http fetch GET 200 https://registry.npmjs.org/quick-lru 54ms (cache miss)
196 silly packumentCache full:https://registry.npmjs.org/quick-lru set size:undefined disposed:false
197 http fetch GET 200 https://registry.npmjs.org/resolve-alpn 47ms (cache miss)
198 silly packumentCache full:https://registry.npmjs.org/resolve-alpn set size:undefined disposed:false
199 http fetch GET 200 https://registry.npmjs.org/@types%2fkeyv 530ms (cache miss)
200 silly packumentCache full:https://registry.npmjs.org/@types%2fkeyv set size:undefined disposed:false
201 silly placeDep ROOT defer-to-connect@2.0.1 OK for: @szmarczak/http-timer@4.0.6 want: ^2.0.0
202 silly placeDep ROOT @types/http-cache-semantics@4.0.4 OK for: @types/cacheable-request@6.0.3 want: *
203 silly placeDep ROOT @types/keyv@3.1.4 OK for: @types/cacheable-request@6.0.3 want: ^3.1.4
204 silly placeDep ROOT clone-response@1.0.3 OK for: cacheable-request@7.0.4 want: ^1.0.2
205 silly placeDep ROOT get-stream@5.2.0 OK for: cacheable-request@7.0.4 want: ^5.1.0
206 silly placeDep ROOT http-cache-semantics@4.1.1 OK for: cacheable-request@7.0.4 want: ^4.0.0
207 silly placeDep ROOT keyv@4.5.4 OK for: cacheable-request@7.0.4 want: ^4.0.0
208 silly placeDep ROOT normalize-url@6.1.0 OK for: cacheable-request@7.0.4 want: ^6.0.1
209 silly fetch manifest mimic-response@^1.0.0
210 silly packumentCache full:https://registry.npmjs.org/mimic-response cache-miss
211 silly fetch manifest pump@^3.0.0
212 silly packumentCache full:https://registry.npmjs.org/pump cache-miss
213 silly fetch manifest json-buffer@3.0.1
214 silly packumentCache full:https://registry.npmjs.org/json-buffer cache-miss
215 http fetch GET 200 https://registry.npmjs.org/mimic-response 17ms (cache hit)
216 silly packumentCache full:https://registry.npmjs.org/mimic-response set size:20174 disposed:false
217 http fetch GET 200 https://registry.npmjs.org/pump 51ms (cache miss)
218 silly packumentCache full:https://registry.npmjs.org/pump set size:undefined disposed:false
219 http fetch GET 200 https://registry.npmjs.org/json-buffer 59ms (cache miss)
220 silly packumentCache full:https://registry.npmjs.org/json-buffer set size:undefined disposed:false
221 silly placeDep ROOT mimic-response@1.0.1 OK for: clone-response@1.0.3 want: ^1.0.0
222 silly placeDep node_modules/decompress-response mimic-response@3.1.0 OK for: decompress-response@6.0.0 want: ^3.1.0
223 silly placeDep ROOT pump@3.0.2 OK for: get-stream@5.2.0 want: ^3.0.0
224 silly fetch manifest end-of-stream@^1.1.0
225 silly packumentCache full:https://registry.npmjs.org/end-of-stream cache-miss
226 http fetch GET 200 https://registry.npmjs.org/end-of-stream 42ms (cache miss)
227 silly packumentCache full:https://registry.npmjs.org/end-of-stream set size:undefined disposed:false
228 silly placeDep ROOT quick-lru@5.1.1 OK for: http2-wrapper@1.0.3 want: ^5.1.1
229 silly placeDep ROOT resolve-alpn@1.2.1 OK for: http2-wrapper@1.0.3 want: ^1.0.0
230 silly placeDep ROOT json-buffer@3.0.1 OK for: keyv@4.5.4 want: 3.0.1
231 silly placeDep ROOT end-of-stream@1.4.4 OK for: pump@3.0.2 want: ^1.1.0
232 silly placeDep node_modules/@magicbell/core form-data@4.0.1 OK for: axios@0.28.1 want: ^4.0.0
233 silly reify moves {}
234 silly audit bulk request {
234 silly audit   '@adraffy/ens-normalize': [ '1.10.1', '1.11.0' ],
234 silly audit   '@apimatic/authentication-adapters': [ '0.5.5' ],
234 silly audit   '@apimatic/axios-client-adapter': [ '0.3.6' ],
234 silly audit   '@apimatic/convert-to-stream': [ '0.1.3', '0.0.2' ],
234 silly audit   '@apimatic/core': [ '0.10.15' ],
234 silly audit   '@apimatic/core-interfaces': [ '0.2.7' ],
234 silly audit   '@apimatic/file-wrapper': [ '0.3.3' ],
234 silly audit   '@apimatic/http-headers': [ '0.3.3' ],
234 silly audit   '@apimatic/http-query': [ '0.3.3' ],
234 silly audit   '@apimatic/json-bigint': [ '1.2.0' ],
234 silly audit   '@apimatic/oauth-adapters': [ '0.4.7' ],
234 silly audit   '@apimatic/schema': [ '0.7.13' ],
234 silly audit   '@coinbase/coinbase-sdk': [ '0.9.1' ],
234 silly audit   '@esbuild/aix-ppc64': [ '0.21.5' ],
234 silly audit   '@esbuild/android-arm': [ '0.21.5' ],
234 silly audit   '@esbuild/android-arm64': [ '0.21.5' ],
234 silly audit   '@esbuild/android-x64': [ '0.21.5' ],
234 silly audit   '@esbuild/darwin-arm64': [ '0.21.5' ],
234 silly audit   '@esbuild/darwin-x64': [ '0.21.5' ],
234 silly audit   '@esbuild/freebsd-arm64': [ '0.21.5' ],
234 silly audit   '@esbuild/freebsd-x64': [ '0.21.5' ],
234 silly audit   '@esbuild/linux-arm': [ '0.21.5' ],
234 silly audit   '@esbuild/linux-arm64': [ '0.21.5' ],
234 silly audit   '@esbuild/linux-ia32': [ '0.21.5' ],
234 silly audit   '@esbuild/linux-loong64': [ '0.21.5' ],
234 silly audit   '@esbuild/linux-mips64el': [ '0.21.5' ],
234 silly audit   '@esbuild/linux-ppc64': [ '0.21.5' ],
234 silly audit   '@esbuild/linux-riscv64': [ '0.21.5' ],
234 silly audit   '@esbuild/linux-s390x': [ '0.21.5' ],
234 silly audit   '@esbuild/linux-x64': [ '0.21.5' ],
234 silly audit   '@esbuild/netbsd-x64': [ '0.21.5' ],
234 silly audit   '@esbuild/openbsd-x64': [ '0.21.5' ],
234 silly audit   '@esbuild/sunos-x64': [ '0.21.5' ],
234 silly audit   '@esbuild/win32-arm64': [ '0.21.5' ],
234 silly audit   '@esbuild/win32-ia32': [ '0.21.5' ],
234 silly audit   '@esbuild/win32-x64': [ '0.21.5' ],
234 silly audit   '@hapi/hoek': [ '9.3.0' ],
234 silly audit   '@hapi/topo': [ '5.1.0' ],
234 silly audit   '@mapbox/node-pre-gyp': [ '1.0.11' ],
234 silly audit   'node-fetch': [ '2.7.0', '3.3.2' ],
234 silly audit   tr46: [ '0.0.3', '4.1.1' ],
234 silly audit   'webidl-conversions': [ '3.0.1', '7.0.0' ],
234 silly audit   'whatwg-url': [ '5.0.0', '13.0.0' ],
234 silly audit   '@mongodb-js/saslprep': [ '1.1.9' ],
234 silly audit   '@noble/curves': [ '1.6.0', '1.2.0' ],
234 silly audit   '@noble/hashes': [ '1.5.0', '1.3.2' ],
234 silly audit   '@paypal/checkout-server-sdk': [ '1.0.3' ],
234 silly audit   '@paypal/paypal-server-sdk': [ '0.6.0' ],
234 silly audit   '@paypal/paypalhttp': [ '1.0.1' ],
234 silly audit   '@rollup/rollup-android-arm-eabi': [ '4.24.4' ],
234 silly audit   '@rollup/rollup-android-arm64': [ '4.24.4' ],
234 silly audit   '@rollup/rollup-darwin-arm64': [ '4.24.4' ],
234 silly audit   '@rollup/rollup-darwin-x64': [ '4.24.4' ],
234 silly audit   '@rollup/rollup-freebsd-arm64': [ '4.24.4' ],
234 silly audit   '@rollup/rollup-freebsd-x64': [ '4.24.4' ],
234 silly audit   '@rollup/rollup-linux-arm-gnueabihf': [ '4.24.4' ],
234 silly audit   '@rollup/rollup-linux-arm-musleabihf': [ '4.24.4' ],
234 silly audit   '@rollup/rollup-linux-arm64-gnu': [ '4.24.4' ],
234 silly audit   '@rollup/rollup-linux-arm64-musl': [ '4.24.4' ],
234 silly audit   '@rollup/rollup-linux-powerpc64le-gnu': [ '4.24.4' ],
234 silly audit   '@rollup/rollup-linux-riscv64-gnu': [ '4.24.4' ],
234 silly audit   '@rollup/rollup-linux-s390x-gnu': [ '4.24.4' ],
234 silly audit   '@rollup/rollup-linux-x64-gnu': [ '4.24.4' ],
234 silly audit   '@rollup/rollup-linux-x64-musl': [ '4.24.4' ],
234 silly audit   '@rollup/rollup-win32-arm64-msvc': [ '4.24.4' ],
234 silly audit   '@rollup/rollup-win32-ia32-msvc': [ '4.24.4' ],
234 silly audit   '@rollup/rollup-win32-x64-msvc': [ '4.24.4' ],
234 silly audit   '@scarf/scarf': [ '1.4.0' ],
234 silly audit   '@scure/base': [ '1.1.9' ],
234 silly audit   '@scure/bip32': [ '1.5.0' ],
234 silly audit   '@scure/bip39': [ '1.4.0' ],
234 silly audit   '@sideway/address': [ '4.1.5' ],
234 silly audit   '@sideway/formula': [ '3.0.1' ],
234 silly audit   '@sideway/pinpoint': [ '2.0.0' ],
234 silly audit   '@socket.io/component-emitter': [ '3.1.2' ],
234 silly audit   '@types/cookie': [ '0.4.1' ],
234 silly audit   '@types/cors': [ '2.8.17' ],
234 silly audit   '@types/estree': [ '1.0.6' ],
234 silly audit   '@types/node': [ '22.7.5' ],
234 silly audit   '@types/webidl-conversions': [ '7.0.3' ],
234 silly audit   '@types/whatwg-url': [ '11.0.5' ],
234 silly audit   abbrev: [ '1.1.1' ],
234 silly audit   abitype: [ '1.0.6' ],
234 silly audit   accepts: [ '1.3.8' ],
234 silly audit   'aes-js': [ '4.0.0-beta.5' ],
234 silly audit   'agent-base': [ '6.0.2' ],
234 silly audit   debug: [ '4.3.7', '2.6.9' ],
234 silly audit   ms: [ '2.1.3', '2.0.0' ],
234 silly audit   'ansi-regex': [ '5.0.1' ],
234 silly audit   anymatch: [ '3.1.3' ],
234 silly audit   'append-field': [ '1.0.0' ],
234 silly audit   aproba: [ '2.0.0' ],
234 silly audit   'are-we-there-yet': [ '2.0.0' ],
234 silly audit   'readable-stream': [ '3.6.2', '2.3.8' ],
234 silly audit   argparse: [ '1.0.10' ],
234 silly audit   'array-flatten': [ '1.1.1' ],
234 silly audit   asynckit: [ '0.4.0' ],
234 silly audit   axios: [ '1.7.8', '0.28.1' ],
234 silly audit   'axios-mock-adapter': [ '1.22.0' ],
234 silly audit   'axios-retry': [ '4.5.0' ],
234 silly audit   'form-data': [ '4.0.1', '3.0.2' ],
234 silly audit   'balanced-match': [ '1.0.2' ],
234 silly audit   'base-x': [ '3.0.10' ],
234 silly audit   'base64-js': [ '1.5.1', '1.0.2' ],
234 silly audit   base64id: [ '2.0.0' ],
234 silly audit   base64url: [ '3.0.1' ],
234 silly audit   'basic-auth': [ '2.0.1' ],
234 silly audit   'safe-buffer': [ '5.1.2', '5.2.1' ],
234 silly audit   bcrypt: [ '5.1.1' ],
234 silly audit   bcryptjs: [ '2.4.3' ],
234 silly audit   'binary-extensions': [ '2.3.0' ],
234 silly audit   bip32: [ '4.0.0' ],
234 silly audit   bip39: [ '3.1.0' ],
234 silly audit   'bn.js': [ '4.12.0' ],
234 silly audit   'body-parser': [ '1.20.3' ],
234 silly audit   'brace-expansion': [ '1.1.11' ],
234 silly audit   braces: [ '3.0.3' ],
234 silly audit   brorand: [ '1.1.0' ],
234 silly audit   bs58: [ '4.0.1' ],
234 silly audit   bs58check: [ '2.1.2' ],
234 silly audit   bson: [ '6.9.0' ],
234 silly audit   buffer: [ '6.0.3' ],
234 silly audit   'buffer-equal-constant-time': [ '1.0.1' ],
234 silly audit   'buffer-from': [ '1.1.2' ],
234 silly audit   busboy: [ '1.6.0' ],
234 silly audit   bytes: [ '3.1.2' ],
234 silly audit   'call-bind': [ '1.0.7' ],
234 silly audit   chokidar: [ '3.6.0' ],
234 silly audit   chownr: [ '2.0.0' ],
234 silly audit   'cipher-base': [ '1.0.4' ],
234 silly audit   cloudinary: [ '1.41.3' ],
234 silly audit   'cloudinary-core': [ '2.13.1' ],
234 silly audit   'color-support': [ '1.1.3' ],
234 silly audit   'combined-stream': [ '1.0.8' ],
234 silly audit   'concat-map': [ '0.0.1' ],
234 silly audit   'concat-stream': [ '1.6.2' ],
234 silly audit   'console-control-strings': [ '1.1.0' ],
234 silly audit   'content-disposition': [ '0.5.4' ],
234 silly audit   'content-type': [ '1.0.5' ],
234 silly audit   cookie: [ '0.7.2', '0.7.1' ],
234 silly audit   'cookie-parser': [ '1.4.7' ],
234 silly audit   'cookie-signature': [ '1.0.6' ],
234 silly audit   'core-js': [ '3.39.0' ],
234 silly audit   'core-util-is': [ '1.0.3' ],
234 silly audit   cors: [ '2.8.5' ],
234 silly audit   'create-hash': [ '1.2.0' ],
234 silly audit   'data-uri-to-buffer': [ '4.0.1' ],
234 silly audit   'decimal.js': [ '10.4.3' ],
234 silly audit   'define-data-property': [ '1.1.4' ],
234 silly audit   'delayed-stream': [ '1.0.0' ],
234 silly audit   delegates: [ '1.0.0' ],
234 silly audit   depd: [ '2.0.0' ],
234 silly audit   destroy: [ '1.2.0' ],
234 silly audit   'detect-browser': [ '5.3.0' ],
234 silly audit   'detect-libc': [ '2.0.3' ],
234 silly audit   'detect-node': [ '2.1.0' ],
234 silly audit   dotenv: [ '16.4.5' ],
234 silly audit   'ecdsa-sig-formatter': [ '1.0.11' ],
234 silly audit   'ee-first': [ '1.1.1' ],
234 silly audit   elliptic: [ '6.6.0' ],
234 silly audit   'emoji-regex': [ '8.0.0' ],
234 silly audit   encodeurl: [ '2.0.0', '1.0.2' ],
234 silly audit   'engine.io': [ '6.6.2' ],
234 silly audit   'engine.io-client': [ '6.6.2' ],
234 silly audit   'engine.io-parser': [ '5.2.3' ],
234 silly audit   'es-define-property': [ '1.0.0' ],
234 silly audit   'es-errors': [ '1.3.0' ],
234 silly audit   'es6-promise': [ '4.2.8' ],
234 silly audit   esbuild: [ '0.21.5' ],
234 silly audit   'escape-html': [ '1.0.3' ],
234 silly audit   etag: [ '1.8.1' ],
234 silly audit   ethers: [ '6.13.4' ],
234 silly audit   tslib: [ '2.7.0', '2.8.1' ],
234 silly audit   express: [ '4.21.1' ],
234 silly audit   'express-async-errors': [ '3.1.1' ],
234 silly audit   'express-mongo-sanitize': [ '2.2.0' ],
234 silly audit   'express-rate-limit': [ '7.4.1' ],
234 silly audit   'express-validator': [ '7.2.0' ],
234 silly audit   'fast-deep-equal': [ '3.1.3' ],
234 silly audit   'fetch-blob': [ '3.2.0' ],
234 silly audit   'fill-range': [ '7.1.1' ],
234 silly audit   finalhandler: [ '1.3.1' ],
234 silly audit   'follow-redirects': [ '1.15.9' ],
234 silly audit   'formdata-polyfill': [ '4.0.10' ],
234 silly audit   forwarded: [ '0.2.0' ],
234 silly audit   fresh: [ '0.5.2' ],
234 silly audit   'fs-minipass': [ '2.1.0' ],
234 silly audit   minipass: [ '3.3.6', '5.0.0' ],
234 silly audit   'fs.realpath': [ '1.0.0' ],
234 silly audit   fsevents: [ '2.3.3' ],
234 silly audit   'function-bind': [ '1.1.2' ],
234 silly audit   gauge: [ '3.0.2' ],
234 silly audit   'get-intrinsic': [ '1.2.4' ],
234 silly audit   glob: [ '7.2.3' ],
234 silly audit   'glob-parent': [ '5.1.2' ],
234 silly audit   gopd: [ '1.0.1' ],
234 silly audit   'has-flag': [ '3.0.0' ],
234 silly audit   'has-property-descriptors': [ '1.0.2' ],
234 silly audit   'has-proto': [ '1.0.3' ],
234 silly audit   'has-symbols': [ '1.0.3' ],
234 silly audit   'has-unicode': [ '2.0.1' ],
234 silly audit   'hash-base': [ '3.1.0' ],
234 silly audit   'hash.js': [ '1.1.7' ],
234 silly audit   hasown: [ '2.0.2' ],
234 silly audit   helmet: [ '8.0.0' ],
234 silly audit   'hmac-drbg': [ '1.0.1' ],
234 silly audit   'http-errors': [ '2.0.0' ],
234 silly audit   'http-status-codes': [ '2.3.0' ],
234 silly audit   'https-proxy-agent': [ '5.0.1' ],
234 silly audit   'iconv-lite': [ '0.4.24' ],
234 silly audit   ieee754: [ '1.2.1' ],
234 silly audit   'ignore-by-default': [ '1.0.1' ],
234 silly audit   inflight: [ '1.0.6' ],
234 silly audit   inherits: [ '2.0.4' ],
234 silly audit   'ipaddr.js': [ '1.9.1' ],
234 silly audit   'is-binary-path': [ '2.1.0' ],
234 silly audit   'is-buffer': [ '2.0.5' ],
234 silly audit   'is-extglob': [ '2.1.1' ],
234 silly audit   'is-fullwidth-code-point': [ '3.0.0' ],
234 silly audit   'is-glob': [ '4.0.3' ],
234 silly audit   'is-number': [ '7.0.0' ],
234 silly audit   'is-retry-allowed': [ '2.2.0' ],
234 silly audit   isarray: [ '1.0.0' ],
234 silly audit   isows: [ '1.0.6' ],
234 silly audit   joi: [ '17.13.3' ],
234 silly audit   'js-tokens': [ '4.0.0' ],
234 silly audit   'json-ptr': [ '3.1.1' ],
234 silly audit   jsonwebtoken: [ '9.0.2' ],
234 silly audit   jwa: [ '1.4.1' ],
234 silly audit   jws: [ '3.2.2' ],
234 silly audit   kareem: [ '2.6.3' ],
234 silly audit   lodash: [ '4.17.21' ],
234 silly audit   'lodash.defaultsdeep': [ '4.6.1' ],
234 silly audit   'lodash.flatmap': [ '4.5.0' ],
234 silly audit   'lodash.includes': [ '4.3.0' ],
234 silly audit   'lodash.isboolean': [ '3.0.3' ],
234 silly audit   'lodash.isinteger': [ '4.0.4' ],
234 silly audit   'lodash.isnumber': [ '3.0.3' ],
234 silly audit   'lodash.isplainobject': [ '4.0.6' ],
234 silly audit   'lodash.isstring': [ '4.0.1' ],
234 silly audit   'lodash.once': [ '4.1.1' ],
234 silly audit   long: [ '5.2.3' ],
234 silly audit   'loose-envify': [ '1.4.0' ],
234 silly audit   'make-dir': [ '3.1.0' ],
234 silly audit   semver: [ '6.3.1', '7.6.3' ],
234 silly audit   'md5.js': [ '1.3.5' ],
234 silly audit   'media-typer': [ '0.3.0' ],
234 silly audit   'memory-pager': [ '1.5.0' ],
234 silly audit   'merge-descriptors': [ '1.0.3' ],
234 silly audit   methods: [ '1.1.2' ],
234 silly audit   mime: [ '1.6.0' ],
234 silly audit   'mime-db': [ '1.52.0' ],
234 silly audit   'mime-types': [ '2.1.35' ],
234 silly audit   'minimalistic-assert': [ '1.0.1' ],
234 silly audit   'minimalistic-crypto-utils': [ '1.0.1' ],
234 silly audit   minimatch: [ '3.1.2' ],
234 silly audit   minimist: [ '1.2.8' ],
234 silly audit   minizlib: [ '2.1.2' ],
234 silly audit   mkdirp: [ '0.5.6', '1.0.4' ],
234 silly audit   moment: [ '2.30.1' ],
234 silly audit   mongodb: [ '6.10.0' ],
234 silly audit   'mongodb-connection-string-url': [ '3.0.1' ],
234 silly audit   mongoose: [ '8.8.0' ],
234 silly audit   morgan: [ '1.10.0' ],
234 silly audit   'on-finished': [ '2.3.0', '2.4.1' ],
234 silly audit   mpath: [ '0.9.0' ],
234 silly audit   mquery: [ '5.0.0' ],
234 silly audit   multer: [ '1.4.5-lts.1' ],
234 silly audit   'multer-storage-cloudinary': [ '4.0.0' ],
234 silly audit   nanoid: [ '3.3.7' ],
234 silly audit   negotiator: [ '0.6.3' ],
234 silly audit   'node-addon-api': [ '5.1.0' ],
234 silly audit   'node-domexception': [ '1.0.0' ],
234 silly audit   'node-forge': [ '1.3.1' ],
234 silly audit   'node-gyp-build': [ '4.8.2' ],
234 silly audit   'node-jose': [ '2.2.0' ],
234 silly audit   nodemailer: [ '6.9.16' ],
234 silly audit   nodemon: [ '3.1.7' ],
234 silly audit   nopt: [ '5.0.0' ],
234 silly audit   'normalize-path': [ '3.0.0' ],
234 silly audit   npmlog: [ '5.0.1' ],
234 silly audit   'object-assign': [ '4.1.1' ],
234 silly audit   'object-inspect': [ '1.13.2' ],
234 silly audit   'on-headers': [ '1.0.2' ],
234 silly audit   once: [ '1.4.0' ],
234 silly audit   pako: [ '2.1.0' ],
234 silly audit   parseurl: [ '1.3.3' ],
234 silly audit   'path-is-absolute': [ '1.0.1' ],
234 silly audit   'path-to-regexp': [ '0.1.10' ],
234 silly audit   picocolors: [ '1.1.1' ],
234 silly audit   picomatch: [ '2.3.1' ],
234 silly audit   postcss: [ '8.4.47' ],
234 silly audit   process: [ '0.11.10' ],
234 silly audit   'process-nextick-args': [ '2.0.1' ],
234 silly audit   'prop-types': [ '15.8.1' ],
234 silly audit   'proxy-addr': [ '2.0.7' ],
234 silly audit   'proxy-from-env': [ '1.1.0' ],
234 silly audit   'pstree.remy': [ '1.1.8' ],
234 silly audit   punycode: [ '2.3.1' ],
234 silly audit   q: [ '1.5.1' ],
234 silly audit   qs: [ '6.13.0' ],
234 silly audit   'range-parser': [ '1.2.1' ],
234 silly audit   'raw-body': [ '2.5.2' ],
234 silly audit   react: [ '18.3.1' ],
234 silly audit   'react-is': [ '16.13.1' ],
234 silly audit   'react-moment': [ '1.1.3' ],
234 silly audit   readdirp: [ '3.6.0' ],
234 silly audit   rimraf: [ '3.0.2' ],
234 silly audit   ripemd160: [ '2.0.2' ],
234 silly audit   rollup: [ '4.24.4' ],
234 silly audit   'safer-buffer': [ '2.1.2' ],
234 silly audit   secp256k1: [ '5.0.1' ],
234 silly audit   send: [ '0.19.0' ],
234 silly audit   'serve-static': [ '1.16.2' ],
234 silly audit   'set-blocking': [ '2.0.0' ],
234 silly audit   'set-function-length': [ '1.2.2' ],
234 silly audit   setprototypeof: [ '1.2.0' ],
234 silly audit   'sha.js': [ '2.4.11' ],
234 silly audit   'side-channel': [ '1.0.6' ],
234 silly audit   sift: [ '17.1.3' ],
234 silly audit   'signal-exit': [ '3.0.7' ],
234 silly audit   'simple-update-notifier': [ '2.0.0' ],
234 silly audit   'socket.io': [ '4.8.1' ],
234 silly audit   'socket.io-adapter': [ '2.5.5' ],
234 silly audit   'socket.io-client': [ '4.8.1' ],
234 silly audit   'socket.io-parser': [ '4.2.4' ],
234 silly audit   'source-map-js': [ '1.2.1' ],
234 silly audit   'sparse-bitfield': [ '3.0.3' ],
234 silly audit   'sprintf-js': [ '1.0.3' ],
234 silly audit   statuses: [ '2.0.1' ],
234 silly audit   streamsearch: [ '1.1.0' ],
234 silly audit   string_decoder: [ '1.1.1' ],
234 silly audit   'string-width': [ '4.2.3' ],
234 silly audit   'strip-ansi': [ '6.0.1' ],
234 silly audit   stripe: [ '17.3.1' ],
234 silly audit   'supports-color': [ '5.5.0' ],
234 silly audit   'swagger-ui-dist': [ '5.18.2' ],
234 silly audit   'swagger-ui-express': [ '5.0.1' ],
234 silly audit   tar: [ '6.2.1' ],
234 silly audit   'tiny-warning': [ '1.0.3' ],
234 silly audit   'to-regex-range': [ '5.0.1' ],
234 silly audit   toidentifier: [ '1.0.1' ],
234 silly audit   touch: [ '3.1.1' ],
234 silly audit   'type-is': [ '1.6.18' ],
234 silly audit   typedarray: [ '0.0.6' ],
234 silly audit   typeforce: [ '1.18.0' ],
234 silly audit   undefsafe: [ '2.0.5' ],
234 silly audit   'undici-types': [ '6.19.8' ],
234 silly audit   unpipe: [ '1.0.0' ],
234 silly audit   'util-deprecate': [ '1.0.2' ],
234 silly audit   'utils-merge': [ '1.0.1' ],
234 silly audit   uuid: [ '9.0.1' ],
234 silly audit   validator: [ '13.12.0' ],
234 silly audit   vary: [ '1.1.2' ],
234 silly audit   viem: [ '2.21.42' ],
234 silly audit   ws: [ '8.18.0', '8.17.1' ],
234 silly audit   vite: [ '5.4.10' ],
234 silly audit   'web-streams-polyfill': [ '3.3.3' ],
234 silly audit   'webauthn-p256': [ '0.0.10' ],
234 silly audit   'wide-align': [ '1.1.5' ],
234 silly audit   wif: [ '2.0.6' ],
234 silly audit   wrappy: [ '1.0.2' ],
234 silly audit   'xmlhttprequest-ssl': [ '2.1.2' ],
234 silly audit   xtend: [ '4.0.2' ],
234 silly audit   yallist: [ '4.0.0' ],
234 silly audit   yamljs: [ '0.3.0' ],
234 silly audit   zod: [ '3.23.8' ],
234 silly audit   '@magicbell/core': [ '5.1.0' ],
234 silly audit   ably: [ '1.2.50' ],
234 silly audit   dayjs: [ '1.11.13' ],
234 silly audit   dompurify: [ '3.2.3' ],
234 silly audit   humps: [ '2.0.1' ],
234 silly audit   'lodash-es': [ '4.17.21' ],
234 silly audit   mitt: [ '3.0.1' ],
234 silly audit   pluralize: [ '8.0.0' ],
234 silly audit   '@types/trusted-types': [ '2.0.7' ],
234 silly audit   '@ably/msgpack-js': [ '0.4.0' ],
234 silly audit   got: [ '11.8.6' ],
234 silly audit   bops: [ '1.0.1' ],
234 silly audit   'to-utf8': [ '0.0.1' ],
234 silly audit   '@sindresorhus/is': [ '4.6.0' ],
234 silly audit   '@szmarczak/http-timer': [ '4.0.6' ],
234 silly audit   '@types/cacheable-request': [ '6.0.3' ],
234 silly audit   '@types/responselike': [ '1.0.3' ],
234 silly audit   'cacheable-lookup': [ '5.0.4' ],
234 silly audit   'cacheable-request': [ '7.0.4' ],
234 silly audit   'decompress-response': [ '6.0.0' ],
234 silly audit   'http2-wrapper': [ '1.0.3' ],
234 silly audit   'lowercase-keys': [ '2.0.0' ],
234 silly audit   'p-cancelable': [ '2.1.1' ],
234 silly audit   responselike: [ '2.0.1' ],
234 silly audit   'defer-to-connect': [ '2.0.1' ],
234 silly audit   '@types/http-cache-semantics': [ '4.0.4' ],
234 silly audit   '@types/keyv': [ '3.1.4' ],
234 silly audit   'clone-response': [ '1.0.3' ],
234 silly audit   'get-stream': [ '5.2.0' ],
234 silly audit   'http-cache-semantics': [ '4.1.1' ],
234 silly audit   keyv: [ '4.5.4' ],
234 silly audit   'normalize-url': [ '6.1.0' ],
234 silly audit   'mimic-response': [ '1.0.1', '3.1.0' ],
234 silly audit   pump: [ '3.0.2' ],
234 silly audit   'quick-lru': [ '5.1.1' ],
234 silly audit   'resolve-alpn': [ '1.2.1' ],
234 silly audit   'json-buffer': [ '3.0.1' ],
234 silly audit   'end-of-stream': [ '1.4.4' ]
234 silly audit }
235 verbose reify failed optional dependency C:\Users\eymer\OneDrive\Bureau\julien-site-web-3\server\node_modules\fsevents
236 silly reify mark deleted [
236 silly reify   'C:\\Users\\eymer\\OneDrive\\Bureau\\julien-site-web-3\\server\\node_modules\\fsevents'
236 silly reify ]
237 verbose reify failed optional dependency C:\Users\eymer\OneDrive\Bureau\julien-site-web-3\server\node_modules\@rollup\rollup-win32-ia32-msvc
238 silly reify mark deleted [
238 silly reify   'C:\\Users\\eymer\\OneDrive\\Bureau\\julien-site-web-3\\server\\node_modules\\@rollup\\rollup-win32-ia32-msvc'
238 silly reify ]
239 verbose reify failed optional dependency C:\Users\eymer\OneDrive\Bureau\julien-site-web-3\server\node_modules\@rollup\rollup-win32-arm64-msvc
240 silly reify mark deleted [
240 silly reify   'C:\\Users\\eymer\\OneDrive\\Bureau\\julien-site-web-3\\server\\node_modules\\@rollup\\rollup-win32-arm64-msvc'
240 silly reify ]
241 verbose reify failed optional dependency C:\Users\eymer\OneDrive\Bureau\julien-site-web-3\server\node_modules\@rollup\rollup-linux-x64-musl
242 silly reify mark deleted [
242 silly reify   'C:\\Users\\eymer\\OneDrive\\Bureau\\julien-site-web-3\\server\\node_modules\\@rollup\\rollup-linux-x64-musl'
242 silly reify ]
243 verbose reify failed optional dependency C:\Users\eymer\OneDrive\Bureau\julien-site-web-3\server\node_modules\@rollup\rollup-linux-x64-gnu
244 silly reify mark deleted [
244 silly reify   'C:\\Users\\eymer\\OneDrive\\Bureau\\julien-site-web-3\\server\\node_modules\\@rollup\\rollup-linux-x64-gnu'
244 silly reify ]
245 verbose reify failed optional dependency C:\Users\eymer\OneDrive\Bureau\julien-site-web-3\server\node_modules\@rollup\rollup-linux-s390x-gnu
246 silly reify mark deleted [
246 silly reify   'C:\\Users\\eymer\\OneDrive\\Bureau\\julien-site-web-3\\server\\node_modules\\@rollup\\rollup-linux-s390x-gnu'
246 silly reify ]
247 verbose reify failed optional dependency C:\Users\eymer\OneDrive\Bureau\julien-site-web-3\server\node_modules\@rollup\rollup-linux-riscv64-gnu
248 silly reify mark deleted [
248 silly reify   'C:\\Users\\eymer\\OneDrive\\Bureau\\julien-site-web-3\\server\\node_modules\\@rollup\\rollup-linux-riscv64-gnu'
248 silly reify ]
249 verbose reify failed optional dependency C:\Users\eymer\OneDrive\Bureau\julien-site-web-3\server\node_modules\@rollup\rollup-linux-powerpc64le-gnu
250 silly reify mark deleted [
250 silly reify   'C:\\Users\\eymer\\OneDrive\\Bureau\\julien-site-web-3\\server\\node_modules\\@rollup\\rollup-linux-powerpc64le-gnu'
250 silly reify ]
251 verbose reify failed optional dependency C:\Users\eymer\OneDrive\Bureau\julien-site-web-3\server\node_modules\@rollup\rollup-linux-arm64-musl
252 silly reify mark deleted [
252 silly reify   'C:\\Users\\eymer\\OneDrive\\Bureau\\julien-site-web-3\\server\\node_modules\\@rollup\\rollup-linux-arm64-musl'
252 silly reify ]
253 verbose reify failed optional dependency C:\Users\eymer\OneDrive\Bureau\julien-site-web-3\server\node_modules\@rollup\rollup-linux-arm64-gnu
254 silly reify mark deleted [
254 silly reify   'C:\\Users\\eymer\\OneDrive\\Bureau\\julien-site-web-3\\server\\node_modules\\@rollup\\rollup-linux-arm64-gnu'
254 silly reify ]
255 verbose reify failed optional dependency C:\Users\eymer\OneDrive\Bureau\julien-site-web-3\server\node_modules\@rollup\rollup-linux-arm-musleabihf
256 silly reify mark deleted [
256 silly reify   'C:\\Users\\eymer\\OneDrive\\Bureau\\julien-site-web-3\\server\\node_modules\\@rollup\\rollup-linux-arm-musleabihf'
256 silly reify ]
257 verbose reify failed optional dependency C:\Users\eymer\OneDrive\Bureau\julien-site-web-3\server\node_modules\@rollup\rollup-linux-arm-gnueabihf
258 silly reify mark deleted [
258 silly reify   'C:\\Users\\eymer\\OneDrive\\Bureau\\julien-site-web-3\\server\\node_modules\\@rollup\\rollup-linux-arm-gnueabihf'
258 silly reify ]
259 verbose reify failed optional dependency C:\Users\eymer\OneDrive\Bureau\julien-site-web-3\server\node_modules\@rollup\rollup-freebsd-x64
260 silly reify mark deleted [
260 silly reify   'C:\\Users\\eymer\\OneDrive\\Bureau\\julien-site-web-3\\server\\node_modules\\@rollup\\rollup-freebsd-x64'
260 silly reify ]
261 verbose reify failed optional dependency C:\Users\eymer\OneDrive\Bureau\julien-site-web-3\server\node_modules\@rollup\rollup-freebsd-arm64
262 silly reify mark deleted [
262 silly reify   'C:\\Users\\eymer\\OneDrive\\Bureau\\julien-site-web-3\\server\\node_modules\\@rollup\\rollup-freebsd-arm64'
262 silly reify ]
263 verbose reify failed optional dependency C:\Users\eymer\OneDrive\Bureau\julien-site-web-3\server\node_modules\@rollup\rollup-darwin-x64
264 silly reify mark deleted [
264 silly reify   'C:\\Users\\eymer\\OneDrive\\Bureau\\julien-site-web-3\\server\\node_modules\\@rollup\\rollup-darwin-x64'
264 silly reify ]
265 verbose reify failed optional dependency C:\Users\eymer\OneDrive\Bureau\julien-site-web-3\server\node_modules\@rollup\rollup-darwin-arm64
266 silly reify mark deleted [
266 silly reify   'C:\\Users\\eymer\\OneDrive\\Bureau\\julien-site-web-3\\server\\node_modules\\@rollup\\rollup-darwin-arm64'
266 silly reify ]
267 verbose reify failed optional dependency C:\Users\eymer\OneDrive\Bureau\julien-site-web-3\server\node_modules\@rollup\rollup-android-arm64
268 silly reify mark deleted [
268 silly reify   'C:\\Users\\eymer\\OneDrive\\Bureau\\julien-site-web-3\\server\\node_modules\\@rollup\\rollup-android-arm64'
268 silly reify ]
269 verbose reify failed optional dependency C:\Users\eymer\OneDrive\Bureau\julien-site-web-3\server\node_modules\@rollup\rollup-android-arm-eabi
270 silly reify mark deleted [
270 silly reify   'C:\\Users\\eymer\\OneDrive\\Bureau\\julien-site-web-3\\server\\node_modules\\@rollup\\rollup-android-arm-eabi'
270 silly reify ]
271 verbose reify failed optional dependency C:\Users\eymer\OneDrive\Bureau\julien-site-web-3\server\node_modules\@esbuild\win32-ia32
272 silly reify mark deleted [
272 silly reify   'C:\\Users\\eymer\\OneDrive\\Bureau\\julien-site-web-3\\server\\node_modules\\@esbuild\\win32-ia32'
272 silly reify ]
273 verbose reify failed optional dependency C:\Users\eymer\OneDrive\Bureau\julien-site-web-3\server\node_modules\@esbuild\win32-arm64
274 silly reify mark deleted [
274 silly reify   'C:\\Users\\eymer\\OneDrive\\Bureau\\julien-site-web-3\\server\\node_modules\\@esbuild\\win32-arm64'
274 silly reify ]
275 verbose reify failed optional dependency C:\Users\eymer\OneDrive\Bureau\julien-site-web-3\server\node_modules\@esbuild\sunos-x64
276 silly reify mark deleted [
276 silly reify   'C:\\Users\\eymer\\OneDrive\\Bureau\\julien-site-web-3\\server\\node_modules\\@esbuild\\sunos-x64'
276 silly reify ]
277 verbose reify failed optional dependency C:\Users\eymer\OneDrive\Bureau\julien-site-web-3\server\node_modules\@esbuild\openbsd-x64
278 silly reify mark deleted [
278 silly reify   'C:\\Users\\eymer\\OneDrive\\Bureau\\julien-site-web-3\\server\\node_modules\\@esbuild\\openbsd-x64'
278 silly reify ]
279 verbose reify failed optional dependency C:\Users\eymer\OneDrive\Bureau\julien-site-web-3\server\node_modules\@esbuild\netbsd-x64
280 silly reify mark deleted [
280 silly reify   'C:\\Users\\eymer\\OneDrive\\Bureau\\julien-site-web-3\\server\\node_modules\\@esbuild\\netbsd-x64'
280 silly reify ]
281 verbose reify failed optional dependency C:\Users\eymer\OneDrive\Bureau\julien-site-web-3\server\node_modules\@esbuild\linux-x64
282 silly reify mark deleted [
282 silly reify   'C:\\Users\\eymer\\OneDrive\\Bureau\\julien-site-web-3\\server\\node_modules\\@esbuild\\linux-x64'
282 silly reify ]
283 verbose reify failed optional dependency C:\Users\eymer\OneDrive\Bureau\julien-site-web-3\server\node_modules\@esbuild\linux-s390x
284 silly reify mark deleted [
284 silly reify   'C:\\Users\\eymer\\OneDrive\\Bureau\\julien-site-web-3\\server\\node_modules\\@esbuild\\linux-s390x'
284 silly reify ]
285 verbose reify failed optional dependency C:\Users\eymer\OneDrive\Bureau\julien-site-web-3\server\node_modules\@esbuild\linux-riscv64
286 silly reify mark deleted [
286 silly reify   'C:\\Users\\eymer\\OneDrive\\Bureau\\julien-site-web-3\\server\\node_modules\\@esbuild\\linux-riscv64'
286 silly reify ]
287 verbose reify failed optional dependency C:\Users\eymer\OneDrive\Bureau\julien-site-web-3\server\node_modules\@esbuild\linux-ppc64
288 silly reify mark deleted [
288 silly reify   'C:\\Users\\eymer\\OneDrive\\Bureau\\julien-site-web-3\\server\\node_modules\\@esbuild\\linux-ppc64'
288 silly reify ]
289 verbose reify failed optional dependency C:\Users\eymer\OneDrive\Bureau\julien-site-web-3\server\node_modules\@esbuild\linux-mips64el
290 silly reify mark deleted [
290 silly reify   'C:\\Users\\eymer\\OneDrive\\Bureau\\julien-site-web-3\\server\\node_modules\\@esbuild\\linux-mips64el'
290 silly reify ]
291 verbose reify failed optional dependency C:\Users\eymer\OneDrive\Bureau\julien-site-web-3\server\node_modules\@esbuild\linux-loong64
292 silly reify mark deleted [
292 silly reify   'C:\\Users\\eymer\\OneDrive\\Bureau\\julien-site-web-3\\server\\node_modules\\@esbuild\\linux-loong64'
292 silly reify ]
293 verbose reify failed optional dependency C:\Users\eymer\OneDrive\Bureau\julien-site-web-3\server\node_modules\@esbuild\linux-ia32
294 silly reify mark deleted [
294 silly reify   'C:\\Users\\eymer\\OneDrive\\Bureau\\julien-site-web-3\\server\\node_modules\\@esbuild\\linux-ia32'
294 silly reify ]
295 verbose reify failed optional dependency C:\Users\eymer\OneDrive\Bureau\julien-site-web-3\server\node_modules\@esbuild\linux-arm64
296 silly reify mark deleted [
296 silly reify   'C:\\Users\\eymer\\OneDrive\\Bureau\\julien-site-web-3\\server\\node_modules\\@esbuild\\linux-arm64'
296 silly reify ]
297 verbose reify failed optional dependency C:\Users\eymer\OneDrive\Bureau\julien-site-web-3\server\node_modules\@esbuild\linux-arm
298 silly reify mark deleted [
298 silly reify   'C:\\Users\\eymer\\OneDrive\\Bureau\\julien-site-web-3\\server\\node_modules\\@esbuild\\linux-arm'
298 silly reify ]
299 verbose reify failed optional dependency C:\Users\eymer\OneDrive\Bureau\julien-site-web-3\server\node_modules\@esbuild\freebsd-x64
300 silly reify mark deleted [
300 silly reify   'C:\\Users\\eymer\\OneDrive\\Bureau\\julien-site-web-3\\server\\node_modules\\@esbuild\\freebsd-x64'
300 silly reify ]
301 verbose reify failed optional dependency C:\Users\eymer\OneDrive\Bureau\julien-site-web-3\server\node_modules\@esbuild\freebsd-arm64
302 silly reify mark deleted [
302 silly reify   'C:\\Users\\eymer\\OneDrive\\Bureau\\julien-site-web-3\\server\\node_modules\\@esbuild\\freebsd-arm64'
302 silly reify ]
303 verbose reify failed optional dependency C:\Users\eymer\OneDrive\Bureau\julien-site-web-3\server\node_modules\@esbuild\darwin-x64
304 silly reify mark deleted [
304 silly reify   'C:\\Users\\eymer\\OneDrive\\Bureau\\julien-site-web-3\\server\\node_modules\\@esbuild\\darwin-x64'
304 silly reify ]
305 verbose reify failed optional dependency C:\Users\eymer\OneDrive\Bureau\julien-site-web-3\server\node_modules\@esbuild\darwin-arm64
306 silly reify mark deleted [
306 silly reify   'C:\\Users\\eymer\\OneDrive\\Bureau\\julien-site-web-3\\server\\node_modules\\@esbuild\\darwin-arm64'
306 silly reify ]
307 verbose reify failed optional dependency C:\Users\eymer\OneDrive\Bureau\julien-site-web-3\server\node_modules\@esbuild\android-x64
308 silly reify mark deleted [
308 silly reify   'C:\\Users\\eymer\\OneDrive\\Bureau\\julien-site-web-3\\server\\node_modules\\@esbuild\\android-x64'
308 silly reify ]
309 verbose reify failed optional dependency C:\Users\eymer\OneDrive\Bureau\julien-site-web-3\server\node_modules\@esbuild\android-arm64
310 silly reify mark deleted [
310 silly reify   'C:\\Users\\eymer\\OneDrive\\Bureau\\julien-site-web-3\\server\\node_modules\\@esbuild\\android-arm64'
310 silly reify ]
311 verbose reify failed optional dependency C:\Users\eymer\OneDrive\Bureau\julien-site-web-3\server\node_modules\@esbuild\android-arm
312 silly reify mark deleted [
312 silly reify   'C:\\Users\\eymer\\OneDrive\\Bureau\\julien-site-web-3\\server\\node_modules\\@esbuild\\android-arm'
312 silly reify ]
313 verbose reify failed optional dependency C:\Users\eymer\OneDrive\Bureau\julien-site-web-3\server\node_modules\@esbuild\aix-ppc64
314 silly reify mark deleted [
314 silly reify   'C:\\Users\\eymer\\OneDrive\\Bureau\\julien-site-web-3\\server\\node_modules\\@esbuild\\aix-ppc64'
314 silly reify ]
315 silly tarball no local data for end-of-stream@https://registry.npmjs.org/end-of-stream/-/end-of-stream-1.4.4.tgz. Extracting by manifest.
316 silly tarball no local data for json-buffer@https://registry.npmjs.org/json-buffer/-/json-buffer-3.0.1.tgz. Extracting by manifest.
317 silly tarball no local data for resolve-alpn@https://registry.npmjs.org/resolve-alpn/-/resolve-alpn-1.2.1.tgz. Extracting by manifest.
318 silly tarball no local data for quick-lru@https://registry.npmjs.org/quick-lru/-/quick-lru-5.1.1.tgz. Extracting by manifest.
319 silly tarball no local data for pump@https://registry.npmjs.org/pump/-/pump-3.0.2.tgz. Extracting by manifest.
320 silly tarball no local data for mimic-response@https://registry.npmjs.org/mimic-response/-/mimic-response-1.0.1.tgz. Extracting by manifest.
321 silly tarball no local data for normalize-url@https://registry.npmjs.org/normalize-url/-/normalize-url-6.1.0.tgz. Extracting by manifest.
322 silly tarball no local data for keyv@https://registry.npmjs.org/keyv/-/keyv-4.5.4.tgz. Extracting by manifest.
323 silly tarball no local data for http-cache-semantics@https://registry.npmjs.org/http-cache-semantics/-/http-cache-semantics-4.1.1.tgz. Extracting by manifest.
324 silly tarball no local data for get-stream@https://registry.npmjs.org/get-stream/-/get-stream-5.2.0.tgz. Extracting by manifest.
325 silly tarball no local data for clone-response@https://registry.npmjs.org/clone-response/-/clone-response-1.0.3.tgz. Extracting by manifest.
326 silly tarball no local data for @types/keyv@https://registry.npmjs.org/@types/keyv/-/keyv-3.1.4.tgz. Extracting by manifest.
327 silly tarball no local data for @types/http-cache-semantics@https://registry.npmjs.org/@types/http-cache-semantics/-/http-cache-semantics-4.0.4.tgz. Extracting by manifest.
328 silly tarball no local data for defer-to-connect@https://registry.npmjs.org/defer-to-connect/-/defer-to-connect-2.0.1.tgz. Extracting by manifest.
329 silly tarball no local data for responselike@https://registry.npmjs.org/responselike/-/responselike-2.0.1.tgz. Extracting by manifest.
330 silly tarball no local data for p-cancelable@https://registry.npmjs.org/p-cancelable/-/p-cancelable-2.1.1.tgz. Extracting by manifest.
331 silly tarball no local data for lowercase-keys@https://registry.npmjs.org/lowercase-keys/-/lowercase-keys-2.0.0.tgz. Extracting by manifest.
332 silly tarball no local data for http2-wrapper@https://registry.npmjs.org/http2-wrapper/-/http2-wrapper-1.0.3.tgz. Extracting by manifest.
333 silly tarball no local data for cacheable-request@https://registry.npmjs.org/cacheable-request/-/cacheable-request-7.0.4.tgz. Extracting by manifest.
334 silly tarball no local data for decompress-response@https://registry.npmjs.org/decompress-response/-/decompress-response-6.0.0.tgz. Extracting by manifest.
335 silly tarball no local data for cacheable-lookup@https://registry.npmjs.org/cacheable-lookup/-/cacheable-lookup-5.0.4.tgz. Extracting by manifest.
336 silly tarball no local data for @types/responselike@https://registry.npmjs.org/@types/responselike/-/responselike-1.0.3.tgz. Extracting by manifest.
337 silly tarball no local data for @szmarczak/http-timer@https://registry.npmjs.org/@szmarczak/http-timer/-/http-timer-4.0.6.tgz. Extracting by manifest.
338 silly tarball no local data for @types/cacheable-request@https://registry.npmjs.org/@types/cacheable-request/-/cacheable-request-6.0.3.tgz. Extracting by manifest.
339 silly tarball no local data for @sindresorhus/is@https://registry.npmjs.org/@sindresorhus/is/-/is-4.6.0.tgz. Extracting by manifest.
340 silly tarball no local data for to-utf8@https://registry.npmjs.org/to-utf8/-/to-utf8-0.0.1.tgz. Extracting by manifest.
341 silly tarball no local data for bops@https://registry.npmjs.org/bops/-/bops-1.0.1.tgz. Extracting by manifest.
342 silly tarball no local data for got@https://registry.npmjs.org/got/-/got-11.8.6.tgz. Extracting by manifest.
343 silly tarball no local data for @ably/msgpack-js@https://registry.npmjs.org/@ably/msgpack-js/-/msgpack-js-0.4.0.tgz. Extracting by manifest.
344 silly tarball no local data for @types/trusted-types@https://registry.npmjs.org/@types/trusted-types/-/trusted-types-2.0.7.tgz. Extracting by manifest.
345 silly tarball no local data for pluralize@https://registry.npmjs.org/pluralize/-/pluralize-8.0.0.tgz. Extracting by manifest.
346 silly tarball no local data for mitt@https://registry.npmjs.org/mitt/-/mitt-3.0.1.tgz. Extracting by manifest.
347 silly tarball no local data for lodash-es@https://registry.npmjs.org/lodash-es/-/lodash-es-4.17.21.tgz. Extracting by manifest.
348 silly tarball no local data for dompurify@https://registry.npmjs.org/dompurify/-/dompurify-3.2.3.tgz. Extracting by manifest.
349 silly tarball no local data for humps@https://registry.npmjs.org/humps/-/humps-2.0.1.tgz. Extracting by manifest.
350 silly tarball no local data for dayjs@https://registry.npmjs.org/dayjs/-/dayjs-1.11.13.tgz. Extracting by manifest.
351 silly tarball no local data for @magicbell/core@https://registry.npmjs.org/@magicbell/core/-/core-5.1.0.tgz. Extracting by manifest.
352 silly tarball no local data for mimic-response@https://registry.npmjs.org/mimic-response/-/mimic-response-3.1.0.tgz. Extracting by manifest.
353 silly tarball no local data for base64-js@https://registry.npmjs.org/base64-js/-/base64-js-1.0.2.tgz. Extracting by manifest.
354 silly tarball no local data for ably@https://registry.npmjs.org/ably/-/ably-1.2.50.tgz. Extracting by manifest.
355 silly tarball no local data for axios@https://registry.npmjs.org/axios/-/axios-0.28.1.tgz. Extracting by manifest.
356 http fetch GET 200 https://registry.npmjs.org/end-of-stream/-/end-of-stream-1.4.4.tgz 259ms (cache miss)
357 http fetch GET 200 https://registry.npmjs.org/pump/-/pump-3.0.2.tgz 335ms (cache miss)
358 http fetch GET 200 https://registry.npmjs.org/json-buffer/-/json-buffer-3.0.1.tgz 417ms (cache miss)
359 http fetch GET 200 https://registry.npmjs.org/mimic-response/-/mimic-response-1.0.1.tgz 415ms (cache miss)
360 http fetch GET 200 https://registry.npmjs.org/responselike/-/responselike-2.0.1.tgz 563ms (cache miss)
361 http fetch GET 200 https://registry.npmjs.org/p-cancelable/-/p-cancelable-2.1.1.tgz 621ms (cache miss)
362 http fetch GET 200 https://registry.npmjs.org/normalize-url/-/normalize-url-6.1.0.tgz 657ms (cache miss)
363 http fetch GET 200 https://registry.npmjs.org/get-stream/-/get-stream-5.2.0.tgz 713ms (cache miss)
364 http fetch GET 200 https://registry.npmjs.org/lowercase-keys/-/lowercase-keys-2.0.0.tgz 756ms (cache miss)
365 http fetch GET 200 https://registry.npmjs.org/@types/keyv/-/keyv-3.1.4.tgz 790ms (cache miss)
366 http fetch GET 200 https://registry.npmjs.org/resolve-alpn/-/resolve-alpn-1.2.1.tgz 801ms (cache miss)
367 http fetch GET 200 https://registry.npmjs.org/clone-response/-/clone-response-1.0.3.tgz 797ms (cache miss)
368 http fetch GET 200 https://registry.npmjs.org/http-cache-semantics/-/http-cache-semantics-4.1.1.tgz 802ms (cache miss)
369 http fetch GET 200 https://registry.npmjs.org/http2-wrapper/-/http2-wrapper-1.0.3.tgz 792ms (cache miss)
370 http fetch GET 200 https://registry.npmjs.org/quick-lru/-/quick-lru-5.1.1.tgz 850ms (cache miss)
371 http fetch POST 200 https://registry.npmjs.org/-/npm/v1/security/advisories/bulk 964ms
372 silly audit report {
372 silly audit report   mongoose: [
372 silly audit report     {
372 silly audit report       id: 1101063,
372 silly audit report       url: 'https://github.com/advisories/GHSA-m7xq-9374-9rvx',
372 silly audit report       title: 'Mongoose search injection vulnerability',
372 silly audit report       severity: 'high',
372 silly audit report       vulnerable_versions: '>=8.0.0-rc0 <8.8.3',
372 silly audit report       cwe: [Array],
372 silly audit report       cvss: [Object]
372 silly audit report     }
372 silly audit report   ],
372 silly audit report   'path-to-regexp': [
372 silly audit report     {
372 silly audit report       id: 1101081,
372 silly audit report       url: 'https://github.com/advisories/GHSA-rhx6-c78j-4q9w',
372 silly audit report       title: 'Unpatched `path-to-regexp` ReDoS in 0.1.x',
372 silly audit report       severity: 'moderate',
372 silly audit report       vulnerable_versions: '<0.1.12',
372 silly audit report       cwe: [Array],
372 silly audit report       cvss: [Object]
372 silly audit report     }
372 silly audit report   ]
372 silly audit report }
373 silly packumentCache corgi:https://registry.npmjs.org/mongoose cache-miss
374 silly packumentCache corgi:https://registry.npmjs.org/path-to-regexp cache-miss
375 http fetch GET 200 https://registry.npmjs.org/@types/http-cache-semantics/-/http-cache-semantics-4.0.4.tgz 908ms (cache miss)
376 http fetch GET 200 https://registry.npmjs.org/defer-to-connect/-/defer-to-connect-2.0.1.tgz 921ms (cache miss)
377 http fetch GET 200 https://registry.npmjs.org/cacheable-lookup/-/cacheable-lookup-5.0.4.tgz 930ms (cache miss)
378 http fetch GET 200 https://registry.npmjs.org/decompress-response/-/decompress-response-6.0.0.tgz 1050ms (cache miss)
379 http fetch GET 200 https://registry.npmjs.org/cacheable-request/-/cacheable-request-7.0.4.tgz 1162ms (cache miss)
380 http fetch GET 200 https://registry.npmjs.org/bops/-/bops-1.0.1.tgz 1169ms (cache miss)
381 http fetch GET 200 https://registry.npmjs.org/got/-/got-11.8.6.tgz 1227ms (cache miss)
382 http fetch GET 200 https://registry.npmjs.org/to-utf8/-/to-utf8-0.0.1.tgz 1234ms (cache miss)
383 http fetch GET 200 https://registry.npmjs.org/@types/responselike/-/responselike-1.0.3.tgz 1263ms (cache miss)
384 http fetch GET 200 https://registry.npmjs.org/keyv/-/keyv-4.5.4.tgz 1283ms (cache miss)
385 http fetch GET 200 https://registry.npmjs.org/@ably/msgpack-js/-/msgpack-js-0.4.0.tgz 1345ms (cache miss)
386 http fetch GET 200 https://registry.npmjs.org/dompurify/-/dompurify-3.2.3.tgz 1375ms (cache miss)
387 http fetch GET 200 https://registry.npmjs.org/pluralize/-/pluralize-8.0.0.tgz 1442ms (cache miss)
388 http fetch GET 200 https://registry.npmjs.org/@types/trusted-types/-/trusted-types-2.0.7.tgz 1462ms (cache miss)
389 http fetch GET 200 https://registry.npmjs.org/@sindresorhus/is/-/is-4.6.0.tgz 1507ms (cache miss)
390 http fetch GET 200 https://registry.npmjs.org/mitt/-/mitt-3.0.1.tgz 1562ms (cache miss)
391 http fetch GET 200 https://registry.npmjs.org/path-to-regexp 876ms (cache revalidated)
392 silly packumentCache corgi:https://registry.npmjs.org/path-to-regexp set size:62557 disposed:false
393 http fetch GET 200 https://registry.npmjs.org/mongoose 923ms (cache revalidated)
394 silly packumentCache corgi:https://registry.npmjs.org/mongoose set size:1448296 disposed:false
395 silly packumentCache corgi:https://registry.npmjs.org/express cache-miss
396 http fetch GET 200 https://registry.npmjs.org/base64-js/-/base64-js-1.0.2.tgz 1830ms (cache miss)
397 http fetch GET 200 https://registry.npmjs.org/humps/-/humps-2.0.1.tgz 1877ms (cache miss)
398 http fetch GET 200 https://registry.npmjs.org/@szmarczak/http-timer/-/http-timer-4.0.6.tgz 1933ms (cache miss)
399 http fetch GET 200 https://registry.npmjs.org/mimic-response/-/mimic-response-3.1.0.tgz 1962ms (cache miss)
400 http fetch GET 200 https://registry.npmjs.org/@types/cacheable-request/-/cacheable-request-6.0.3.tgz 2188ms (cache miss)
401 http fetch GET 200 https://registry.npmjs.org/lodash-es/-/lodash-es-4.17.21.tgz 2877ms (cache miss)
402 http fetch GET 200 https://registry.npmjs.org/express 1100ms (cache revalidated)
403 silly packumentCache corgi:https://registry.npmjs.org/express set size:320817 disposed:false
404 silly packumentCache corgi:https://registry.npmjs.org/express-async-errors cache-miss
405 silly packumentCache corgi:https://registry.npmjs.org/express-rate-limit cache-miss
406 silly packumentCache corgi:https://registry.npmjs.org/swagger-ui-express cache-miss
407 http fetch GET 200 https://registry.npmjs.org/axios/-/axios-0.28.1.tgz 2964ms (cache miss)
408 http fetch GET 200 https://registry.npmjs.org/express-rate-limit 665ms (cache revalidated)
409 silly packumentCache corgi:https://registry.npmjs.org/express-rate-limit set size:152936 disposed:false
410 http fetch GET 200 https://registry.npmjs.org/ably/-/ably-1.2.50.tgz 3622ms (cache miss)
411 http fetch GET 200 https://registry.npmjs.org/express-async-errors 763ms (cache revalidated)
412 silly packumentCache corgi:https://registry.npmjs.org/express-async-errors set size:7888 disposed:false
413 http fetch GET 200 https://registry.npmjs.org/@magicbell/core/-/core-5.1.0.tgz 4107ms (cache miss)
414 http fetch GET 200 https://registry.npmjs.org/dayjs/-/dayjs-1.11.13.tgz 4199ms (cache miss)
415 http fetch GET 200 https://registry.npmjs.org/swagger-ui-express 1590ms (cache revalidated)
416 silly packumentCache corgi:https://registry.npmjs.org/swagger-ui-express set size:64910 disposed:false
417 silly ADD node_modules/end-of-stream
418 silly ADD node_modules/json-buffer
419 silly ADD node_modules/resolve-alpn
420 silly ADD node_modules/quick-lru
421 silly ADD node_modules/pump
422 silly ADD node_modules/mimic-response
423 silly ADD node_modules/normalize-url
424 silly ADD node_modules/keyv
425 silly ADD node_modules/http-cache-semantics
426 silly ADD node_modules/get-stream
427 silly ADD node_modules/clone-response
428 silly ADD node_modules/@types/keyv
429 silly ADD node_modules/@types/http-cache-semantics
430 silly ADD node_modules/defer-to-connect
431 silly ADD node_modules/responselike
432 silly ADD node_modules/p-cancelable
433 silly ADD node_modules/lowercase-keys
434 silly ADD node_modules/http2-wrapper
435 silly ADD node_modules/decompress-response
436 silly ADD node_modules/decompress-response/node_modules/mimic-response
437 silly ADD node_modules/cacheable-request
438 silly ADD node_modules/cacheable-lookup
439 silly ADD node_modules/@types/responselike
440 silly ADD node_modules/@types/cacheable-request
441 silly ADD node_modules/@szmarczak/http-timer
442 silly ADD node_modules/@sindresorhus/is
443 silly ADD node_modules/to-utf8
444 silly ADD node_modules/bops
445 silly ADD node_modules/bops/node_modules/base64-js
446 silly ADD node_modules/got
447 silly ADD node_modules/@ably/msgpack-js
448 silly ADD node_modules/@types/trusted-types
449 silly ADD node_modules/pluralize
450 silly ADD node_modules/mitt
451 silly ADD node_modules/lodash-es
452 silly ADD node_modules/humps
453 silly ADD node_modules/dompurify
454 silly ADD node_modules/dayjs
455 silly ADD node_modules/@magicbell/core
456 silly ADD node_modules/@magicbell/core/node_modules/form-data
457 silly ADD node_modules/@magicbell/core/node_modules/axios
458 silly ADD node_modules/@magicbell/core/node_modules/ably
459 silly ADD
460 silly ADD
461 silly ADD
462 silly ADD
463 silly ADD
464 silly ADD
465 silly ADD
466 silly ADD
467 silly ADD
468 silly ADD
469 silly ADD
470 silly ADD
471 silly ADD
472 silly ADD
473 silly ADD
474 silly ADD
475 silly ADD
476 silly ADD
477 silly ADD
478 silly ADD
479 silly ADD
480 silly ADD
481 silly ADD
482 silly ADD
483 silly ADD
484 silly ADD
485 silly ADD
486 silly ADD
487 silly ADD
488 silly ADD
489 silly ADD
490 silly ADD
491 silly ADD
492 silly ADD
493 silly ADD
494 silly ADD
495 silly ADD
496 silly ADD
497 silly ADD
498 silly ADD
499 verbose cwd C:\Users\eymer\OneDrive\Bureau\julien-site-web-3\server
500 verbose os Windows_NT 10.0.22631
501 verbose node v20.17.0
502 verbose npm  v10.8.2
503 verbose exit 0
504 info ok
