0 verbose cli C:\Program Files\nodejs\node.exe C:\Program Files\nodejs\node_modules\npm\bin\npm-cli.js
1 info using npm@10.8.2
2 info using node@v20.17.0
3 silly config load:file:C:\Program Files\nodejs\node_modules\npm\npmrc
4 silly config load:file:C:\Users\eymer\OneDrive\Bureau\julien-site-web-2\server\.npmrc
5 silly config load:file:C:\Users\eymer\.npmrc
6 silly config load:file:C:\Users\eymer\AppData\Roaming\npm\etc\npmrc
7 verbose title npm list axios
8 verbose argv "list" "axios"
9 verbose logfile logs-max:10 dir:C:\Users\eymer\OneDrive\Bureau\julien-site-web-2\server\npm-cache\_logs\2024-11-27T20_24_17_090Z-
10 verbose logfile C:\Users\eymer\OneDrive\Bureau\julien-site-web-2\server\npm-cache\_logs\2024-11-27T20_24_17_090Z-debug-0.log
11 silly packumentCache heap:2197815296 maxSize:549453824 maxEntrySize:274726912
12 silly logfile start cleaning logs, removing 1 files
13 silly logfile done cleaning log files
14 verbose cwd C:\Users\eymer\OneDrive\Bureau\julien-site-web-2\server
15 verbose os Windows_NT 10.0.22631
16 verbose node v20.17.0
17 verbose npm  v10.8.2
18 verbose exit 0
19 info ok
