0 verbose cli C:\Program Files\nodejs\node.exe C:\Program Files\nodejs\node_modules\npm\bin\npm-cli.js
1 info using npm@10.8.2
2 info using node@v20.17.0
3 silly config load:file:C:\Program Files\nodejs\node_modules\npm\npmrc
4 silly config load:file:C:\Users\eymer\OneDrive\Bureau\julien-site-web\server\.npmrc
5 silly config load:file:C:\Users\eymer\.npmrc
6 silly config load:file:C:\Users\eymer\AppData\Roaming\npm\etc\npmrc
7 verbose title npm install socket.io socket.io-client
8 verbose argv "install" "socket.io" "socket.io-client"
9 verbose logfile logs-max:10 dir:C:\Users\eymer\OneDrive\Bureau\julien-site-web\server\npm-cache\_logs\2024-10-25T08_29_27_282Z-
10 verbose logfile C:\Users\eymer\OneDrive\Bureau\julien-site-web\server\npm-cache\_logs\2024-10-25T08_29_27_282Z-debug-0.log
11 silly packumentCache heap:2197815296 maxSize:549453824 maxEntrySize:274726912
12 silly logfile start cleaning logs, removing 1 files
13 silly logfile done cleaning log files
14 silly idealTree buildDeps
15 silly fetch manifest socket.io@*
16 silly packumentCache full:https://registry.npmjs.org/socket.io cache-miss
17 http fetch GET 200 https://registry.npmjs.org/socket.io 245ms (cache miss)
18 silly packumentCache full:https://registry.npmjs.org/socket.io set size:undefined disposed:false
19 silly fetch manifest socket.io-client@*
20 silly packumentCache full:https://registry.npmjs.org/socket.io-client cache-miss
21 http fetch GET 200 https://registry.npmjs.org/socket.io-client 45ms (cache miss)
22 silly packumentCache full:https://registry.npmjs.org/socket.io-client set size:undefined disposed:false
23 silly placeDep ROOT socket.io@4.8.1 OK for: server@1.0.0 want: *
24 silly placeDep ROOT socket.io-client@4.8.1 OK for: server@1.0.0 want: *
25 silly fetch manifest base64id@~2.0.0
26 silly packumentCache full:https://registry.npmjs.org/base64id cache-miss
27 silly fetch manifest debug@~4.3.2
28 silly packumentCache full:https://registry.npmjs.org/debug cache-miss
29 silly fetch manifest engine.io@~6.6.0
30 silly packumentCache full:https://registry.npmjs.org/engine.io cache-miss
31 silly fetch manifest socket.io-adapter@~2.5.2
32 silly packumentCache full:https://registry.npmjs.org/socket.io-adapter cache-miss
33 silly fetch manifest socket.io-parser@~4.2.4
34 silly packumentCache full:https://registry.npmjs.org/socket.io-parser cache-miss
35 silly fetch manifest @socket.io/component-emitter@~3.1.0
36 silly packumentCache full:https://registry.npmjs.org/@socket.io%2fcomponent-emitter cache-miss
37 silly fetch manifest debug@~4.3.2
38 silly packumentCache full:https://registry.npmjs.org/debug cache-miss
39 http fetch GET 200 https://registry.npmjs.org/base64id 62ms (cache miss)
40 silly packumentCache full:https://registry.npmjs.org/base64id set size:undefined disposed:false
41 silly fetch manifest engine.io-client@~6.6.1
42 silly packumentCache full:https://registry.npmjs.org/engine.io-client cache-miss
43 http fetch GET 200 https://registry.npmjs.org/socket.io-adapter 117ms (cache miss)
44 silly packumentCache full:https://registry.npmjs.org/socket.io-adapter set size:undefined disposed:false
45 silly fetch manifest socket.io-parser@~4.2.4
46 silly packumentCache full:https://registry.npmjs.org/socket.io-parser cache-miss
47 http fetch GET 200 https://registry.npmjs.org/socket.io-parser 118ms (cache miss)
48 silly packumentCache full:https://registry.npmjs.org/socket.io-parser set size:undefined disposed:false
49 http fetch GET 200 https://registry.npmjs.org/engine.io-client 64ms (cache miss)
50 silly packumentCache full:https://registry.npmjs.org/engine.io-client set size:undefined disposed:false
51 http fetch GET 200 https://registry.npmjs.org/@socket.io%2fcomponent-emitter 132ms (cache miss)
52 silly packumentCache full:https://registry.npmjs.org/@socket.io%2fcomponent-emitter set size:undefined disposed:false
53 http fetch GET 200 https://registry.npmjs.org/debug 136ms (cache miss)
54 silly packumentCache full:https://registry.npmjs.org/debug set size:undefined disposed:false
55 http fetch GET 200 https://registry.npmjs.org/debug 137ms (cache miss)
56 silly packumentCache full:https://registry.npmjs.org/debug set size:undefined disposed:false
57 http fetch GET 200 https://registry.npmjs.org/socket.io-parser 33ms (cache hit)
58 silly packumentCache full:https://registry.npmjs.org/socket.io-parser set size:117471 disposed:false
59 http fetch GET 200 https://registry.npmjs.org/engine.io 154ms (cache miss)
60 silly packumentCache full:https://registry.npmjs.org/engine.io set size:undefined disposed:false
61 silly placeDep ROOT base64id@2.0.0 OK for: socket.io@4.8.1 want: ~2.0.0
62 silly placeDep node_modules/socket.io debug@4.3.7 OK for: socket.io@4.8.1 want: ~4.3.2
63 silly placeDep ROOT engine.io@6.6.2 OK for: socket.io@4.8.1 want: ~6.6.0
64 silly placeDep ROOT socket.io-adapter@2.5.5 OK for: socket.io@4.8.1 want: ~2.5.2
65 silly placeDep ROOT socket.io-parser@4.2.4 OK for: socket.io@4.8.1 want: ~4.2.4
66 silly fetch manifest ms@^2.1.3
67 silly packumentCache full:https://registry.npmjs.org/ms cache-miss
68 silly fetch manifest @types/cookie@^0.4.1
69 silly packumentCache full:https://registry.npmjs.org/@types%2fcookie cache-miss
70 silly fetch manifest @types/cors@^2.8.12
71 silly packumentCache full:https://registry.npmjs.org/@types%2fcors cache-miss
72 silly fetch manifest cookie@~0.7.2
73 silly packumentCache full:https://registry.npmjs.org/cookie cache-miss
74 silly fetch manifest debug@~4.3.1
75 silly packumentCache full:https://registry.npmjs.org/debug cache-miss
76 silly fetch manifest engine.io-parser@~5.2.1
77 silly packumentCache full:https://registry.npmjs.org/engine.io-parser cache-miss
78 silly fetch manifest debug@~4.3.4
79 silly packumentCache full:https://registry.npmjs.org/debug cache-miss
80 http fetch GET 200 https://registry.npmjs.org/debug 13ms (cache hit)
81 silly packumentCache full:https://registry.npmjs.org/debug set size:188929 disposed:false
82 http fetch GET 200 https://registry.npmjs.org/debug 16ms (cache hit)
83 silly packumentCache full:https://registry.npmjs.org/debug set size:188929 disposed:false
84 silly packumentCache full:https://registry.npmjs.org/debug dispose
85 http fetch GET 200 https://registry.npmjs.org/cookie 55ms (cache miss)
86 silly packumentCache full:https://registry.npmjs.org/cookie set size:undefined disposed:false
87 http fetch GET 200 https://registry.npmjs.org/@types%2fcookie 61ms (cache miss)
88 silly packumentCache full:https://registry.npmjs.org/@types%2fcookie set size:undefined disposed:false
89 http fetch GET 200 https://registry.npmjs.org/ms 64ms (cache miss)
90 silly packumentCache full:https://registry.npmjs.org/ms set size:undefined disposed:false
91 http fetch GET 200 https://registry.npmjs.org/engine.io-parser 78ms (cache miss)
92 silly packumentCache full:https://registry.npmjs.org/engine.io-parser set size:undefined disposed:false
93 http fetch GET 200 https://registry.npmjs.org/@types%2fcors 82ms (cache miss)
94 silly packumentCache full:https://registry.npmjs.org/@types%2fcors set size:undefined disposed:false
95 silly placeDep ROOT @types/cookie@0.4.1 OK for: engine.io@6.6.2 want: ^0.4.1
96 silly placeDep ROOT @types/cors@2.8.17 OK for: engine.io@6.6.2 want: ^2.8.12
97 silly placeDep node_modules/engine.io cookie@0.7.2 OK for: engine.io@6.6.2 want: ~0.7.2
98 silly placeDep node_modules/engine.io debug@4.3.7 OK for: engine.io@6.6.2 want: ~4.3.1
99 silly placeDep ROOT engine.io-parser@5.2.3 OK for: engine.io@6.6.2 want: ~5.2.1
100 silly placeDep node_modules/socket.io-adapter debug@4.3.7 OK for: socket.io-adapter@2.5.5 want: ~4.3.4
101 silly placeDep ROOT @socket.io/component-emitter@3.1.2 OK for: socket.io-client@4.8.1 want: ~3.1.0
102 silly placeDep node_modules/socket.io-client debug@4.3.7 OK for: socket.io-client@4.8.1 want: ~4.3.2
103 silly placeDep ROOT engine.io-client@6.6.2 OK for: socket.io-client@4.8.1 want: ~6.6.1
104 silly fetch manifest xmlhttprequest-ssl@~2.1.1
105 silly packumentCache full:https://registry.npmjs.org/xmlhttprequest-ssl cache-miss
106 http fetch GET 200 https://registry.npmjs.org/xmlhttprequest-ssl 33ms (cache miss)
107 silly packumentCache full:https://registry.npmjs.org/xmlhttprequest-ssl set size:undefined disposed:false
108 silly placeDep node_modules/engine.io-client debug@4.3.7 OK for: engine.io-client@6.6.2 want: ~4.3.1
109 silly placeDep ROOT xmlhttprequest-ssl@2.1.2 OK for: engine.io-client@6.6.2 want: ~2.1.1
110 silly placeDep node_modules/socket.io-parser debug@4.3.7 OK for: socket.io-parser@4.2.4 want: ~4.3.1
111 silly placeDep node_modules/engine.io-client ms@2.1.3 OK for: debug@4.3.7 want: ^2.1.3
112 silly placeDep node_modules/engine.io ms@2.1.3 OK for: debug@4.3.7 want: ^2.1.3
113 silly placeDep node_modules/socket.io-adapter ms@2.1.3 OK for: debug@4.3.7 want: ^2.1.3
114 silly placeDep node_modules/socket.io-client ms@2.1.3 OK for: debug@4.3.7 want: ^2.1.3
115 silly placeDep node_modules/socket.io-parser ms@2.1.3 OK for: debug@4.3.7 want: ^2.1.3
116 silly placeDep node_modules/socket.io ms@2.1.3 OK for: debug@4.3.7 want: ^2.1.3
117 silly reify moves {}
118 silly audit bulk request {
118 silly audit   '@adraffy/ens-normalize': [ '1.10.1', '1.11.0' ],
118 silly audit   '@apimatic/authentication-adapters': [ '0.5.5' ],
118 silly audit   '@apimatic/axios-client-adapter': [ '0.3.6' ],
118 silly audit   'form-data': [ '3.0.2', '4.0.1' ],
118 silly audit   '@apimatic/convert-to-stream': [ '0.1.3', '0.0.2' ],
118 silly audit   '@apimatic/core': [ '0.10.15' ],
118 silly audit   '@apimatic/core-interfaces': [ '0.2.7' ],
118 silly audit   '@apimatic/file-wrapper': [ '0.3.3' ],
118 silly audit   '@apimatic/http-headers': [ '0.3.3' ],
118 silly audit   '@apimatic/http-query': [ '0.3.3' ],
118 silly audit   '@apimatic/json-bigint': [ '1.2.0' ],
118 silly audit   '@apimatic/oauth-adapters': [ '0.4.7' ],
118 silly audit   '@apimatic/schema': [ '0.7.13' ],
118 silly audit   '@coinbase/coinbase-sdk': [ '0.9.1' ],
118 silly audit   '@esbuild/aix-ppc64': [ '0.21.5' ],
118 silly audit   '@esbuild/android-arm': [ '0.21.5' ],
118 silly audit   '@esbuild/android-arm64': [ '0.21.5' ],
118 silly audit   '@esbuild/android-x64': [ '0.21.5' ],
118 silly audit   '@esbuild/darwin-arm64': [ '0.21.5' ],
118 silly audit   '@esbuild/darwin-x64': [ '0.21.5' ],
118 silly audit   '@esbuild/freebsd-arm64': [ '0.21.5' ],
118 silly audit   '@esbuild/freebsd-x64': [ '0.21.5' ],
118 silly audit   '@esbuild/linux-arm': [ '0.21.5' ],
118 silly audit   '@esbuild/linux-arm64': [ '0.21.5' ],
118 silly audit   '@esbuild/linux-ia32': [ '0.21.5' ],
118 silly audit   '@esbuild/linux-loong64': [ '0.21.5' ],
118 silly audit   '@esbuild/linux-mips64el': [ '0.21.5' ],
118 silly audit   '@esbuild/linux-ppc64': [ '0.21.5' ],
118 silly audit   '@esbuild/linux-riscv64': [ '0.21.5' ],
118 silly audit   '@esbuild/linux-s390x': [ '0.21.5' ],
118 silly audit   '@esbuild/linux-x64': [ '0.21.5' ],
118 silly audit   '@esbuild/netbsd-x64': [ '0.21.5' ],
118 silly audit   '@esbuild/openbsd-x64': [ '0.21.5' ],
118 silly audit   '@esbuild/sunos-x64': [ '0.21.5' ],
118 silly audit   '@esbuild/win32-arm64': [ '0.21.5' ],
118 silly audit   '@esbuild/win32-ia32': [ '0.21.5' ],
118 silly audit   '@esbuild/win32-x64': [ '0.21.5' ],
118 silly audit   '@mapbox/node-pre-gyp': [ '1.0.11' ],
118 silly audit   'node-fetch': [ '2.7.0', '3.3.2' ],
118 silly audit   tr46: [ '0.0.3', '4.1.1' ],
118 silly audit   'webidl-conversions': [ '3.0.1', '7.0.0' ],
118 silly audit   'whatwg-url': [ '5.0.0', '13.0.0' ],
118 silly audit   '@mongodb-js/saslprep': [ '1.1.9' ],
118 silly audit   '@noble/curves': [ '1.6.0', '1.2.0' ],
118 silly audit   '@noble/hashes': [ '1.5.0', '1.3.2' ],
118 silly audit   '@paypal/checkout-server-sdk': [ '1.0.3' ],
118 silly audit   '@paypal/paypal-server-sdk': [ '0.6.0' ],
118 silly audit   '@paypal/paypalhttp': [ '1.0.1' ],
118 silly audit   '@rollup/rollup-android-arm-eabi': [ '4.24.0' ],
118 silly audit   '@rollup/rollup-android-arm64': [ '4.24.0' ],
118 silly audit   '@rollup/rollup-darwin-arm64': [ '4.24.0' ],
118 silly audit   '@rollup/rollup-darwin-x64': [ '4.24.0' ],
118 silly audit   '@rollup/rollup-linux-arm-gnueabihf': [ '4.24.0' ],
118 silly audit   '@rollup/rollup-linux-arm-musleabihf': [ '4.24.0' ],
118 silly audit   '@rollup/rollup-linux-arm64-gnu': [ '4.24.0' ],
118 silly audit   '@rollup/rollup-linux-arm64-musl': [ '4.24.0' ],
118 silly audit   '@rollup/rollup-linux-powerpc64le-gnu': [ '4.24.0' ],
118 silly audit   '@rollup/rollup-linux-riscv64-gnu': [ '4.24.0' ],
118 silly audit   '@rollup/rollup-linux-s390x-gnu': [ '4.24.0' ],
118 silly audit   '@rollup/rollup-linux-x64-gnu': [ '4.24.0' ],
118 silly audit   '@rollup/rollup-linux-x64-musl': [ '4.24.0' ],
118 silly audit   '@rollup/rollup-win32-arm64-msvc': [ '4.24.0' ],
118 silly audit   '@rollup/rollup-win32-ia32-msvc': [ '4.24.0' ],
118 silly audit   '@rollup/rollup-win32-x64-msvc': [ '4.24.0' ],
118 silly audit   '@scure/base': [ '1.1.9' ],
118 silly audit   '@scure/bip32': [ '1.5.0' ],
118 silly audit   '@scure/bip39': [ '1.4.0' ],
118 silly audit   '@types/estree': [ '1.0.6' ],
118 silly audit   '@types/node': [ '22.7.7', '22.7.5' ],
118 silly audit   '@types/webidl-conversions': [ '7.0.3' ],
118 silly audit   '@types/whatwg-url': [ '11.0.5' ],
118 silly audit   abbrev: [ '1.1.1' ],
118 silly audit   abitype: [ '1.0.6' ],
118 silly audit   accepts: [ '1.3.8' ],
118 silly audit   'aes-js': [ '4.0.0-beta.5' ],
118 silly audit   'agent-base': [ '6.0.2' ],
118 silly audit   debug: [ '4.3.7', '2.6.9' ],
118 silly audit   ms: [ '2.1.3', '2.0.0' ],
118 silly audit   'ansi-regex': [ '5.0.1' ],
118 silly audit   anymatch: [ '3.1.3' ],
118 silly audit   'append-field': [ '1.0.0' ],
118 silly audit   aproba: [ '2.0.0' ],
118 silly audit   'are-we-there-yet': [ '2.0.0' ],
118 silly audit   argparse: [ '1.0.10' ],
118 silly audit   'array-flatten': [ '1.1.1' ],
118 silly audit   asynckit: [ '0.4.0' ],
118 silly audit   axios: [ '1.7.7' ],
118 silly audit   'axios-mock-adapter': [ '1.22.0' ],
118 silly audit   'axios-retry': [ '4.5.0' ],
118 silly audit   'balanced-match': [ '1.0.2' ],
118 silly audit   'base-x': [ '3.0.10' ],
118 silly audit   'base64-js': [ '1.5.1' ],
118 silly audit   base64url: [ '3.0.1' ],
118 silly audit   'basic-auth': [ '2.0.1' ],
118 silly audit   'safe-buffer': [ '5.1.2', '5.2.1' ],
118 silly audit   bcrypt: [ '5.1.1' ],
118 silly audit   bcryptjs: [ '2.4.3' ],
118 silly audit   'binary-extensions': [ '2.3.0' ],
118 silly audit   bip32: [ '4.0.0' ],
118 silly audit   bip39: [ '3.1.0' ],
118 silly audit   'bn.js': [ '4.12.0' ],
118 silly audit   'body-parser': [ '1.20.3' ],
118 silly audit   'brace-expansion': [ '1.1.11' ],
118 silly audit   braces: [ '3.0.3' ],
118 silly audit   brorand: [ '1.1.0' ],
118 silly audit   bs58: [ '4.0.1' ],
118 silly audit   bs58check: [ '2.1.2' ],
118 silly audit   bson: [ '6.8.0' ],
118 silly audit   buffer: [ '6.0.3' ],
118 silly audit   'buffer-equal-constant-time': [ '1.0.1' ],
118 silly audit   'buffer-from': [ '1.1.2' ],
118 silly audit   busboy: [ '1.6.0' ],
118 silly audit   bytes: [ '3.1.2' ],
118 silly audit   'call-bind': [ '1.0.7' ],
118 silly audit   chokidar: [ '3.6.0' ],
118 silly audit   chownr: [ '2.0.0' ],
118 silly audit   'cipher-base': [ '1.0.4' ],
118 silly audit   'color-support': [ '1.1.3' ],
118 silly audit   'combined-stream': [ '1.0.8' ],
118 silly audit   'concat-map': [ '0.0.1' ],
118 silly audit   'concat-stream': [ '1.6.2' ],
118 silly audit   'readable-stream': [ '2.3.8', '3.6.2' ],
118 silly audit   string_decoder: [ '1.1.1', '1.3.0' ],
118 silly audit   'console-control-strings': [ '1.1.0' ],
118 silly audit   'content-disposition': [ '0.5.4' ],
118 silly audit   'content-type': [ '1.0.5' ],
118 silly audit   cookie: [ '0.7.1', '0.7.2' ],
118 silly audit   'cookie-signature': [ '1.0.6' ],
118 silly audit   'core-util-is': [ '1.0.3' ],
118 silly audit   cors: [ '2.8.5' ],
118 silly audit   'create-hash': [ '1.2.0' ],
118 silly audit   'data-uri-to-buffer': [ '4.0.1' ],
118 silly audit   'decimal.js': [ '10.4.3' ],
118 silly audit   'define-data-property': [ '1.1.4' ],
118 silly audit   'delayed-stream': [ '1.0.0' ],
118 silly audit   delegates: [ '1.0.0' ],
118 silly audit   depd: [ '2.0.0' ],
118 silly audit   destroy: [ '1.2.0' ],
118 silly audit   'detect-browser': [ '5.3.0' ],
118 silly audit   'detect-libc': [ '2.0.3' ],
118 silly audit   'detect-node': [ '2.1.0' ],
118 silly audit   dotenv: [ '16.4.5' ],
118 silly audit   'ecdsa-sig-formatter': [ '1.0.11' ],
118 silly audit   'ee-first': [ '1.1.1' ],
118 silly audit   elliptic: [ '6.5.7' ],
118 silly audit   'emoji-regex': [ '8.0.0' ],
118 silly audit   encodeurl: [ '2.0.0', '1.0.2' ],
118 silly audit   'es-define-property': [ '1.0.0' ],
118 silly audit   'es-errors': [ '1.3.0' ],
118 silly audit   'es6-promise': [ '4.2.8' ],
118 silly audit   esbuild: [ '0.21.5' ],
118 silly audit   'escape-html': [ '1.0.3' ],
118 silly audit   etag: [ '1.8.1' ],
118 silly audit   ethers: [ '6.13.4' ],
118 silly audit   express: [ '4.21.1' ],
118 silly audit   'express-async-errors': [ '3.1.1' ],
118 silly audit   'express-mongo-sanitize': [ '2.2.0' ],
118 silly audit   'express-rate-limit': [ '7.4.1' ],
118 silly audit   'fast-deep-equal': [ '3.1.3' ],
118 silly audit   'fetch-blob': [ '3.2.0' ],
118 silly audit   'fill-range': [ '7.1.1' ],
118 silly audit   finalhandler: [ '1.3.1' ],
118 silly audit   'follow-redirects': [ '1.15.9' ],
118 silly audit   'formdata-polyfill': [ '4.0.10' ],
118 silly audit   forwarded: [ '0.2.0' ],
118 silly audit   fresh: [ '0.5.2' ],
118 silly audit   'fs-minipass': [ '2.1.0' ],
118 silly audit   minipass: [ '3.3.6', '5.0.0' ],
118 silly audit   'fs.realpath': [ '1.0.0' ],
118 silly audit   fsevents: [ '2.3.3' ],
118 silly audit   'function-bind': [ '1.1.2' ],
118 silly audit   gauge: [ '3.0.2' ],
118 silly audit   'get-intrinsic': [ '1.2.4' ],
118 silly audit   glob: [ '7.2.3' ],
118 silly audit   'glob-parent': [ '5.1.2' ],
118 silly audit   gopd: [ '1.0.1' ],
118 silly audit   'has-flag': [ '3.0.0' ],
118 silly audit   'has-property-descriptors': [ '1.0.2' ],
118 silly audit   'has-proto': [ '1.0.3' ],
118 silly audit   'has-symbols': [ '1.0.3' ],
118 silly audit   'has-unicode': [ '2.0.1' ],
118 silly audit   'hash-base': [ '3.1.0' ],
118 silly audit   'hash.js': [ '1.1.7' ],
118 silly audit   hasown: [ '2.0.2' ],
118 silly audit   helmet: [ '8.0.0' ],
118 silly audit   'hmac-drbg': [ '1.0.1' ],
118 silly audit   'http-errors': [ '2.0.0' ],
118 silly audit   'http-status-codes': [ '2.3.0' ],
118 silly audit   'https-proxy-agent': [ '5.0.1' ],
118 silly audit   'iconv-lite': [ '0.4.24' ],
118 silly audit   ieee754: [ '1.2.1' ],
118 silly audit   'ignore-by-default': [ '1.0.1' ],
118 silly audit   inflight: [ '1.0.6' ],
118 silly audit   inherits: [ '2.0.4' ],
118 silly audit   'ipaddr.js': [ '1.9.1' ],
118 silly audit   'is-binary-path': [ '2.1.0' ],
118 silly audit   'is-buffer': [ '2.0.5' ],
118 silly audit   'is-extglob': [ '2.1.1' ],
118 silly audit   'is-fullwidth-code-point': [ '3.0.0' ],
118 silly audit   'is-glob': [ '4.0.3' ],
118 silly audit   'is-number': [ '7.0.0' ],
118 silly audit   'is-retry-allowed': [ '2.2.0' ],
118 silly audit   isarray: [ '1.0.0' ],
118 silly audit   isows: [ '1.0.6' ],
118 silly audit   'json-ptr': [ '3.1.1' ],
118 silly audit   jsonwebtoken: [ '9.0.2' ],
118 silly audit   jwa: [ '1.4.1' ],
118 silly audit   jws: [ '3.2.2' ],
118 silly audit   kareem: [ '2.6.3' ],
118 silly audit   lodash: [ '4.17.21' ],
118 silly audit   'lodash.defaultsdeep': [ '4.6.1' ],
118 silly audit   'lodash.flatmap': [ '4.5.0' ],
118 silly audit   'lodash.includes': [ '4.3.0' ],
118 silly audit   'lodash.isboolean': [ '3.0.3' ],
118 silly audit   'lodash.isinteger': [ '4.0.4' ],
118 silly audit   'lodash.isnumber': [ '3.0.3' ],
118 silly audit   'lodash.isplainobject': [ '4.0.6' ],
118 silly audit   'lodash.isstring': [ '4.0.1' ],
118 silly audit   'lodash.once': [ '4.1.1' ],
118 silly audit   long: [ '5.2.3' ],
118 silly audit   'make-dir': [ '3.1.0' ],
118 silly audit   semver: [ '6.3.1', '7.6.3' ],
118 silly audit   'md5.js': [ '1.3.5' ],
118 silly audit   'media-typer': [ '0.3.0' ],
118 silly audit   'memory-pager': [ '1.5.0' ],
118 silly audit   'merge-descriptors': [ '1.0.3' ],
118 silly audit   methods: [ '1.1.2' ],
118 silly audit   mime: [ '1.6.0' ],
118 silly audit   'mime-db': [ '1.52.0' ],
118 silly audit   'mime-types': [ '2.1.35' ],
118 silly audit   'minimalistic-assert': [ '1.0.1' ],
118 silly audit   'minimalistic-crypto-utils': [ '1.0.1' ],
118 silly audit   minimatch: [ '3.1.2' ],
118 silly audit   minimist: [ '1.2.8' ],
118 silly audit   minizlib: [ '2.1.2' ],
118 silly audit   mkdirp: [ '1.0.4', '0.5.6' ],
118 silly audit   mongodb: [ '6.9.0' ],
118 silly audit   'mongodb-connection-string-url': [ '3.0.1' ],
118 silly audit   mongoose: [ '8.7.1' ],
118 silly audit   morgan: [ '1.10.0' ],
118 silly audit   'on-finished': [ '2.3.0', '2.4.1' ],
118 silly audit   mpath: [ '0.9.0' ],
118 silly audit   mquery: [ '5.0.0' ],
118 silly audit   multer: [ '1.4.5-lts.1' ],
118 silly audit   nanoid: [ '3.3.7' ],
118 silly audit   negotiator: [ '0.6.3' ],
118 silly audit   'node-addon-api': [ '5.1.0' ],
118 silly audit   'node-domexception': [ '1.0.0' ],
118 silly audit   'node-forge': [ '1.3.1' ],
118 silly audit   'node-gyp-build': [ '4.8.2' ],
118 silly audit   'node-jose': [ '2.2.0' ],
118 silly audit   nodemailer: [ '6.9.15' ],
118 silly audit   nodemon: [ '3.1.7' ],
118 silly audit   nopt: [ '5.0.0' ],
118 silly audit   'normalize-path': [ '3.0.0' ],
118 silly audit   npmlog: [ '5.0.1' ],
118 silly audit   'object-assign': [ '4.1.1' ],
118 silly audit   'object-inspect': [ '1.13.2' ],
118 silly audit   'on-headers': [ '1.0.2' ],
118 silly audit   once: [ '1.4.0' ],
118 silly audit   pako: [ '2.1.0' ],
118 silly audit   parseurl: [ '1.3.3' ],
118 silly audit   'path-is-absolute': [ '1.0.1' ],
118 silly audit   'path-to-regexp': [ '0.1.10' ],
118 silly audit   picocolors: [ '1.1.0' ],
118 silly audit   picomatch: [ '2.3.1' ],
118 silly audit   postcss: [ '8.4.47' ],
118 silly audit   process: [ '0.11.10' ],
118 silly audit   'process-nextick-args': [ '2.0.1' ],
118 silly audit   'proxy-addr': [ '2.0.7' ],
118 silly audit   'proxy-from-env': [ '1.1.0' ],
118 silly audit   'pstree.remy': [ '1.1.8' ],
118 silly audit   punycode: [ '2.3.1' ],
118 silly audit   qs: [ '6.13.0' ],
118 silly audit   'range-parser': [ '1.2.1' ],
118 silly audit   'raw-body': [ '2.5.2' ],
118 silly audit   readdirp: [ '3.6.0' ],
118 silly audit   rimraf: [ '3.0.2' ],
118 silly audit   ripemd160: [ '2.0.2' ],
118 silly audit   rollup: [ '4.24.0' ],
118 silly audit   'safer-buffer': [ '2.1.2' ],
118 silly audit   secp256k1: [ '5.0.1' ],
118 silly audit   send: [ '0.19.0' ],
118 silly audit   'serve-static': [ '1.16.2' ],
118 silly audit   'set-blocking': [ '2.0.0' ],
118 silly audit   'set-function-length': [ '1.2.2' ],
118 silly audit   setprototypeof: [ '1.2.0' ],
118 silly audit   'sha.js': [ '2.4.11' ],
118 silly audit   'side-channel': [ '1.0.6' ],
118 silly audit   sift: [ '17.1.3' ],
118 silly audit   'signal-exit': [ '3.0.7' ],
118 silly audit   'simple-update-notifier': [ '2.0.0' ],
118 silly audit   'source-map-js': [ '1.2.1' ],
118 silly audit   'sparse-bitfield': [ '3.0.3' ],
118 silly audit   'sprintf-js': [ '1.0.3' ],
118 silly audit   statuses: [ '2.0.1' ],
118 silly audit   streamsearch: [ '1.1.0' ],
118 silly audit   'string-width': [ '4.2.3' ],
118 silly audit   'strip-ansi': [ '6.0.1' ],
118 silly audit   stripe: [ '17.2.1' ],
118 silly audit   'supports-color': [ '5.5.0' ],
118 silly audit   'swagger-ui-dist': [ '5.17.14' ],
118 silly audit   'swagger-ui-express': [ '5.0.1' ],
118 silly audit   tar: [ '6.2.1' ],
118 silly audit   'tiny-warning': [ '1.0.3' ],
118 silly audit   'to-regex-range': [ '5.0.1' ],
118 silly audit   toidentifier: [ '1.0.1' ],
118 silly audit   touch: [ '3.1.1' ],
118 silly audit   tslib: [ '2.7.0' ],
118 silly audit   'type-is': [ '1.6.18' ],
118 silly audit   typedarray: [ '0.0.6' ],
118 silly audit   typeforce: [ '1.18.0' ],
118 silly audit   undefsafe: [ '2.0.5' ],
118 silly audit   'undici-types': [ '6.19.8' ],
118 silly audit   unpipe: [ '1.0.0' ],
118 silly audit   'util-deprecate': [ '1.0.2' ],
118 silly audit   'utils-merge': [ '1.0.1' ],
118 silly audit   uuid: [ '9.0.1' ],
118 silly audit   vary: [ '1.1.2' ],
118 silly audit   viem: [ '2.21.32' ],
118 silly audit   ws: [ '8.18.0', '8.17.1' ],
118 silly audit   vite: [ '5.4.9' ],
118 silly audit   'web-streams-polyfill': [ '3.3.3' ],
118 silly audit   'webauthn-p256': [ '0.0.10' ],
118 silly audit   'wide-align': [ '1.1.5' ],
118 silly audit   wif: [ '2.0.6' ],
118 silly audit   wrappy: [ '1.0.2' ],
118 silly audit   xtend: [ '4.0.2' ],
118 silly audit   yallist: [ '4.0.0' ],
118 silly audit   yamljs: [ '0.3.0' ],
118 silly audit   zod: [ '3.23.8' ],
118 silly audit   'socket.io': [ '4.8.1' ],
118 silly audit   'socket.io-client': [ '4.8.1' ],
118 silly audit   base64id: [ '2.0.0' ],
118 silly audit   'engine.io': [ '6.6.2' ],
118 silly audit   'socket.io-adapter': [ '2.5.5' ],
118 silly audit   'socket.io-parser': [ '4.2.4' ],
118 silly audit   '@types/cookie': [ '0.4.1' ],
118 silly audit   '@types/cors': [ '2.8.17' ],
118 silly audit   'engine.io-parser': [ '5.2.3' ],
118 silly audit   '@socket.io/component-emitter': [ '3.1.2' ],
118 silly audit   'engine.io-client': [ '6.6.2' ],
118 silly audit   'xmlhttprequest-ssl': [ '2.1.2' ]
118 silly audit }
119 verbose reify failed optional dependency C:\Users\eymer\OneDrive\Bureau\julien-site-web\server\node_modules\fsevents
120 silly reify mark deleted [
120 silly reify   'C:\\Users\\eymer\\OneDrive\\Bureau\\julien-site-web\\server\\node_modules\\fsevents'
120 silly reify ]
121 verbose reify failed optional dependency C:\Users\eymer\OneDrive\Bureau\julien-site-web\server\node_modules\@rollup\rollup-win32-ia32-msvc
122 silly reify mark deleted [
122 silly reify   'C:\\Users\\eymer\\OneDrive\\Bureau\\julien-site-web\\server\\node_modules\\@rollup\\rollup-win32-ia32-msvc'
122 silly reify ]
123 verbose reify failed optional dependency C:\Users\eymer\OneDrive\Bureau\julien-site-web\server\node_modules\@rollup\rollup-win32-arm64-msvc
124 silly reify mark deleted [
124 silly reify   'C:\\Users\\eymer\\OneDrive\\Bureau\\julien-site-web\\server\\node_modules\\@rollup\\rollup-win32-arm64-msvc'
124 silly reify ]
125 verbose reify failed optional dependency C:\Users\eymer\OneDrive\Bureau\julien-site-web\server\node_modules\@rollup\rollup-linux-x64-musl
126 silly reify mark deleted [
126 silly reify   'C:\\Users\\eymer\\OneDrive\\Bureau\\julien-site-web\\server\\node_modules\\@rollup\\rollup-linux-x64-musl'
126 silly reify ]
127 verbose reify failed optional dependency C:\Users\eymer\OneDrive\Bureau\julien-site-web\server\node_modules\@rollup\rollup-linux-x64-gnu
128 silly reify mark deleted [
128 silly reify   'C:\\Users\\eymer\\OneDrive\\Bureau\\julien-site-web\\server\\node_modules\\@rollup\\rollup-linux-x64-gnu'
128 silly reify ]
129 verbose reify failed optional dependency C:\Users\eymer\OneDrive\Bureau\julien-site-web\server\node_modules\@rollup\rollup-linux-s390x-gnu
130 silly reify mark deleted [
130 silly reify   'C:\\Users\\eymer\\OneDrive\\Bureau\\julien-site-web\\server\\node_modules\\@rollup\\rollup-linux-s390x-gnu'
130 silly reify ]
131 verbose reify failed optional dependency C:\Users\eymer\OneDrive\Bureau\julien-site-web\server\node_modules\@rollup\rollup-linux-riscv64-gnu
132 silly reify mark deleted [
132 silly reify   'C:\\Users\\eymer\\OneDrive\\Bureau\\julien-site-web\\server\\node_modules\\@rollup\\rollup-linux-riscv64-gnu'
132 silly reify ]
133 verbose reify failed optional dependency C:\Users\eymer\OneDrive\Bureau\julien-site-web\server\node_modules\@rollup\rollup-linux-powerpc64le-gnu
134 silly reify mark deleted [
134 silly reify   'C:\\Users\\eymer\\OneDrive\\Bureau\\julien-site-web\\server\\node_modules\\@rollup\\rollup-linux-powerpc64le-gnu'
134 silly reify ]
135 verbose reify failed optional dependency C:\Users\eymer\OneDrive\Bureau\julien-site-web\server\node_modules\@rollup\rollup-linux-arm64-musl
136 silly reify mark deleted [
136 silly reify   'C:\\Users\\eymer\\OneDrive\\Bureau\\julien-site-web\\server\\node_modules\\@rollup\\rollup-linux-arm64-musl'
136 silly reify ]
137 verbose reify failed optional dependency C:\Users\eymer\OneDrive\Bureau\julien-site-web\server\node_modules\@rollup\rollup-linux-arm64-gnu
138 silly reify mark deleted [
138 silly reify   'C:\\Users\\eymer\\OneDrive\\Bureau\\julien-site-web\\server\\node_modules\\@rollup\\rollup-linux-arm64-gnu'
138 silly reify ]
139 verbose reify failed optional dependency C:\Users\eymer\OneDrive\Bureau\julien-site-web\server\node_modules\@rollup\rollup-linux-arm-musleabihf
140 silly reify mark deleted [
140 silly reify   'C:\\Users\\eymer\\OneDrive\\Bureau\\julien-site-web\\server\\node_modules\\@rollup\\rollup-linux-arm-musleabihf'
140 silly reify ]
141 verbose reify failed optional dependency C:\Users\eymer\OneDrive\Bureau\julien-site-web\server\node_modules\@rollup\rollup-linux-arm-gnueabihf
142 silly reify mark deleted [
142 silly reify   'C:\\Users\\eymer\\OneDrive\\Bureau\\julien-site-web\\server\\node_modules\\@rollup\\rollup-linux-arm-gnueabihf'
142 silly reify ]
143 verbose reify failed optional dependency C:\Users\eymer\OneDrive\Bureau\julien-site-web\server\node_modules\@rollup\rollup-darwin-x64
144 silly reify mark deleted [
144 silly reify   'C:\\Users\\eymer\\OneDrive\\Bureau\\julien-site-web\\server\\node_modules\\@rollup\\rollup-darwin-x64'
144 silly reify ]
145 verbose reify failed optional dependency C:\Users\eymer\OneDrive\Bureau\julien-site-web\server\node_modules\@rollup\rollup-darwin-arm64
146 silly reify mark deleted [
146 silly reify   'C:\\Users\\eymer\\OneDrive\\Bureau\\julien-site-web\\server\\node_modules\\@rollup\\rollup-darwin-arm64'
146 silly reify ]
147 verbose reify failed optional dependency C:\Users\eymer\OneDrive\Bureau\julien-site-web\server\node_modules\@rollup\rollup-android-arm64
148 silly reify mark deleted [
148 silly reify   'C:\\Users\\eymer\\OneDrive\\Bureau\\julien-site-web\\server\\node_modules\\@rollup\\rollup-android-arm64'
148 silly reify ]
149 verbose reify failed optional dependency C:\Users\eymer\OneDrive\Bureau\julien-site-web\server\node_modules\@rollup\rollup-android-arm-eabi
150 silly reify mark deleted [
150 silly reify   'C:\\Users\\eymer\\OneDrive\\Bureau\\julien-site-web\\server\\node_modules\\@rollup\\rollup-android-arm-eabi'
150 silly reify ]
151 verbose reify failed optional dependency C:\Users\eymer\OneDrive\Bureau\julien-site-web\server\node_modules\@esbuild\win32-ia32
152 silly reify mark deleted [
152 silly reify   'C:\\Users\\eymer\\OneDrive\\Bureau\\julien-site-web\\server\\node_modules\\@esbuild\\win32-ia32'
152 silly reify ]
153 verbose reify failed optional dependency C:\Users\eymer\OneDrive\Bureau\julien-site-web\server\node_modules\@esbuild\win32-arm64
154 silly reify mark deleted [
154 silly reify   'C:\\Users\\eymer\\OneDrive\\Bureau\\julien-site-web\\server\\node_modules\\@esbuild\\win32-arm64'
154 silly reify ]
155 verbose reify failed optional dependency C:\Users\eymer\OneDrive\Bureau\julien-site-web\server\node_modules\@esbuild\sunos-x64
156 silly reify mark deleted [
156 silly reify   'C:\\Users\\eymer\\OneDrive\\Bureau\\julien-site-web\\server\\node_modules\\@esbuild\\sunos-x64'
156 silly reify ]
157 verbose reify failed optional dependency C:\Users\eymer\OneDrive\Bureau\julien-site-web\server\node_modules\@esbuild\openbsd-x64
158 silly reify mark deleted [
158 silly reify   'C:\\Users\\eymer\\OneDrive\\Bureau\\julien-site-web\\server\\node_modules\\@esbuild\\openbsd-x64'
158 silly reify ]
159 verbose reify failed optional dependency C:\Users\eymer\OneDrive\Bureau\julien-site-web\server\node_modules\@esbuild\netbsd-x64
160 silly reify mark deleted [
160 silly reify   'C:\\Users\\eymer\\OneDrive\\Bureau\\julien-site-web\\server\\node_modules\\@esbuild\\netbsd-x64'
160 silly reify ]
161 verbose reify failed optional dependency C:\Users\eymer\OneDrive\Bureau\julien-site-web\server\node_modules\@esbuild\linux-x64
162 silly reify mark deleted [
162 silly reify   'C:\\Users\\eymer\\OneDrive\\Bureau\\julien-site-web\\server\\node_modules\\@esbuild\\linux-x64'
162 silly reify ]
163 verbose reify failed optional dependency C:\Users\eymer\OneDrive\Bureau\julien-site-web\server\node_modules\@esbuild\linux-s390x
164 silly reify mark deleted [
164 silly reify   'C:\\Users\\eymer\\OneDrive\\Bureau\\julien-site-web\\server\\node_modules\\@esbuild\\linux-s390x'
164 silly reify ]
165 verbose reify failed optional dependency C:\Users\eymer\OneDrive\Bureau\julien-site-web\server\node_modules\@esbuild\linux-riscv64
166 silly reify mark deleted [
166 silly reify   'C:\\Users\\eymer\\OneDrive\\Bureau\\julien-site-web\\server\\node_modules\\@esbuild\\linux-riscv64'
166 silly reify ]
167 verbose reify failed optional dependency C:\Users\eymer\OneDrive\Bureau\julien-site-web\server\node_modules\@esbuild\linux-ppc64
168 silly reify mark deleted [
168 silly reify   'C:\\Users\\eymer\\OneDrive\\Bureau\\julien-site-web\\server\\node_modules\\@esbuild\\linux-ppc64'
168 silly reify ]
169 verbose reify failed optional dependency C:\Users\eymer\OneDrive\Bureau\julien-site-web\server\node_modules\@esbuild\linux-mips64el
170 silly reify mark deleted [
170 silly reify   'C:\\Users\\eymer\\OneDrive\\Bureau\\julien-site-web\\server\\node_modules\\@esbuild\\linux-mips64el'
170 silly reify ]
171 verbose reify failed optional dependency C:\Users\eymer\OneDrive\Bureau\julien-site-web\server\node_modules\@esbuild\linux-loong64
172 silly reify mark deleted [
172 silly reify   'C:\\Users\\eymer\\OneDrive\\Bureau\\julien-site-web\\server\\node_modules\\@esbuild\\linux-loong64'
172 silly reify ]
173 verbose reify failed optional dependency C:\Users\eymer\OneDrive\Bureau\julien-site-web\server\node_modules\@esbuild\linux-ia32
174 silly reify mark deleted [
174 silly reify   'C:\\Users\\eymer\\OneDrive\\Bureau\\julien-site-web\\server\\node_modules\\@esbuild\\linux-ia32'
174 silly reify ]
175 verbose reify failed optional dependency C:\Users\eymer\OneDrive\Bureau\julien-site-web\server\node_modules\@esbuild\linux-arm64
176 silly reify mark deleted [
176 silly reify   'C:\\Users\\eymer\\OneDrive\\Bureau\\julien-site-web\\server\\node_modules\\@esbuild\\linux-arm64'
176 silly reify ]
177 verbose reify failed optional dependency C:\Users\eymer\OneDrive\Bureau\julien-site-web\server\node_modules\@esbuild\linux-arm
178 silly reify mark deleted [
178 silly reify   'C:\\Users\\eymer\\OneDrive\\Bureau\\julien-site-web\\server\\node_modules\\@esbuild\\linux-arm'
178 silly reify ]
179 verbose reify failed optional dependency C:\Users\eymer\OneDrive\Bureau\julien-site-web\server\node_modules\@esbuild\freebsd-x64
180 silly reify mark deleted [
180 silly reify   'C:\\Users\\eymer\\OneDrive\\Bureau\\julien-site-web\\server\\node_modules\\@esbuild\\freebsd-x64'
180 silly reify ]
181 verbose reify failed optional dependency C:\Users\eymer\OneDrive\Bureau\julien-site-web\server\node_modules\@esbuild\freebsd-arm64
182 silly reify mark deleted [
182 silly reify   'C:\\Users\\eymer\\OneDrive\\Bureau\\julien-site-web\\server\\node_modules\\@esbuild\\freebsd-arm64'
182 silly reify ]
183 verbose reify failed optional dependency C:\Users\eymer\OneDrive\Bureau\julien-site-web\server\node_modules\@esbuild\darwin-x64
184 silly reify mark deleted [
184 silly reify   'C:\\Users\\eymer\\OneDrive\\Bureau\\julien-site-web\\server\\node_modules\\@esbuild\\darwin-x64'
184 silly reify ]
185 verbose reify failed optional dependency C:\Users\eymer\OneDrive\Bureau\julien-site-web\server\node_modules\@esbuild\darwin-arm64
186 silly reify mark deleted [
186 silly reify   'C:\\Users\\eymer\\OneDrive\\Bureau\\julien-site-web\\server\\node_modules\\@esbuild\\darwin-arm64'
186 silly reify ]
187 verbose reify failed optional dependency C:\Users\eymer\OneDrive\Bureau\julien-site-web\server\node_modules\@esbuild\android-x64
188 silly reify mark deleted [
188 silly reify   'C:\\Users\\eymer\\OneDrive\\Bureau\\julien-site-web\\server\\node_modules\\@esbuild\\android-x64'
188 silly reify ]
189 verbose reify failed optional dependency C:\Users\eymer\OneDrive\Bureau\julien-site-web\server\node_modules\@esbuild\android-arm64
190 silly reify mark deleted [
190 silly reify   'C:\\Users\\eymer\\OneDrive\\Bureau\\julien-site-web\\server\\node_modules\\@esbuild\\android-arm64'
190 silly reify ]
191 verbose reify failed optional dependency C:\Users\eymer\OneDrive\Bureau\julien-site-web\server\node_modules\@esbuild\android-arm
192 silly reify mark deleted [
192 silly reify   'C:\\Users\\eymer\\OneDrive\\Bureau\\julien-site-web\\server\\node_modules\\@esbuild\\android-arm'
192 silly reify ]
193 verbose reify failed optional dependency C:\Users\eymer\OneDrive\Bureau\julien-site-web\server\node_modules\@esbuild\aix-ppc64
194 silly reify mark deleted [
194 silly reify   'C:\\Users\\eymer\\OneDrive\\Bureau\\julien-site-web\\server\\node_modules\\@esbuild\\aix-ppc64'
194 silly reify ]
195 silly tarball no local data for xmlhttprequest-ssl@https://registry.npmjs.org/xmlhttprequest-ssl/-/xmlhttprequest-ssl-2.1.2.tgz. Extracting by manifest.
196 silly tarball no local data for engine.io-client@https://registry.npmjs.org/engine.io-client/-/engine.io-client-6.6.2.tgz. Extracting by manifest.
197 silly tarball no local data for @socket.io/component-emitter@https://registry.npmjs.org/@socket.io/component-emitter/-/component-emitter-3.1.2.tgz. Extracting by manifest.
198 silly tarball no local data for engine.io-parser@https://registry.npmjs.org/engine.io-parser/-/engine.io-parser-5.2.3.tgz. Extracting by manifest.
199 silly tarball no local data for @types/cookie@https://registry.npmjs.org/@types/cookie/-/cookie-0.4.1.tgz. Extracting by manifest.
200 silly tarball no local data for @types/cors@https://registry.npmjs.org/@types/cors/-/cors-2.8.17.tgz. Extracting by manifest.
201 silly tarball no local data for engine.io@https://registry.npmjs.org/engine.io/-/engine.io-6.6.2.tgz. Extracting by manifest.
202 silly tarball no local data for base64id@https://registry.npmjs.org/base64id/-/base64id-2.0.0.tgz. Extracting by manifest.
203 silly tarball no local data for socket.io-parser@https://registry.npmjs.org/socket.io-parser/-/socket.io-parser-4.2.4.tgz. Extracting by manifest.
204 silly tarball no local data for socket.io-adapter@https://registry.npmjs.org/socket.io-adapter/-/socket.io-adapter-2.5.5.tgz. Extracting by manifest.
205 silly tarball no local data for socket.io-client@https://registry.npmjs.org/socket.io-client/-/socket.io-client-4.8.1.tgz. Extracting by manifest.
206 silly tarball no local data for socket.io@https://registry.npmjs.org/socket.io/-/socket.io-4.8.1.tgz. Extracting by manifest.
207 silly tarball no local data for cookie@https://registry.npmjs.org/cookie/-/cookie-0.7.2.tgz. Extracting by manifest.
208 http fetch GET 200 https://registry.npmjs.org/@types/cors/-/cors-2.8.17.tgz 155ms (cache miss)
209 http fetch GET 200 https://registry.npmjs.org/@types/cookie/-/cookie-0.4.1.tgz 157ms (cache miss)
210 http fetch GET 200 https://registry.npmjs.org/xmlhttprequest-ssl/-/xmlhttprequest-ssl-2.1.2.tgz 175ms (cache miss)
211 http fetch POST 200 https://registry.npmjs.org/-/npm/v1/security/advisories/bulk 197ms
212 silly audit report {
212 silly audit report   elliptic: [
212 silly audit report     {
212 silly audit report       id: 1100186,
212 silly audit report       url: 'https://github.com/advisories/GHSA-fc9h-whq2-v747',
212 silly audit report       title: 'Valid ECDSA signatures erroneously rejected in Elliptic',
212 silly audit report       severity: 'low',
212 silly audit report       vulnerable_versions: '<=6.5.7',
212 silly audit report       cwe: [Array],
212 silly audit report       cvss: [Object]
212 silly audit report     }
212 silly audit report   ]
212 silly audit report }
213 silly packumentCache corgi:https://registry.npmjs.org/elliptic cache-miss
214 http fetch GET 200 https://registry.npmjs.org/base64id/-/base64id-2.0.0.tgz 210ms (cache miss)
215 http fetch GET 200 https://registry.npmjs.org/@socket.io/component-emitter/-/component-emitter-3.1.2.tgz 225ms (cache miss)
216 http fetch GET 200 https://registry.npmjs.org/cookie/-/cookie-0.7.2.tgz 218ms (cache miss)
217 http fetch GET 200 https://registry.npmjs.org/socket.io-adapter/-/socket.io-adapter-2.5.5.tgz 242ms (cache miss)
218 http fetch GET 200 https://registry.npmjs.org/elliptic 77ms (cache revalidated)
219 silly packumentCache corgi:https://registry.npmjs.org/elliptic set size:64999 disposed:false
220 silly packumentCache corgi:https://registry.npmjs.org/secp256k1 cache-miss
221 http fetch GET 200 https://registry.npmjs.org/socket.io-parser/-/socket.io-parser-4.2.4.tgz 298ms (cache miss)
222 http fetch GET 200 https://registry.npmjs.org/engine.io-parser/-/engine.io-parser-5.2.3.tgz 317ms (cache miss)
223 http fetch GET 200 https://registry.npmjs.org/secp256k1 61ms (cache revalidated)
224 silly packumentCache corgi:https://registry.npmjs.org/secp256k1 set size:65099 disposed:false
225 silly packumentCache corgi:https://registry.npmjs.org/@coinbase%2fcoinbase-sdk cache-miss
226 http fetch GET 200 https://registry.npmjs.org/engine.io/-/engine.io-6.6.2.tgz 345ms (cache miss)
227 http fetch GET 200 https://registry.npmjs.org/socket.io/-/socket.io-4.8.1.tgz 382ms (cache miss)
228 http fetch GET 200 https://registry.npmjs.org/socket.io-client/-/socket.io-client-4.8.1.tgz 426ms (cache miss)
229 http fetch GET 200 https://registry.npmjs.org/engine.io-client/-/engine.io-client-6.6.2.tgz 473ms (cache miss)
230 http fetch GET 200 https://registry.npmjs.org/@coinbase%2fcoinbase-sdk 1096ms (cache revalidated)
231 silly packumentCache corgi:https://registry.npmjs.org/@coinbase%2fcoinbase-sdk set size:36965 disposed:false
232 silly ADD node_modules/xmlhttprequest-ssl
233 silly ADD node_modules/engine.io-client
234 silly ADD node_modules/engine.io-client/node_modules/ms
235 silly ADD node_modules/engine.io-client/node_modules/debug
236 silly ADD node_modules/@socket.io/component-emitter
237 silly ADD node_modules/engine.io-parser
238 silly ADD node_modules/@types/cors
239 silly ADD node_modules/@types/cookie
240 silly ADD node_modules/socket.io-parser
241 silly ADD node_modules/socket.io-parser/node_modules/ms
242 silly ADD node_modules/socket.io-parser/node_modules/debug
243 silly ADD node_modules/socket.io-adapter
244 silly ADD node_modules/socket.io-adapter/node_modules/ms
245 silly ADD node_modules/socket.io-adapter/node_modules/debug
246 silly ADD node_modules/engine.io
247 silly ADD node_modules/engine.io/node_modules/ms
248 silly ADD node_modules/engine.io/node_modules/debug
249 silly ADD node_modules/engine.io/node_modules/cookie
250 silly ADD node_modules/base64id
251 silly ADD node_modules/socket.io-client
252 silly ADD node_modules/socket.io-client/node_modules/ms
253 silly ADD node_modules/socket.io-client/node_modules/debug
254 silly ADD node_modules/socket.io
255 silly ADD node_modules/socket.io/node_modules/ms
256 silly ADD node_modules/socket.io/node_modules/debug
257 silly ADD
258 silly ADD
259 silly ADD
260 silly ADD
261 silly ADD
262 silly ADD
263 silly ADD
264 silly ADD
265 silly ADD
266 silly ADD
267 silly ADD
268 silly ADD
269 silly ADD
270 silly ADD
271 silly ADD
272 silly ADD
273 silly ADD
274 silly ADD
275 silly ADD
276 silly ADD
277 silly ADD
278 silly ADD
279 silly ADD
280 silly ADD
281 silly ADD
282 silly ADD
283 silly ADD
284 silly ADD
285 silly ADD
286 silly ADD
287 silly ADD
288 silly ADD
289 silly ADD
290 silly ADD
291 silly ADD
292 silly ADD
293 silly ADD
294 silly ADD
295 verbose cwd C:\Users\eymer\OneDrive\Bureau\julien-site-web\server
296 verbose os Windows_NT 10.0.22631
297 verbose node v20.17.0
298 verbose npm  v10.8.2
299 verbose exit 0
300 info ok
