0 verbose cli C:\Program Files\nodejs\node.exe C:\Program Files\nodejs\node_modules\npm\bin\npm-cli.js
1 info using npm@10.8.2
2 info using node@v20.17.0
3 silly config load:file:C:\Program Files\nodejs\node_modules\npm\npmrc
4 silly config load:file:c:\Users\eymer\OneDrive\Bureau\julien-site-web\server\.npmrc
5 silly config load:file:C:\Users\eymer\.npmrc
6 silly config load:file:C:\Users\eymer\AppData\Roaming\npm\etc\npmrc
7 verbose title npm view express-rate-limit description dist-tags.latest homepage version time
8 verbose argv "view" "--json" "--" "express-rate-limit" "description" "dist-tags.latest" "homepage" "version" "time"
9 verbose logfile logs-max:10 dir:c:\Users\eymer\OneDrive\Bureau\julien-site-web\server\npm-cache\_logs\2024-10-25T12_43_11_225Z-
10 verbose logfile c:\Users\eymer\OneDrive\Bureau\julien-site-web\server\npm-cache\_logs\2024-10-25T12_43_11_225Z-debug-0.log
11 silly logfile start cleaning logs, removing 1 files
12 silly logfile done cleaning log files
13 http fetch GET 200 https://registry.npmjs.org/express-rate-limit 304ms (cache miss)
14 verbose cwd c:\Users\eymer\OneDrive\Bureau\julien-site-web\server
15 verbose os Windows_NT 10.0.22631
16 verbose node v20.17.0
17 verbose npm  v10.8.2
18 verbose exit 0
19 info ok
